#
# There is insufficient memory for the Java Runtime Environment to continue.
# Native memory allocation (mmap) failed to map 67108864 bytes for committing reserved memory.
# Possible reasons:
#   The system is out of physical RAM or swap space
#   In 32 bit mode, the process size limit was hit
# Possible solutions:
#   Reduce memory load on the system
#   Increase physical memory or swap space
#   Check if swap backing store is full
#   Use 64 bit Java on a 64 bit OS
#   Decrease Java heap size (-Xmx/-Xms)
#   Decrease number of Java threads
#   Decrease Java thread stack sizes (-Xss)
#   Set larger code cache with -XX:ReservedCodeCacheSize=
# This output file may be truncated or incomplete.
#
#  Out of Memory Error (os_linux.cpp:2673), pid=1242, tid=139663706973952
#
# JRE version: Java(TM) SE Runtime Environment (8.0_40-b25) (build 1.8.0_40-b25)
# Java VM: Java HotSpot(TM) 64-Bit Server VM (25.40-b25 mixed mode linux-amd64 compressed oops)
# Failed to write core dump. Core dumps have been disabled. To enable core dumping, try "ulimit -c unlimited" before starting Java again
#

---------------  T H R E A D  ---------------

Current thread (0x00007f061013f000):  VMThread [stack: 0x00007f05fd946000,0x00007f05fda47000] [id=1250]

Stack: [0x00007f05fd946000,0x00007f05fda47000],  sp=0x00007f05fda45060,  free space=1020k
Native frames: (J=compiled Java code, j=interpreted, Vv=VM code, C=native code)
V  [libjvm.so+0xaaca9a]  VMError::report_and_die()+0x2ba
V  [libjvm.so+0x4f333b]  report_vm_out_of_memory(char const*, int, unsigned long, VMErrorType, char const*)+0x8b
V  [libjvm.so+0x90e8c3]  os::Linux::commit_memory_impl(char*, unsigned long, bool)+0x103
V  [libjvm.so+0x90ee19]  os::pd_commit_memory(char*, unsigned long, unsigned long, bool)+0x29
V  [libjvm.so+0x90877a]  os::commit_memory(char*, unsigned long, unsigned long, bool)+0x2a
V  [libjvm.so+0x97bbc3]  PSVirtualSpace::expand_by(unsigned long)+0x53
V  [libjvm.so+0x96c420]  PSOldGen::expand(unsigned long)+0x170
V  [libjvm.so+0x96c62b]  PSOldGen::resize(unsigned long)+0x1cb
V  [libjvm.so+0x974341]  PSParallelCompact::invoke_no_policy(bool)+0x9d1
V  [libjvm.so+0x979ced]  PSScavenge::invoke()+0x1ad
V  [libjvm.so+0x932150]  ParallelScavengeHeap::failed_mem_allocate(unsigned long)+0x70
V  [libjvm.so+0xaae2d7]  VM_ParallelGCFailedAllocation::doit()+0x97
V  [libjvm.so+0xab5ac5]  VM_Operation::evaluate()+0x55
V  [libjvm.so+0xab3e9a]  VMThread::evaluate_operation(VM_Operation*)+0xba
V  [libjvm.so+0xab421e]  VMThread::loop()+0x1ce
V  [libjvm.so+0xab4690]  VMThread::run()+0x70
V  [libjvm.so+0x910ee8]  java_start(Thread*)+0x108

VM_Operation (0x00007f06176b5ec0): ParallelGCFailedAllocation, mode: safepoint, requested by thread 0x00007f061000a000


---------------  P R O C E S S  ---------------

Java Threads: ( => current thread )
  0x00007f0610188000 JavaThread "Service Thread" daemon [_thread_blocked, id=1257, stack(0x00007f05fca2c000,0x00007f05fcb2d000)]
  0x00007f0610183000 JavaThread "C1 CompilerThread2" daemon [_thread_blocked, id=1256, stack(0x00007f05fcb2d000,0x00007f05fcc2e000)]
  0x00007f0610181000 JavaThread "C2 CompilerThread1" daemon [_thread_blocked, id=1255, stack(0x00007f05fcc2e000,0x00007f05fcd2f000)]
  0x00007f061017e800 JavaThread "C2 CompilerThread0" daemon [_thread_blocked, id=1254, stack(0x00007f05fcd2f000,0x00007f05fce30000)]
  0x00007f061017d000 JavaThread "Signal Dispatcher" daemon [_thread_blocked, id=1253, stack(0x00007f05fce30000,0x00007f05fcf31000)]
  0x00007f0610146000 JavaThread "Finalizer" daemon [_thread_blocked, id=1252, stack(0x00007f05fd744000,0x00007f05fd845000)]
  0x00007f0610144000 JavaThread "Reference Handler" daemon [_thread_blocked, id=1251, stack(0x00007f05fd845000,0x00007f05fd946000)]
  0x00007f061000a000 JavaThread "main" [_thread_blocked, id=1245, stack(0x00007f06175b8000,0x00007f06176b9000)]

Other Threads:
=>0x00007f061013f000 VMThread [stack: 0x00007f05fd946000,0x00007f05fda47000] [id=1250]
  0x00007f061018a800 WatcherThread [stack: 0x00007f05fc92b000,0x00007f05fca2c000] [id=1258]

VM state:at safepoint (normal execution)

VM Mutex/Monitor currently owned by a thread:  ([mutex/lock_event])
[0x00007f0610005d30] ExpandHeap_lock - owner thread: 0x00007f061013f000
[0x00007f06100063b0] Threads_lock - owner thread: 0x00007f061013f000
[0x00007f06100068b0] Heap_lock - owner thread: 0x00007f061000a000

Heap:
 PSYoungGen      total 145408K, used 7647K [0x00000000f0000000, 0x00000000fee80000, 0x0000000100000000)
  eden space 124416K, 0% used [0x00000000f0000000,0x00000000f0000000,0x00000000f7980000)
  from space 20992K, 36% used [0x00000000f7980000,0x00000000f80f7f40,0x00000000f8e00000)
  to   space 31744K, 0% used [0x00000000fcf80000,0x00000000fcf80000,0x00000000fee80000)
 ParOldGen       total 55808K, used 55698K [0x00000000d0000000, 0x00000000d3680000, 0x00000000f0000000)
  object space 55808K, 99% used [0x00000000d0000000,0x00000000d3664a00,0x00000000d3680000)
 Metaspace       used 48590K, capacity 48828K, committed 49024K, reserved 1089536K
  class space    used 9495K, capacity 9558K, committed 9600K, reserved 1048576K

Card table byte_map: [0x00007f0614214000,0x00007f0614395000] byte_map_base: 0x00007f0613b94000

Marking Bits: (ParMarkBitMap*) 0x00007f0616a926c0
 Begin Bits: [0x00007f05ff4fd000, 0x00007f06000fd000)
 End Bits:   [0x00007f06000fd000, 0x00007f0600cfd000)

Polling page: 0x00007f06176d9000

CodeCache: size=245760Kb used=18098Kb max_used=18541Kb free=227662Kb
 bounds [0x00007f0601000000, 0x00007f0602250000, 0x00007f0610000000]
 total_blobs=6204 nmethods=5760 adapters=352
 compilation: enabled

Compilation events (10 events):
Event: 41,440 Thread 0x00007f0610183000 6704       3       scala.collection.convert.Wrappers$JSetWrapper::thisCollection (5 bytes)
Event: 41,441 Thread 0x00007f0610183000 nmethod 6704 0x00007f0601685ed0 code [0x00007f0601686040, 0x00007f06016862d0]
Event: 41,441 Thread 0x00007f0610183000 6699       3       java.util.LinkedHashMap$LinkedKeySet::iterator (12 bytes)
Event: 41,448 Thread 0x00007f0610183000 nmethod 6699 0x00007f060157ec50 code [0x00007f060157edc0, 0x00007f060157f0d0]
Event: 41,448 Thread 0x00007f0610183000 6701       3       scala.collection.convert.WrapAsScala$class::asScalaSet (34 bytes)
Event: 41,449 Thread 0x00007f0610183000 nmethod 6701 0x00007f06012cced0 code [0x00007f06012cd080, 0x00007f06012cd638]
Event: 41,834 Thread 0x00007f061017e800 nmethod 6671 0x00007f06013c1690 code [0x00007f06013c1ae0, 0x00007f06013c3830]
Event: 41,834 Thread 0x00007f061017e800 6696       4       sbt.MRelation::$plus (57 bytes)
Event: 41,958 Thread 0x00007f0610181000 nmethod 6667 0x00007f06017de450 code [0x00007f06017de880, 0x00007f06017e06a8]
Event: 41,958 Thread 0x00007f0610181000 6705       4       sbt.complete.SeqParser::derive (126 bytes)

GC Heap History (10 events):
Event: 17,496 GC heap after
Heap after GC invocations=7 (full 1):
 PSYoungGen      total 104448K, used 7099K [0x00000000f0000000, 0x00000000f7400000, 0x0000000100000000)
  eden space 96256K, 0% used [0x00000000f0000000,0x00000000f0000000,0x00000000f5e00000)
  from space 8192K, 86% used [0x00000000f6c00000,0x00000000f72eeca0,0x00000000f7400000)
  to   space 11264K, 0% used [0x00000000f5e00000,0x00000000f5e00000,0x00000000f6900000)
 ParOldGen       total 36864K, used 14343K [0x00000000d0000000, 0x00000000d2400000, 0x00000000f0000000)
  object space 36864K, 38% used [0x00000000d0000000,0x00000000d0e01e08,0x00000000d2400000)
 Metaspace       used 35111K, capacity 35316K, committed 35456K, reserved 1079296K
  class space    used 6376K, capacity 6438K, committed 6528K, reserved 1048576K
}
Event: 17,498 GC heap before
{Heap before GC invocations=8 (full 2):
 PSYoungGen      total 104448K, used 7099K [0x00000000f0000000, 0x00000000f7400000, 0x0000000100000000)
  eden space 96256K, 0% used [0x00000000f0000000,0x00000000f0000000,0x00000000f5e00000)
  from space 8192K, 86% used [0x00000000f6c00000,0x00000000f72eeca0,0x00000000f7400000)
  to   space 11264K, 0% used [0x00000000f5e00000,0x00000000f5e00000,0x00000000f6900000)
 ParOldGen       total 36864K, used 14343K [0x00000000d0000000, 0x00000000d2400000, 0x00000000f0000000)
  object space 36864K, 38% used [0x00000000d0000000,0x00000000d0e01e08,0x00000000d2400000)
 Metaspace       used 35111K, capacity 35316K, committed 35456K, reserved 1079296K
  class space    used 6376K, capacity 6438K, committed 6528K, reserved 1048576K
Event: 17,749 GC heap after
Heap after GC invocations=8 (full 2):
 PSYoungGen      total 104448K, used 0K [0x00000000f0000000, 0x00000000f7400000, 0x0000000100000000)
  eden space 96256K, 0% used [0x00000000f0000000,0x00000000f0000000,0x00000000f5e00000)
  from space 8192K, 0% used [0x00000000f6c00000,0x00000000f6c00000,0x00000000f7400000)
  to   space 11264K, 0% used [0x00000000f5e00000,0x00000000f5e00000,0x00000000f6900000)
 ParOldGen       total 55808K, used 10525K [0x00000000d0000000, 0x00000000d3680000, 0x00000000f0000000)
  object space 55808K, 18% used [0x00000000d0000000,0x00000000d0a47710,0x00000000d3680000)
 Metaspace       used 35111K, capacity 35316K, committed 35456K, reserved 1079296K
  class space    used 6376K, capacity 6438K, committed 6528K, reserved 1048576K
}
Event: 24,218 GC heap before
{Heap before GC invocations=9 (full 2):
 PSYoungGen      total 104448K, used 96256K [0x00000000f0000000, 0x00000000f7400000, 0x0000000100000000)
  eden space 96256K, 100% used [0x00000000f0000000,0x00000000f5e00000,0x00000000f5e00000)
  from space 8192K, 0% used [0x00000000f6c00000,0x00000000f6c00000,0x00000000f7400000)
  to   space 11264K, 0% used [0x00000000f5e00000,0x00000000f5e00000,0x00000000f6900000)
 ParOldGen       total 55808K, used 10525K [0x00000000d0000000, 0x00000000d3680000, 0x00000000f0000000)
  object space 55808K, 18% used [0x00000000d0000000,0x00000000d0a47710,0x00000000d3680000)
 Metaspace       used 39767K, capacity 40028K, committed 40192K, reserved 1081344K
  class space    used 7536K, capacity 7602K, committed 7680K, reserved 1048576K
Event: 24,247 GC heap after
Heap after GC invocations=9 (full 2):
 PSYoungGen      total 107520K, used 7016K [0x00000000f0000000, 0x00000000f9880000, 0x0000000100000000)
  eden space 96256K, 0% used [0x00000000f0000000,0x00000000f0000000,0x00000000f5e00000)
  from space 11264K, 62% used [0x00000000f5e00000,0x00000000f64da0d0,0x00000000f6900000)
  to   space 10752K, 0% used [0x00000000f8e00000,0x00000000f8e00000,0x00000000f9880000)
 ParOldGen       total 55808K, used 10525K [0x00000000d0000000, 0x00000000d3680000, 0x00000000f0000000)
  object space 55808K, 18% used [0x00000000d0000000,0x00000000d0a47710,0x00000000d3680000)
 Metaspace       used 39767K, capacity 40028K, committed 40192K, reserved 1081344K
  class space    used 7536K, capacity 7602K, committed 7680K, reserved 1048576K
}
Event: 26,649 GC heap before
{Heap before GC invocations=10 (full 2):
 PSYoungGen      total 107520K, used 103272K [0x00000000f0000000, 0x00000000f9880000, 0x0000000100000000)
  eden space 96256K, 100% used [0x00000000f0000000,0x00000000f5e00000,0x00000000f5e00000)
  from space 11264K, 62% used [0x00000000f5e00000,0x00000000f64da0d0,0x00000000f6900000)
  to   space 10752K, 0% used [0x00000000f8e00000,0x00000000f8e00000,0x00000000f9880000)
 ParOldGen       total 55808K, used 10525K [0x00000000d0000000, 0x00000000d3680000, 0x00000000f0000000)
  object space 55808K, 18% used [0x00000000d0000000,0x00000000d0a47710,0x00000000d3680000)
 Metaspace       used 41208K, capacity 41468K, committed 41728K, reserved 1083392K
  class space    used 7839K, capacity 7890K, committed 7936K, reserved 1048576K
Event: 27,133 GC heap after
Heap after GC invocations=10 (full 2):
 PSYoungGen      total 135168K, used 10724K [0x00000000f0000000, 0x00000000fcd80000, 0x0000000100000000)
  eden space 124416K, 0% used [0x00000000f0000000,0x00000000f0000000,0x00000000f7980000)
  from space 10752K, 99% used [0x00000000f8e00000,0x00000000f9879090,0x00000000f9880000)
  to   space 20992K, 0% used [0x00000000f7980000,0x00000000f7980000,0x00000000f8e00000)
 ParOldGen       total 55808K, used 31275K [0x00000000d0000000, 0x00000000d3680000, 0x00000000f0000000)
  object space 55808K, 56% used [0x00000000d0000000,0x00000000d1e8af98,0x00000000d3680000)
 Metaspace       used 41208K, capacity 41468K, committed 41728K, reserved 1083392K
  class space    used 7839K, capacity 7890K, committed 7936K, reserved 1048576K
}
Event: 42,017 GC heap before
{Heap before GC invocations=11 (full 2):
 PSYoungGen      total 135168K, used 135140K [0x00000000f0000000, 0x00000000fcd80000, 0x0000000100000000)
  eden space 124416K, 100% used [0x00000000f0000000,0x00000000f7980000,0x00000000f7980000)
  from space 10752K, 99% used [0x00000000f8e00000,0x00000000f9879090,0x00000000f9880000)
  to   space 20992K, 0% used [0x00000000f7980000,0x00000000f7980000,0x00000000f8e00000)
 ParOldGen       total 55808K, used 31275K [0x00000000d0000000, 0x00000000d3680000, 0x00000000f0000000)
  object space 55808K, 56% used [0x00000000d0000000,0x00000000d1e8af98,0x00000000d3680000)
 Metaspace       used 48636K, capacity 48916K, committed 49024K, reserved 1089536K
  class space    used 9502K, capacity 9566K, committed 9600K, reserved 1048576K
Event: 42,930 GC heap after
Heap after GC invocations=11 (full 2):
 PSYoungGen      total 145408K, used 20982K [0x00000000f0000000, 0x00000000fee80000, 0x0000000100000000)
  eden space 124416K, 0% used [0x00000000f0000000,0x00000000f0000000,0x00000000f7980000)
  from space 20992K, 99% used [0x00000000f7980000,0x00000000f8dfd9b8,0x00000000f8e00000)
  to   space 31744K, 0% used [0x00000000fcf80000,0x00000000fcf80000,0x00000000fee80000)
 ParOldGen       total 55808K, used 49467K [0x00000000d0000000, 0x00000000d3680000, 0x00000000f0000000)
  object space 55808K, 88% used [0x00000000d0000000,0x00000000d304ee60,0x00000000d3680000)
 Metaspace       used 48636K, capacity 48916K, committed 49024K, reserved 1089536K
  class space    used 9502K, capacity 9566K, committed 9600K, reserved 1048576K
}
Event: 42,938 GC heap before
{Heap before GC invocations=12 (full 3):
 PSYoungGen      total 145408K, used 20982K [0x00000000f0000000, 0x00000000fee80000, 0x0000000100000000)
  eden space 124416K, 0% used [0x00000000f0000000,0x00000000f0000000,0x00000000f7980000)
  from space 20992K, 99% used [0x00000000f7980000,0x00000000f8dfd9b8,0x00000000f8e00000)
  to   space 31744K, 0% used [0x00000000fcf80000,0x00000000fcf80000,0x00000000fee80000)
 ParOldGen       total 55808K, used 49467K [0x00000000d0000000, 0x00000000d3680000, 0x00000000f0000000)
  object space 55808K, 88% used [0x00000000d0000000,0x00000000d304ee60,0x00000000d3680000)
 Metaspace       used 48636K, capacity 48916K, committed 49024K, reserved 1089536K
  class space    used 9502K, capacity 9566K, committed 9600K, reserved 1048576K

Deoptimization events (10 events):
Event: 38,354 Thread 0x00007f061000a000 Uncommon trap: reason=bimorphic action=maybe_recompile pc=0x00007f0601f65218 method=scala.collection.mutable.HashTable$class.scala$collection$mutable$HashTable$$findEntry0(Lscala/collection/mutable/HashTable;Ljava/lang/Object;I)Lscala/collection/mutable/H
Event: 38,451 Thread 0x00007f061000a000 Uncommon trap: reason=bimorphic action=maybe_recompile pc=0x00007f0601f62fe4 method=scala.collection.mutable.HashTable$class.scala$collection$mutable$HashTable$$findEntry0(Lscala/collection/mutable/HashTable;Ljava/lang/Object;I)Lscala/collection/mutable/H
Event: 38,499 Thread 0x00007f061000a000 Uncommon trap: reason=unstable_if action=reinterpret pc=0x00007f0601fb0434 method=scala.reflect.internal.Symbols$Symbol.needsFlatClasses()Z @ 10
Event: 38,773 Thread 0x00007f061000a000 Uncommon trap: reason=unstable_if action=reinterpret pc=0x00007f06011a3068 method=java.lang.ClassLoader.defineClassSourceLocation(Ljava/security/ProtectionDomain;)Ljava/lang/String; @ 15
Event: 39,553 Thread 0x00007f061000a000 Uncommon trap: reason=class_check action=maybe_recompile pc=0x00007f0601a8ab38 method=sbt.MRelation.$plus(Ljava/lang/Object;Lscala/collection/Traversable;)Lsbt/MRelation; @ 1
Event: 39,553 Thread 0x00007f061000a000 Uncommon trap: reason=class_check action=maybe_recompile pc=0x00007f0601a8ab38 method=sbt.MRelation.$plus(Ljava/lang/Object;Lscala/collection/Traversable;)Lsbt/MRelation; @ 1
Event: 39,554 Thread 0x00007f061000a000 Uncommon trap: reason=class_check action=maybe_recompile pc=0x00007f0601a8ab38 method=sbt.MRelation.$plus(Ljava/lang/Object;Lscala/collection/Traversable;)Lsbt/MRelation; @ 1
Event: 39,554 Thread 0x00007f061000a000 Uncommon trap: reason=class_check action=maybe_recompile pc=0x00007f0601a8ab38 method=sbt.MRelation.$plus(Ljava/lang/Object;Lscala/collection/Traversable;)Lsbt/MRelation; @ 1
Event: 39,774 Thread 0x00007f061000a000 Uncommon trap: reason=class_check action=maybe_recompile pc=0x00007f0601a3f258 method=sbt.ScopeAxis$class.fold(Lsbt/ScopeAxis;Lscala/Function1;Lscala/Function0;Lscala/Function0;)Ljava/lang/Object; @ 106
Event: 39,775 Thread 0x00007f061000a000 Uncommon trap: reason=class_check action=maybe_recompile pc=0x00007f0601a3f258 method=sbt.ScopeAxis$class.fold(Lsbt/ScopeAxis;Lscala/Function1;Lscala/Function0;Lscala/Function0;)Ljava/lang/Object; @ 106

Internal exceptions (10 events):
Event: 21,804 Thread 0x00007f0611012000 Exception <a 'java/io/FileNotFoundException'> (0x00000000f3d3f7f0) thrown at [/HUDSON/workspace/8-2-build-linux-amd64/jdk8u40/2855/hotspot/src/share/vm/prims/jni.cpp, line 709]
Event: 22,360 Thread 0x00007f061000a000 Exception <a 'java/security/PrivilegedActionException'> (0x00000000f46699f8) thrown at [/HUDSON/workspace/8-2-build-linux-amd64/jdk8u40/2855/hotspot/src/share/vm/prims/jvm.cpp, line 1382]
Event: 22,360 Thread 0x00007f061000a000 Exception <a 'java/security/PrivilegedActionException'> (0x00000000f4669ed0) thrown at [/HUDSON/workspace/8-2-build-linux-amd64/jdk8u40/2855/hotspot/src/share/vm/prims/jvm.cpp, line 1382]
Event: 22,915 Thread 0x00007f061000a000 Exception <a 'java/lang/ArrayIndexOutOfBoundsException'> (0x00000000f4a93740) thrown at [/HUDSON/workspace/8-2-build-linux-amd64/jdk8u40/2855/hotspot/src/share/vm/runtime/sharedRuntime.cpp, line 605]
Event: 23,041 Thread 0x00007f061000a000 Exception <a 'java/lang/ArrayIndexOutOfBoundsException'> (0x00000000f4b83ab8) thrown at [/HUDSON/workspace/8-2-build-linux-amd64/jdk8u40/2855/hotspot/src/share/vm/runtime/sharedRuntime.cpp, line 605]
Event: 23,098 Thread 0x00007f061000a000 Exception <a 'java/lang/ArrayIndexOutOfBoundsException'> (0x00000000f4ba1d28) thrown at [/HUDSON/workspace/8-2-build-linux-amd64/jdk8u40/2855/hotspot/src/share/vm/runtime/sharedRuntime.cpp, line 605]
Event: 25,395 Thread 0x00007f061000a000 Exception <a 'java/io/FileNotFoundException'> (0x00000000f2271c88) thrown at [/HUDSON/workspace/8-2-build-linux-amd64/jdk8u40/2855/hotspot/src/share/vm/prims/jni.cpp, line 709]
Event: 31,593 Thread 0x00007f061000a000 Implicit null exception at 0x00007f060158ee5f to 0x00007f060158f105
Event: 36,997 Thread 0x00007f061000a000 Implicit null exception at 0x00007f060216ce6b to 0x00007f060216dd59
Event: 38,773 Thread 0x00007f061000a000 Implicit null exception at 0x00007f06011a2f3d to 0x00007f06011a3059

Events (10 events):
Event: 41,410 Thread 0x00007f0610183000 flushing nmethod 0x00007f0601bdee10
Event: 41,410 Thread 0x00007f0610183000 flushing nmethod 0x00007f0601c00f10
Event: 41,411 Thread 0x00007f0610183000 flushing nmethod 0x00007f0601c30f10
Event: 41,411 Thread 0x00007f0610183000 flushing nmethod 0x00007f0601c315d0
Event: 41,411 Thread 0x00007f0610183000 flushing nmethod 0x00007f0601c332d0
Event: 41,411 Thread 0x00007f0610183000 flushing nmethod 0x00007f0601c33e90
Event: 41,411 Thread 0x00007f0610183000 flushing nmethod 0x00007f0601c356d0
Event: 41,411 Thread 0x00007f0610183000 flushing nmethod 0x00007f0601c39fd0
Event: 41,411 Thread 0x00007f0610183000 flushing nmethod 0x00007f0601c58310
Event: 42,013 Executing VM operation: ParallelGCFailedAllocation


Dynamic libraries:
00400000-00401000 r-xp 00000000 08:01 1193840                            /usr/lib/jvm/java-8-oracle/bin/java
00600000-00601000 rw-p 00000000 08:01 1193840                            /usr/lib/jvm/java-8-oracle/bin/java
00a7b000-00a9c000 rw-p 00000000 00:00 0                                  [heap]
d0000000-d3680000 rw-p 00000000 00:00 0 
d7680000-f0000000 ---p 00000000 00:00 0 
f0000000-fee80000 rw-p 00000000 00:00 0 
fee80000-100000000 ---p 00000000 00:00 0 
100000000-100960000 rw-p 00000000 00:00 0 
100960000-140000000 ---p 00000000 00:00 0 
7f05a8000000-7f05a8021000 rw-p 00000000 00:00 0 
7f05a8021000-7f05ac000000 ---p 00000000 00:00 0 
7f05b0000000-7f05b0091000 rw-p 00000000 00:00 0 
7f05b0091000-7f05b4000000 ---p 00000000 00:00 0 
7f05b4000000-7f05b40a7000 rw-p 00000000 00:00 0 
7f05b40a7000-7f05b8000000 ---p 00000000 00:00 0 
7f05b8000000-7f05b8021000 rw-p 00000000 00:00 0 
7f05b8021000-7f05bc000000 ---p 00000000 00:00 0 
7f05bc000000-7f05bc021000 rw-p 00000000 00:00 0 
7f05bc021000-7f05c0000000 ---p 00000000 00:00 0 
7f05c0000000-7f05c0056000 rw-p 00000000 00:00 0 
7f05c0056000-7f05c4000000 ---p 00000000 00:00 0 
7f05c59fd000-7f05c5a7d000 rw-p 00000000 00:00 0 
7f05c5a7d000-7f05c5bfd000 ---p 00000000 00:00 0 
7f05c5bfd000-7f05c5dfd000 rw-p 00000000 00:00 0 
7f05c5dfd000-7f05c5ffd000 rw-p 00000000 00:00 0 
7f05c5ffd000-7f05c6092000 r--s 010fa000 08:01 1201052                    /usr/lib/jvm/java-8-oracle/jre/lib/ext/jfxrt.jar
7f05c6092000-7f05c6292000 rw-p 00000000 00:00 0 
7f05c6292000-7f05c6492000 rw-p 00000000 00:00 0 
7f05c6492000-7f05c6495000 ---p 00000000 00:00 0 
7f05c6495000-7f05c6593000 rw-p 00000000 00:00 0 
7f05c6593000-7f05c6596000 ---p 00000000 00:00 0 
7f05c6596000-7f05c6894000 rw-p 00000000 00:00 0 
7f05c6894000-7f05c6897000 ---p 00000000 00:00 0 
7f05c6897000-7f05c6995000 rw-p 00000000 00:00 0 
7f05c6995000-7f05c6998000 ---p 00000000 00:00 0 
7f05c6998000-7f05c6a96000 rw-p 00000000 00:00 0 
7f05c6a96000-7f05c6a99000 ---p 00000000 00:00 0 
7f05c6a99000-7f05c6b97000 rw-p 00000000 00:00 0 
7f05c6b97000-7f05c6b9a000 ---p 00000000 00:00 0 
7f05c6b9a000-7f05c6e98000 rw-p 00000000 00:00 0 
7f05c6e98000-7f05c7098000 rw-p 00000000 00:00 0 
7f05c7098000-7f05c7298000 rw-p 00000000 00:00 0 
7f05c7298000-7f05c72ab000 r--s 00344000 08:01 1195493                    /usr/lib/jvm/java-8-oracle/jre/lib/resources.jar
7f05c7332000-7f05c7333000 rw-p 00000000 00:00 0 
7f05c7333000-7f05c7336000 r--s 0003a000 08:01 1201053                    /usr/lib/jvm/java-8-oracle/jre/lib/ext/sunpkcs11.jar
7f05c7336000-7f05c733b000 r--s 0003f000 08:01 1201050                    /usr/lib/jvm/java-8-oracle/jre/lib/ext/sunjce_provider.jar
7f05c733b000-7f05c7356000 r--s 001d0000 08:01 1201049                    /usr/lib/jvm/java-8-oracle/jre/lib/ext/nashorn.jar
7f05c7356000-7f05c735b000 r--s 00083000 08:01 1201067                    /usr/lib/jvm/java-8-oracle/jre/lib/jfr.jar
7f05c735b000-7f05c7360000 r--s 002f8000 08:01 1195443                    /usr/lib/jvm/java-8-oracle/jre/lib/charsets.jar
7f05c7360000-7f05c736b000 r--s 00116000 08:01 1201055                    /usr/lib/jvm/java-8-oracle/jre/lib/ext/localedata.jar
7f05c736b000-7f05c7387000 r--s 00393000 08:01 1201046                    /usr/lib/jvm/java-8-oracle/jre/lib/ext/cldrdata.jar
7f05c7387000-7f05c7587000 rw-p 00000000 00:00 0 
7f05c7587000-7f05c7787000 rw-p 00000000 00:00 0 
7f05c7787000-7f05c7987000 rw-p 00000000 00:00 0 
7f05c7987000-7f05c7b87000 rw-p 00000000 00:00 0 
7f05c7b87000-7f05c7d87000 rw-p 00000000 00:00 0 
7f05c7d87000-7f05c7e00000 r--s 010e7000 08:01 1188782                    /usr/lib/jvm/java-8-oracle/lib/tools.jar
7f05c7e00000-7f05c8000000 rw-p 00000000 00:00 0 
7f05c8000000-7f05c8021000 rw-p 00000000 00:00 0 
7f05c8021000-7f05cc000000 ---p 00000000 00:00 0 
7f05cc000000-7f05cc021000 rw-p 00000000 00:00 0 
7f05cc021000-7f05d0000000 ---p 00000000 00:00 0 
7f05d0000000-7f05d2634000 rw-p 00000000 00:00 0 
7f05d2634000-7f05d4000000 ---p 00000000 00:00 0 
7f05d4000000-7f05d4e21000 rw-p 00000000 00:00 0 
7f05d4e21000-7f05d8000000 ---p 00000000 00:00 0 
7f05d8000000-7f05d8021000 rw-p 00000000 00:00 0 
7f05d8021000-7f05dc000000 ---p 00000000 00:00 0 
7f05dc000000-7f05de37a000 rw-p 00000000 00:00 0 
7f05de37a000-7f05e0000000 ---p 00000000 00:00 0 
7f05e0000000-7f05e0021000 rw-p 00000000 00:00 0 
7f05e0021000-7f05e4000000 ---p 00000000 00:00 0 
7f05e4000000-7f05e4021000 rw-p 00000000 00:00 0 
7f05e4021000-7f05e8000000 ---p 00000000 00:00 0 
7f05e8000000-7f05e8021000 rw-p 00000000 00:00 0 
7f05e8021000-7f05ec000000 ---p 00000000 00:00 0 
7f05ec000000-7f05ec28a000 rw-p 00000000 00:00 0 
7f05ec28a000-7f05f0000000 ---p 00000000 00:00 0 
7f05f0000000-7f05f0021000 rw-p 00000000 00:00 0 
7f05f0021000-7f05f4000000 ---p 00000000 00:00 0 
7f05f4000000-7f05f4021000 rw-p 00000000 00:00 0 
7f05f4021000-7f05f8000000 ---p 00000000 00:00 0 
7f05f8000000-7f05f8021000 rw-p 00000000 00:00 0 
7f05f8021000-7f05fc000000 ---p 00000000 00:00 0 
7f05fc000000-7f05fc001000 r--s 00010000 08:01 1201054                    /usr/lib/jvm/java-8-oracle/jre/lib/ext/zipfs.jar
7f05fc001000-7f05fc002000 r--s 00009000 08:01 1201048                    /usr/lib/jvm/java-8-oracle/jre/lib/ext/sunec.jar
7f05fc002000-7f05fc004000 r--s 00001000 08:01 1201047                    /usr/lib/jvm/java-8-oracle/jre/lib/ext/dnsns.jar
7f05fc004000-7f05fc007000 r--s 0001a000 08:01 1195519                    /usr/lib/jvm/java-8-oracle/jre/lib/jce.jar
7f05fc007000-7f05fc00c000 r--s 00094000 08:01 1201078                    /usr/lib/jvm/java-8-oracle/jre/lib/jsse.jar
7f05fc00c000-7f05fc00e000 r--s 0000b000 08:06 3278604                    /home/alina/.sbt/boot/scala-2.10.4/org.scala-sbt/sbt/0.13.8/xsbti/interface-0.13.8.jar
7f05fc00e000-7f05fc010000 r--s 00012000 08:06 3278641                    /home/alina/.sbt/boot/scala-2.10.4/org.scala-sbt/sbt/0.13.8/jawn-parser_2.10-0.6.0.jar
7f05fc010000-7f05fc015000 r--s 00036000 08:06 3278648                    /home/alina/.sbt/boot/scala-2.10.4/org.scala-sbt/sbt/0.13.8/compile-0.13.8.jar
7f05fc015000-7f05fc019000 r--s 00022000 08:06 3278632                    /home/alina/.sbt/boot/scala-2.10.4/org.scala-sbt/sbt/0.13.8/sbinary_2.10-0.4.2.jar
7f05fc019000-7f05fc01d000 r--s 0001b000 08:06 3278601                    /home/alina/.sbt/boot/scala-2.10.4/org.scala-sbt/sbt/0.13.8/process-0.13.8.jar
7f05fc01d000-7f05fc01e000 r--s 00001000 08:06 3278595                    /home/alina/.sbt/boot/scala-2.10.4/org.scala-sbt/sbt/0.13.8/json4s-support_2.10-0.6.0.jar
7f05fc01e000-7f05fc021000 r--s 00012000 08:06 3278625                    /home/alina/.sbt/boot/scala-2.10.4/org.scala-sbt/sbt/0.13.8/classfile-0.13.8.jar
7f05fc021000-7f05fc02b000 r--s 0006e000 08:06 3278619                    /home/alina/.sbt/boot/scala-2.10.4/org.scala-sbt/sbt/0.13.8/incremental-compiler-0.13.8.jar
7f05fc02b000-7f05fc02d000 r--s 00013000 08:06 3278618                    /home/alina/.sbt/boot/scala-2.10.4/org.scala-sbt/sbt/0.13.8/json4s-ast_2.10-3.2.10.jar
7f05fc02d000-7f05fc02e000 r--s 00005000 08:06 3278634                    /home/alina/.sbt/boot/scala-2.10.4/org.scala-sbt/sbt/0.13.8/test-agent-0.13.8.jar
7f05fc02e000-7f05fc030000 r--s 00001000 08:06 3278599                    /home/alina/.sbt/boot/scala-2.10.4/org.scala-sbt/sbt/0.13.8/launcher-interface-0.13.8.jar
7f05fc030000-7f05fc033000 r--s 0001e000 08:06 3278630                    /home/alina/.sbt/boot/scala-2.10.4/org.scala-sbt/sbt/0.13.8/run-0.13.8.jar
7f05fc033000-7f05fc034000 r--s 00001000 08:06 3278608                    /home/alina/.sbt/boot/scala-2.10.4/org.scala-sbt/sbt/0.13.8/cross-0.13.8.jar
7f05fc034000-7f05fc03d000 r--s 0006e000 08:06 3278647                    /home/alina/.sbt/boot/scala-2.10.4/org.scala-sbt/sbt/0.13.8/actions-0.13.8.jar
7f05fc03d000-7f05fc23d000 rw-p 00000000 00:00 0 
7f05fc23d000-7f05fc245000 r--s 00060000 08:06 3278611                    /home/alina/.sbt/boot/scala-2.10.4/org.scala-sbt/sbt/0.13.8/collections-0.13.8.jar
7f05fc245000-7f05fc27b000 r--s 002d9000 08:06 3278644                    /home/alina/.sbt/boot/scala-2.10.4/org.scala-sbt/sbt/0.13.8/scala-reflect-2.10.4.jar
7f05fc27b000-7f05fc27d000 r--s 0000b000 08:06 3278612                    /home/alina/.sbt/boot/scala-2.10.4/org.scala-sbt/sbt/0.13.8/tracking-0.13.8.jar
7f05fc27d000-7f05fc280000 r--s 00030000 08:06 3278643                    /home/alina/.sbt/boot/scala-2.10.4/org.scala-sbt/sbt/0.13.8/jline-2.11.jar
7f05fc280000-7f05fc28a000 r--s 00092000 08:06 3278635                    /home/alina/.sbt/boot/scala-2.10.4/org.scala-sbt/sbt/0.13.8/main-settings-0.13.8.jar
7f05fc28a000-7f05fc291000 r--s 00049000 08:06 3278620                    /home/alina/.sbt/boot/scala-2.10.4/org.scala-sbt/sbt/0.13.8/api-0.13.8.jar
7f05fc291000-7f05fc293000 r--s 00002000 08:06 3278638                    /home/alina/.sbt/boot/scala-2.10.4/org.scala-sbt/sbt/0.13.8/test-interface-1.0.jar
7f05fc293000-7f05fc295000 r--s 00006000 08:06 3278606                    /home/alina/.sbt/boot/scala-2.10.4/org.scala-sbt/sbt/0.13.8/relation-0.13.8.jar
7f05fc295000-7f05fc298000 r--s 0001a000 08:06 3278631                    /home/alina/.sbt/boot/scala-2.10.4/org.scala-sbt/sbt/0.13.8/cache-0.13.8.jar
7f05fc298000-7f05fc29a000 r--s 00007000 08:06 3278637                    /home/alina/.sbt/boot/scala-2.10.4/org.scala-sbt/sbt/0.13.8/paranamer-2.6.jar
7f05fc29a000-7f05fc29c000 r--s 00014000 08:06 3278640                    /home/alina/.sbt/boot/scala-2.10.4/org.scala-sbt/sbt/0.13.8/apply-macro-0.13.8.jar
7f05fc29c000-7f05fc2a8000 r--s 000a4000 08:06 3278633                    /home/alina/.sbt/boot/scala-2.10.4/org.scala-sbt/sbt/0.13.8/quasiquotes_2.10-2.0.1.jar
7f05fc2a8000-7f05fc2be000 r--s 00100000 08:06 3278609                    /home/alina/.sbt/boot/scala-2.10.4/org.scala-sbt/sbt/0.13.8/ivy-2.3.0-sbt-fccfbd44c9f64523b61398a0155784dcbaeae28f.jar
7f05fc2be000-7f05fc2c4000 r--s 0003d000 08:06 3278642                    /home/alina/.sbt/boot/scala-2.10.4/org.scala-sbt/sbt/0.13.8/io-0.13.8.jar
7f05fc2c4000-7f05fc2c6000 r--s 00002000 08:06 3278645                    /home/alina/.sbt/boot/scala-2.10.4/org.scala-sbt/sbt/0.13.8/control-0.13.8.jar
7f05fc2c6000-7f05fc2c9000 r--s 0001d000 08:06 3278639                    /home/alina/.sbt/boot/scala-2.10.4/org.scala-sbt/sbt/0.13.8/tasks-0.13.8.jar
7f05fc2c9000-7f05fc2cc000 r--s 0001c000 08:06 3278628                    /home/alina/.sbt/boot/scala-2.10.4/org.scala-sbt/sbt/0.13.8/compiler-integration-0.13.8.jar
7f05fc2cc000-7f05fc2d4000 r--s 00057000 08:06 3278627                    /home/alina/.sbt/boot/scala-2.10.4/org.scala-sbt/sbt/0.13.8/completion-0.13.8.jar
7f05fc2d4000-7f05fc2d7000 r--s 00013000 08:06 3278613                    /home/alina/.sbt/boot/scala-2.10.4/org.scala-sbt/sbt/0.13.8/classpath-0.13.8.jar
7f05fc2d7000-7f05fc2f7000 r--s 001a4000 08:06 3278629                    /home/alina/.sbt/boot/scala-2.10.4/org.scala-sbt/sbt/0.13.8/ivy-0.13.8.jar
7f05fc2f7000-7f05fc2fa000 r--s 0001d000 08:06 3278622                    /home/alina/.sbt/boot/scala-2.10.4/org.scala-sbt/sbt/0.13.8/task-system-0.13.8.jar
7f05fc2fa000-7f05fc304000 r--s 00085000 08:06 3278646                    /home/alina/.sbt/boot/scala-2.10.4/org.scala-sbt/sbt/0.13.8/json4s-core_2.10-3.2.10.jar
7f05fc304000-7f05fc309000 r--s 00024000 08:06 3278617                    /home/alina/.sbt/boot/scala-2.10.4/org.scala-sbt/sbt/0.13.8/persist-0.13.8.jar
7f05fc309000-7f05fc318000 r--s 000bb000 08:06 3278626                    /home/alina/.sbt/boot/scala-2.10.4/org.scala-sbt/sbt/0.13.8/scala-pickling_2.10-0.10.0.jar
7f05fc318000-7f05fc344000 r--s 00235000 08:06 3278621                    /home/alina/.sbt/boot/scala-2.10.4/org.scala-sbt/sbt/0.13.8/main-0.13.8.jar
7f05fc344000-7f05fc3b6000 r--s 0065a000 08:06 2361582                    /home/alina/.sbt/boot/scala-2.10.4/lib/scala-library.jar
7f05fc3b6000-7f05fc4b3000 r--s 00cca000 08:06 2361581                    /home/alina/.sbt/boot/scala-2.10.4/lib/scala-compiler.jar
7f05fc4b3000-7f05fc4e9000 r--s 002d9000 08:06 2361580                    /home/alina/.sbt/boot/scala-2.10.4/lib/scala-reflect.jar
7f05fc4e9000-7f05fc4fa000 r-xp 00000000 08:01 1195391                    /usr/lib/jvm/java-8-oracle/jre/lib/amd64/libnio.so
7f05fc4fa000-7f05fc6f9000 ---p 00011000 08:01 1195391                    /usr/lib/jvm/java-8-oracle/jre/lib/amd64/libnio.so
7f05fc6f9000-7f05fc6fa000 rw-p 00010000 08:01 1195391                    /usr/lib/jvm/java-8-oracle/jre/lib/amd64/libnio.so
7f05fc6fa000-7f05fc710000 r-xp 00000000 08:01 1195427                    /usr/lib/jvm/java-8-oracle/jre/lib/amd64/libnet.so
7f05fc710000-7f05fc910000 ---p 00016000 08:01 1195427                    /usr/lib/jvm/java-8-oracle/jre/lib/amd64/libnet.so
7f05fc910000-7f05fc911000 rw-p 00016000 08:01 1195427                    /usr/lib/jvm/java-8-oracle/jre/lib/amd64/libnet.so
7f05fc911000-7f05fc92b000 r--s 00107000 08:06 2359454                    /home/alina/.IntelliJIdea14/config/plugins/Scala/launcher/sbt-launch.jar
7f05fc92b000-7f05fc92c000 ---p 00000000 00:00 0 
7f05fc92c000-7f05fca2c000 rw-p 00000000 00:00 0                          [stack:1258]
7f05fca2c000-7f05fca2f000 ---p 00000000 00:00 0 
7f05fca2f000-7f05fcb2d000 rw-p 00000000 00:00 0                          [stack:1257]
7f05fcb2d000-7f05fcb30000 ---p 00000000 00:00 0 
7f05fcb30000-7f05fcc2e000 rw-p 00000000 00:00 0                          [stack:1256]
7f05fcc2e000-7f05fcc31000 ---p 00000000 00:00 0 
7f05fcc31000-7f05fcd2f000 rw-p 00000000 00:00 0                          [stack:1255]
7f05fcd2f000-7f05fcd32000 ---p 00000000 00:00 0 
7f05fcd32000-7f05fce30000 rw-p 00000000 00:00 0                          [stack:1254]
7f05fce30000-7f05fce33000 ---p 00000000 00:00 0 
7f05fce33000-7f05fcf31000 rw-p 00000000 00:00 0                          [stack:1253]
7f05fcf31000-7f05fd744000 r--p 00000000 08:01 1183313                    /usr/lib/locale/locale-archive
7f05fd744000-7f05fd747000 ---p 00000000 00:00 0 
7f05fd747000-7f05fd845000 rw-p 00000000 00:00 0                          [stack:1252]
7f05fd845000-7f05fd848000 ---p 00000000 00:00 0 
7f05fd848000-7f05fd946000 rw-p 00000000 00:00 0                          [stack:1251]
7f05fd946000-7f05fd947000 ---p 00000000 00:00 0 
7f05fd947000-7f05fe9a5000 rw-p 00000000 00:00 0                          [stack:1250]
7f05fe9a5000-7f05feb7d000 r--s 03d09000 08:01 1201056                    /usr/lib/jvm/java-8-oracle/jre/lib/rt.jar
7f05feb7d000-7f0600cfd000 rw-p 00000000 00:00 0 
7f0600cfd000-7f0600cfe000 ---p 00000000 00:00 0 
7f0600cfe000-7f0600dfe000 rw-p 00000000 00:00 0                          [stack:1249]
7f0600dfe000-7f0600dff000 ---p 00000000 00:00 0 
7f0600dff000-7f0600eff000 rw-p 00000000 00:00 0                          [stack:1248]
7f0600eff000-7f0600f00000 ---p 00000000 00:00 0 
7f0600f00000-7f0601000000 rw-p 00000000 00:00 0                          [stack:1247]
7f0601000000-7f0602250000 rwxp 00000000 00:00 0 
7f0602250000-7f0610000000 ---p 00000000 00:00 0 
7f0610000000-7f0611b3a000 rw-p 00000000 00:00 0 
7f0611b3a000-7f0614000000 ---p 00000000 00:00 0 
7f0614000000-7f0614003000 r--s 00018000 08:06 3278600                    /home/alina/.sbt/boot/scala-2.10.4/org.scala-sbt/sbt/0.13.8/logging-0.13.8.jar
7f0614003000-7f0614007000 r--s 00034000 08:06 3278598                    /home/alina/.sbt/boot/scala-2.10.4/org.scala-sbt/sbt/0.13.8/jsch-0.1.46.jar
7f0614007000-7f061400e000 r--s 0004b000 08:06 3278602                    /home/alina/.sbt/boot/scala-2.10.4/org.scala-sbt/sbt/0.13.8/serialization_2.10-0.1.1.jar
7f061400e000-7f0614013000 r--s 00036000 08:06 3278607                    /home/alina/.sbt/boot/scala-2.10.4/org.scala-sbt/sbt/0.13.8/command-0.13.8.jar
7f0614013000-7f0614014000 ---p 00000000 00:00 0 
7f0614014000-7f0614130000 rw-p 00000000 00:00 0                          [stack:1246]
7f0614130000-7f0614214000 ---p 00000000 00:00 0 
7f0614214000-7f0614230000 rw-p 00000000 00:00 0 
7f0614230000-7f0614314000 ---p 00000000 00:00 0 
7f0614314000-7f061438c000 rw-p 00000000 00:00 0 
7f061438c000-7f0614394000 ---p 00000000 00:00 0 
7f0614394000-7f06143df000 rw-p 00000000 00:00 0 
7f06143df000-7f0614755000 ---p 00000000 00:00 0 
7f0614755000-7f061476f000 r-xp 00000000 08:01 1195436                    /usr/lib/jvm/java-8-oracle/jre/lib/amd64/libzip.so
7f061476f000-7f061496f000 ---p 0001a000 08:01 1195436                    /usr/lib/jvm/java-8-oracle/jre/lib/amd64/libzip.so
7f061496f000-7f0614970000 rw-p 0001a000 08:01 1195436                    /usr/lib/jvm/java-8-oracle/jre/lib/amd64/libzip.so
7f0614970000-7f061497b000 r-xp 00000000 08:01 1046619                    /lib/x86_64-linux-gnu/libnss_files-2.19.so
7f061497b000-7f0614b7a000 ---p 0000b000 08:01 1046619                    /lib/x86_64-linux-gnu/libnss_files-2.19.so
7f0614b7a000-7f0614b7b000 r--p 0000a000 08:01 1046619                    /lib/x86_64-linux-gnu/libnss_files-2.19.so
7f0614b7b000-7f0614b7c000 rw-p 0000b000 08:01 1046619                    /lib/x86_64-linux-gnu/libnss_files-2.19.so
7f0614b7c000-7f0614b87000 r-xp 00000000 08:01 1050897                    /lib/x86_64-linux-gnu/libnss_nis-2.19.so
7f0614b87000-7f0614d86000 ---p 0000b000 08:01 1050897                    /lib/x86_64-linux-gnu/libnss_nis-2.19.so
7f0614d86000-7f0614d87000 r--p 0000a000 08:01 1050897                    /lib/x86_64-linux-gnu/libnss_nis-2.19.so
7f0614d87000-7f0614d88000 rw-p 0000b000 08:01 1050897                    /lib/x86_64-linux-gnu/libnss_nis-2.19.so
7f0614d88000-7f0614d9f000 r-xp 00000000 08:01 1046628                    /lib/x86_64-linux-gnu/libnsl-2.19.so
7f0614d9f000-7f0614f9e000 ---p 00017000 08:01 1046628                    /lib/x86_64-linux-gnu/libnsl-2.19.so
7f0614f9e000-7f0614f9f000 r--p 00016000 08:01 1046628                    /lib/x86_64-linux-gnu/libnsl-2.19.so
7f0614f9f000-7f0614fa0000 rw-p 00017000 08:01 1046628                    /lib/x86_64-linux-gnu/libnsl-2.19.so
7f0614fa0000-7f0614fa2000 rw-p 00000000 00:00 0 
7f0614fa2000-7f0614fab000 r-xp 00000000 08:01 1046627                    /lib/x86_64-linux-gnu/libnss_compat-2.19.so
7f0614fab000-7f06151aa000 ---p 00009000 08:01 1046627                    /lib/x86_64-linux-gnu/libnss_compat-2.19.so
7f06151aa000-7f06151ab000 r--p 00008000 08:01 1046627                    /lib/x86_64-linux-gnu/libnss_compat-2.19.so
7f06151ab000-7f06151ac000 rw-p 00009000 08:01 1046627                    /lib/x86_64-linux-gnu/libnss_compat-2.19.so
7f06151ac000-7f06151d6000 r-xp 00000000 08:01 1195432                    /usr/lib/jvm/java-8-oracle/jre/lib/amd64/libjava.so
7f06151d6000-7f06153d6000 ---p 0002a000 08:01 1195432                    /usr/lib/jvm/java-8-oracle/jre/lib/amd64/libjava.so
7f06153d6000-7f06153d8000 rw-p 0002a000 08:01 1195432                    /usr/lib/jvm/java-8-oracle/jre/lib/amd64/libjava.so
7f06153d8000-7f06153e5000 r-xp 00000000 08:01 1195380                    /usr/lib/jvm/java-8-oracle/jre/lib/amd64/libverify.so
7f06153e5000-7f06155e5000 ---p 0000d000 08:01 1195380                    /usr/lib/jvm/java-8-oracle/jre/lib/amd64/libverify.so
7f06155e5000-7f06155e7000 rw-p 0000d000 08:01 1195380                    /usr/lib/jvm/java-8-oracle/jre/lib/amd64/libverify.so
7f06155e7000-7f06155ee000 r-xp 00000000 08:01 1050782                    /lib/x86_64-linux-gnu/librt-2.19.so
7f06155ee000-7f06157ed000 ---p 00007000 08:01 1050782                    /lib/x86_64-linux-gnu/librt-2.19.so
7f06157ed000-7f06157ee000 r--p 00006000 08:01 1050782                    /lib/x86_64-linux-gnu/librt-2.19.so
7f06157ee000-7f06157ef000 rw-p 00007000 08:01 1050782                    /lib/x86_64-linux-gnu/librt-2.19.so
7f06157ef000-7f06158f4000 r-xp 00000000 08:01 1046618                    /lib/x86_64-linux-gnu/libm-2.19.so
7f06158f4000-7f0615af3000 ---p 00105000 08:01 1046618                    /lib/x86_64-linux-gnu/libm-2.19.so
7f0615af3000-7f0615af4000 r--p 00104000 08:01 1046618                    /lib/x86_64-linux-gnu/libm-2.19.so
7f0615af4000-7f0615af5000 rw-p 00105000 08:01 1046618                    /lib/x86_64-linux-gnu/libm-2.19.so
7f0615af5000-7f06167a3000 r-xp 00000000 08:01 1195426                    /usr/lib/jvm/java-8-oracle/jre/lib/amd64/server/libjvm.so
7f06167a3000-7f06169a2000 ---p 00cae000 08:01 1195426                    /usr/lib/jvm/java-8-oracle/jre/lib/amd64/server/libjvm.so
7f06169a2000-7f0616a79000 rw-p 00cad000 08:01 1195426                    /usr/lib/jvm/java-8-oracle/jre/lib/amd64/server/libjvm.so
7f0616a79000-7f0616abd000 rw-p 00000000 00:00 0 
7f0616abd000-7f0616c78000 r-xp 00000000 08:01 1046633                    /lib/x86_64-linux-gnu/libc-2.19.so
7f0616c78000-7f0616e77000 ---p 001bb000 08:01 1046633                    /lib/x86_64-linux-gnu/libc-2.19.so
7f0616e77000-7f0616e7b000 r--p 001ba000 08:01 1046633                    /lib/x86_64-linux-gnu/libc-2.19.so
7f0616e7b000-7f0616e7d000 rw-p 001be000 08:01 1046633                    /lib/x86_64-linux-gnu/libc-2.19.so
7f0616e7d000-7f0616e82000 rw-p 00000000 00:00 0 
7f0616e82000-7f0616e85000 r-xp 00000000 08:01 1046622                    /lib/x86_64-linux-gnu/libdl-2.19.so
7f0616e85000-7f0617084000 ---p 00003000 08:01 1046622                    /lib/x86_64-linux-gnu/libdl-2.19.so
7f0617084000-7f0617085000 r--p 00002000 08:01 1046622                    /lib/x86_64-linux-gnu/libdl-2.19.so
7f0617085000-7f0617086000 rw-p 00003000 08:01 1046622                    /lib/x86_64-linux-gnu/libdl-2.19.so
7f0617086000-7f061709b000 r-xp 00000000 08:01 1178333                    /usr/lib/jvm/java-8-oracle/lib/amd64/jli/libjli.so
7f061709b000-7f061729b000 ---p 00015000 08:01 1178333                    /usr/lib/jvm/java-8-oracle/lib/amd64/jli/libjli.so
7f061729b000-7f061729c000 rw-p 00015000 08:01 1178333                    /usr/lib/jvm/java-8-oracle/lib/amd64/jli/libjli.so
7f061729c000-7f06172b5000 r-xp 00000000 08:01 1050682                    /lib/x86_64-linux-gnu/libpthread-2.19.so
7f06172b5000-7f06174b4000 ---p 00019000 08:01 1050682                    /lib/x86_64-linux-gnu/libpthread-2.19.so
7f06174b4000-7f06174b5000 r--p 00018000 08:01 1050682                    /lib/x86_64-linux-gnu/libpthread-2.19.so
7f06174b5000-7f06174b6000 rw-p 00019000 08:01 1050682                    /lib/x86_64-linux-gnu/libpthread-2.19.so
7f06174b6000-7f06174ba000 rw-p 00000000 00:00 0 
7f06174ba000-7f06174dd000 r-xp 00000000 08:01 1046630                    /lib/x86_64-linux-gnu/ld-2.19.so
7f06174dd000-7f06174de000 r--s 00005000 08:06 3278636                    /home/alina/.sbt/boot/scala-2.10.4/org.scala-sbt/sbt/0.13.8/sbt-0.13.8.jar
7f06174de000-7f06174e0000 r--s 00001000 08:06 3278614                    /home/alina/.sbt/boot/scala-2.10.4/org.scala-sbt/sbt/0.13.8/compiler-ivy-integration-0.13.8.jar
7f06174e0000-7f06174e2000 r--s 00017000 08:06 3278605                    /home/alina/.sbt/boot/scala-2.10.4/org.scala-sbt/sbt/0.13.8/testing-0.13.8.jar
7f06174e2000-7f06174e4000 r--s 0000e000 08:06 3278610                    /home/alina/.sbt/boot/scala-2.10.4/org.scala-sbt/sbt/0.13.8/logic-0.13.8.jar
7f06174e4000-7f06174e7000 r--s 00018000 08:06 2361579                    /home/alina/.sbt/boot/scala-2.10.4/lib/jansi.jar
7f06174e7000-7f06175b8000 rw-p 00000000 00:00 0 
7f06175b8000-7f06175bb000 ---p 00000000 00:00 0 
7f06175bb000-7f06176bd000 rw-p 00000000 00:00 0                          [stack:1245]
7f06176bd000-7f06176c1000 r--s 00025000 08:06 2361578                    /home/alina/.sbt/boot/scala-2.10.4/lib/jline.jar
7f06176c1000-7f06176d0000 rw-p 00000000 00:00 0 
7f06176d0000-7f06176d8000 rw-s 00000000 08:01 656648                     /tmp/hsperfdata_alina/1242
7f06176d8000-7f06176d9000 rw-p 00000000 00:00 0 
7f06176d9000-7f06176da000 ---p 00000000 00:00 0 
7f06176da000-7f06176dc000 rw-p 00000000 00:00 0 
7f06176dc000-7f06176dd000 r--p 00022000 08:01 1046630                    /lib/x86_64-linux-gnu/ld-2.19.so
7f06176dd000-7f06176de000 rw-p 00023000 08:01 1046630                    /lib/x86_64-linux-gnu/ld-2.19.so
7f06176de000-7f06176df000 rw-p 00000000 00:00 0 
7fff22a62000-7fff22a83000 rw-p 00000000 00:00 0                          [stack]
7fff22b69000-7fff22b6b000 r-xp 00000000 00:00 0                          [vdso]
ffffffffff600000-ffffffffff601000 r-xp 00000000 00:00 0                  [vsyscall]

VM Arguments:
jvm_args: -Djline.terminal=jline.UnsupportedTerminal -Dsbt.log.noformat=true -Dfile.encoding=UTF-8 -Xmx768M -XX:MaxPermSize=384M 
java_command: /home/alina/.IntelliJIdea14/config/plugins/Scala/launcher/sbt-launch.jar
java_class_path (initial): /home/alina/.IntelliJIdea14/config/plugins/Scala/launcher/sbt-launch.jar
Launcher Type: SUN_STANDARD

Environment Variables:
CLASSPATH=/home/alina/programms/idea-IU-139.1117.1/bin/../lib/bootstrap.jar:/home/alina/programms/idea-IU-139.1117.1/bin/../lib/extensions.jar:/home/alina/programms/idea-IU-139.1117.1/bin/../lib/util.jar:/home/alina/programms/idea-IU-139.1117.1/bin/../lib/jdom.jar:/home/alina/programms/idea-IU-139.1117.1/bin/../lib/log4j.jar:/home/alina/programms/idea-IU-139.1117.1/bin/../lib/trove4j.jar:/home/alina/programms/idea-IU-139.1117.1/bin/../lib/jna.jar:/usr/lib/jvm/java-8-oracle/lib/tools.jar
PATH=/home/alina/programms/sbt/bin:/usr/local/sbin:/usr/local/bin:/usr/sbin:/usr/bin:/sbin:/bin:/usr/games:/usr/local/games
LD_LIBRARY_PATH=/home/alina/programms/idea-IU-139.1117.1/bin:
SHELL=/bin/bash
DISPLAY=:0

Signal Handlers:
SIGSEGV: [libjvm.so+0xaad2e0], sa_mask[0]=11111111011111111101111111111110, sa_flags=SA_RESTART|SA_SIGINFO
SIGBUS: [libjvm.so+0xaad2e0], sa_mask[0]=11111111011111111101111111111110, sa_flags=SA_RESTART|SA_SIGINFO
SIGFPE: [libjvm.so+0x90b550], sa_mask[0]=11111111011111111101111111111110, sa_flags=SA_RESTART|SA_SIGINFO
SIGPIPE: [libjvm.so+0x90b550], sa_mask[0]=11111111011111111101111111111110, sa_flags=SA_RESTART|SA_SIGINFO
SIGXFSZ: [libjvm.so+0x90b550], sa_mask[0]=11111111011111111101111111111110, sa_flags=SA_RESTART|SA_SIGINFO
SIGILL: [libjvm.so+0x90b550], sa_mask[0]=11111111011111111101111111111110, sa_flags=SA_RESTART|SA_SIGINFO
SIGUSR1: SIG_DFL, sa_mask[0]=00000000000000000000000000000000, sa_flags=none
SIGUSR2: [libjvm.so+0x90cb90], sa_mask[0]=00100000000000000000000000000000, sa_flags=SA_RESTART|SA_SIGINFO
SIGHUP: [libjvm.so+0x90dee0], sa_mask[0]=11111111011111111101111111111110, sa_flags=SA_RESTART|SA_SIGINFO
SIGINT: [libjvm.so+0x90dee0], sa_mask[0]=11111111011111111101111111111110, sa_flags=SA_RESTART|SA_SIGINFO
SIGTERM: [libjvm.so+0x90dee0], sa_mask[0]=11111111011111111101111111111110, sa_flags=SA_RESTART|SA_SIGINFO
SIGQUIT: [libjvm.so+0x90dee0], sa_mask[0]=11111111011111111101111111111110, sa_flags=SA_RESTART|SA_SIGINFO


---------------  S Y S T E M  ---------------

OS:DISTRIB_ID=Ubuntu
DISTRIB_RELEASE=14.04
DISTRIB_CODENAME=trusty
DISTRIB_DESCRIPTION="Ubuntu 14.04.2 LTS"

uname:Linux 3.13.0-46-generic #79-Ubuntu SMP Tue Mar 10 20:06:50 UTC 2015 x86_64
libc:glibc 2.19 NPTL 2.19 
rlimit: STACK 8192k, CORE 0k, NPROC 31015, NOFILE 4096, AS infinity
load average:7,62 3,65 2,21

/proc/meminfo:
MemTotal:        3991576 kB
MemFree:          115436 kB
Buffers:             220 kB
Cached:           319776 kB
SwapCached:         6236 kB
Active:          2530296 kB
Inactive:        1083884 kB
Active(anon):    2520784 kB
Inactive(anon):  1075780 kB
Active(file):       9512 kB
Inactive(file):     8104 kB
Unevictable:          64 kB
Mlocked:              64 kB
SwapTotal:       3905532 kB
SwapFree:              4 kB
Dirty:               108 kB
Writeback:           340 kB
AnonPages:       3291584 kB
Mapped:            55040 kB
Shmem:            301472 kB
Slab:              95984 kB
SReclaimable:      42348 kB
SUnreclaim:        53636 kB
KernelStack:       10000 kB
PageTables:        81244 kB
NFS_Unstable:          0 kB
Bounce:                0 kB
WritebackTmp:          0 kB
CommitLimit:     5901320 kB
Committed_AS:   16265232 kB
VmallocTotal:   34359738367 kB
VmallocUsed:      551848 kB
VmallocChunk:   34359167244 kB
HardwareCorrupted:     0 kB
AnonHugePages:    219136 kB
HugePages_Total:       0
HugePages_Free:        0
HugePages_Rsvd:        0
HugePages_Surp:        0
Hugepagesize:       2048 kB
DirectMap4k:      118604 kB
DirectMap2M:     4020224 kB


CPU:total 4 (2 cores per cpu, 2 threads per core) family 6 model 42 stepping 7, cmov, cx8, fxsr, mmx, sse, sse2, sse3, ssse3, sse4.1, sse4.2, popcnt, avx, aes, clmul, ht, tsc, tscinvbit

/proc/cpuinfo:
processor	: 0
vendor_id	: GenuineIntel
cpu family	: 6
model		: 42
model name	: Intel(R) Core(TM) i5-2467M CPU @ 1.60GHz
stepping	: 7
microcode	: 0x25
cpu MHz		: 1600.000
cache size	: 3072 KB
physical id	: 0
siblings	: 4
core id		: 0
cpu cores	: 2
apicid		: 0
initial apicid	: 0
fpu		: yes
fpu_exception	: yes
cpuid level	: 13
wp		: yes
flags		: fpu vme de pse tsc msr pae mce cx8 apic sep mtrr pge mca cmov pat pse36 clflush dts acpi mmx fxsr sse sse2 ss ht tm pbe syscall nx rdtscp lm constant_tsc arch_perfmon pebs bts rep_good nopl xtopology nonstop_tsc aperfmperf eagerfpu pni pclmulqdq dtes64 monitor ds_cpl vmx est tm2 ssse3 cx16 xtpr pdcm pcid sse4_1 sse4_2 x2apic popcnt tsc_deadline_timer aes xsave avx lahf_lm ida arat epb xsaveopt pln pts dtherm tpr_shadow vnmi flexpriority ept vpid
bogomips	: 3192.64
clflush size	: 64
cache_alignment	: 64
address sizes	: 36 bits physical, 48 bits virtual
power management:

processor	: 1
vendor_id	: GenuineIntel
cpu family	: 6
model		: 42
model name	: Intel(R) Core(TM) i5-2467M CPU @ 1.60GHz
stepping	: 7
microcode	: 0x25
cpu MHz		: 1600.000
cache size	: 3072 KB
physical id	: 0
siblings	: 4
core id		: 0
cpu cores	: 2
apicid		: 1
initial apicid	: 1
fpu		: yes
fpu_exception	: yes
cpuid level	: 13
wp		: yes
flags		: fpu vme de pse tsc msr pae mce cx8 apic sep mtrr pge mca cmov pat pse36 clflush dts acpi mmx fxsr sse sse2 ss ht tm pbe syscall nx rdtscp lm constant_tsc arch_perfmon pebs bts rep_good nopl xtopology nonstop_tsc aperfmperf eagerfpu pni pclmulqdq dtes64 monitor ds_cpl vmx est tm2 ssse3 cx16 xtpr pdcm pcid sse4_1 sse4_2 x2apic popcnt tsc_deadline_timer aes xsave avx lahf_lm ida arat epb xsaveopt pln pts dtherm tpr_shadow vnmi flexpriority ept vpid
bogomips	: 3192.64
clflush size	: 64
cache_alignment	: 64
address sizes	: 36 bits physical, 48 bits virtual
power management:

processor	: 2
vendor_id	: GenuineIntel
cpu family	: 6
model		: 42
model name	: Intel(R) Core(TM) i5-2467M CPU @ 1.60GHz
stepping	: 7
microcode	: 0x25
cpu MHz		: 1600.000
cache size	: 3072 KB
physical id	: 0
siblings	: 4
core id		: 1
cpu cores	: 2
apicid		: 2
initial apicid	: 2
fpu		: yes
fpu_exception	: yes
cpuid level	: 13
wp		: yes
flags		: fpu vme de pse tsc msr pae mce cx8 apic sep mtrr pge mca cmov pat pse36 clflush dts acpi mmx fxsr sse sse2 ss ht tm pbe syscall nx rdtscp lm constant_tsc arch_perfmon pebs bts rep_good nopl xtopology nonstop_tsc aperfmperf eagerfpu pni pclmulqdq dtes64 monitor ds_cpl vmx est tm2 ssse3 cx16 xtpr pdcm pcid sse4_1 sse4_2 x2apic popcnt tsc_deadline_timer aes xsave avx lahf_lm ida arat epb xsaveopt pln pts dtherm tpr_shadow vnmi flexpriority ept vpid
bogomips	: 3192.64
clflush size	: 64
cache_alignment	: 64
address sizes	: 36 bits physical, 48 bits virtual
power management:

processor	: 3
vendor_id	: GenuineIntel
cpu family	: 6
model		: 42
model name	: Intel(R) Core(TM) i5-2467M CPU @ 1.60GHz
stepping	: 7
microcode	: 0x25
cpu MHz		: 1600.000
cache size	: 3072 KB
physical id	: 0
siblings	: 4
core id		: 1
cpu cores	: 2
apicid		: 3
initial apicid	: 3
fpu		: yes
fpu_exception	: yes
cpuid level	: 13
wp		: yes
flags		: fpu vme de pse tsc msr pae mce cx8 apic sep mtrr pge mca cmov pat pse36 clflush dts acpi mmx fxsr sse sse2 ss ht tm pbe syscall nx rdtscp lm constant_tsc arch_perfmon pebs bts rep_good nopl xtopology nonstop_tsc aperfmperf eagerfpu pni pclmulqdq dtes64 monitor ds_cpl vmx est tm2 ssse3 cx16 xtpr pdcm pcid sse4_1 sse4_2 x2apic popcnt tsc_deadline_timer aes xsave avx lahf_lm ida arat epb xsaveopt pln pts dtherm tpr_shadow vnmi flexpriority ept vpid
bogomips	: 3192.64
clflush size	: 64
cache_alignment	: 64
address sizes	: 36 bits physical, 48 bits virtual
power management:



Memory: 4k page, physical 3991576k(115436k free), swap 3905532k(0k free)

vm_info: Java HotSpot(TM) 64-Bit Server VM (25.40-b25) for linux-amd64 JRE (1.8.0_40-b25), built on Feb 10 2015 21:29:53 by "java_re" with gcc 4.3.0 20080428 (Red Hat 4.3.0-8)

time: Thu Mar 26 14:35:26 2015
elapsed time: 45 seconds (0d 0h 0m 45s)

