#
# There is insufficient memory for the Java Runtime Environment to continue.
# Native memory allocation (mmap) failed to map 20971520 bytes for committing reserved memory.
# Possible reasons:
#   The system is out of physical RAM or swap space
#   In 32 bit mode, the process size limit was hit
# Possible solutions:
#   Reduce memory load on the system
#   Increase physical memory or swap space
#   Check if swap backing store is full
#   Use 64 bit Java on a 64 bit OS
#   Decrease Java heap size (-Xmx/-Xms)
#   Decrease number of Java threads
#   Decrease Java thread stack sizes (-Xss)
#   Set larger code cache with -XX:ReservedCodeCacheSize=
# This output file may be truncated or incomplete.
#
#  Out of Memory Error (os_linux.cpp:2673), pid=1383, tid=140519661336320
#
# JRE version: Java(TM) SE Runtime Environment (8.0_40-b25) (build 1.8.0_40-b25)
# Java VM: Java HotSpot(TM) 64-Bit Server VM (25.40-b25 mixed mode linux-amd64 compressed oops)
# Failed to write core dump. Core dumps have been disabled. To enable core dumping, try "ulimit -c unlimited" before starting Java again
#

---------------  T H R E A D  ---------------

Current thread (0x00007fcd5813f000):  VMThread [stack: 0x00007fcd486f7000,0x00007fcd487f8000] [id=1390]

Stack: [0x00007fcd486f7000,0x00007fcd487f8000],  sp=0x00007fcd487f6160,  free space=1020k
Native frames: (J=compiled Java code, j=interpreted, Vv=VM code, C=native code)
V  [libjvm.so+0xaaca9a]  VMError::report_and_die()+0x2ba
V  [libjvm.so+0x4f333b]  report_vm_out_of_memory(char const*, int, unsigned long, VMErrorType, char const*)+0x8b
V  [libjvm.so+0x90e8c3]  os::Linux::commit_memory_impl(char*, unsigned long, bool)+0x103
V  [libjvm.so+0x90ee19]  os::pd_commit_memory(char*, unsigned long, unsigned long, bool)+0x29
V  [libjvm.so+0x90877a]  os::commit_memory(char*, unsigned long, unsigned long, bool)+0x2a
V  [libjvm.so+0x97bbc3]  PSVirtualSpace::expand_by(unsigned long)+0x53
V  [libjvm.so+0x97cfc8]  PSYoungGen::resize_generation(unsigned long, unsigned long)+0xf8
V  [libjvm.so+0x97c122]  PSYoungGen::resize(unsigned long, unsigned long)+0x22
V  [libjvm.so+0x9793fb]  PSScavenge::invoke_no_policy()+0xf7b
V  [libjvm.so+0x979b81]  PSScavenge::invoke()+0x41
V  [libjvm.so+0x932150]  ParallelScavengeHeap::failed_mem_allocate(unsigned long)+0x70
V  [libjvm.so+0xaae2d7]  VM_ParallelGCFailedAllocation::doit()+0x97
V  [libjvm.so+0xab5ac5]  VM_Operation::evaluate()+0x55
V  [libjvm.so+0xab3e9a]  VMThread::evaluate_operation(VM_Operation*)+0xba
V  [libjvm.so+0xab421e]  VMThread::loop()+0x1ce
V  [libjvm.so+0xab4690]  VMThread::run()+0x70
V  [libjvm.so+0x910ee8]  java_start(Thread*)+0x108

VM_Operation (0x00007fcd60d3cca0): ParallelGCFailedAllocation, mode: safepoint, requested by thread 0x00007fcd5800a000


---------------  P R O C E S S  ---------------

Java Threads: ( => current thread )
  0x00007fcd5818a800 JavaThread "Service Thread" daemon [_thread_blocked, id=1401, stack(0x00007fcd39eec000,0x00007fcd39fed000)]
  0x00007fcd58185000 JavaThread "C1 CompilerThread2" daemon [_thread_blocked, id=1399, stack(0x00007fcd480f1000,0x00007fcd481f2000)]
  0x00007fcd58183800 JavaThread "C2 CompilerThread1" daemon [_thread_blocked, id=1398, stack(0x00007fcd481f2000,0x00007fcd482f3000)]
  0x00007fcd58180800 JavaThread "C2 CompilerThread0" daemon [_thread_blocked, id=1396, stack(0x00007fcd482f3000,0x00007fcd483f4000)]
  0x00007fcd5817f000 JavaThread "Signal Dispatcher" daemon [_thread_blocked, id=1394, stack(0x00007fcd483f4000,0x00007fcd484f5000)]
  0x00007fcd58146000 JavaThread "Finalizer" daemon [_thread_blocked, id=1392, stack(0x00007fcd484f5000,0x00007fcd485f6000)]
  0x00007fcd58144000 JavaThread "Reference Handler" daemon [_thread_blocked, id=1391, stack(0x00007fcd485f6000,0x00007fcd486f7000)]
  0x00007fcd5800a000 JavaThread "main" [_thread_blocked, id=1384, stack(0x00007fcd60c3f000,0x00007fcd60d40000)]

Other Threads:
=>0x00007fcd5813f000 VMThread [stack: 0x00007fcd486f7000,0x00007fcd487f8000] [id=1390]
  0x00007fcd5818d000 WatcherThread [stack: 0x00007fcd39deb000,0x00007fcd39eec000] [id=1403]

VM state:at safepoint (normal execution)

VM Mutex/Monitor currently owned by a thread:  ([mutex/lock_event])
[0x00007fcd580063b0] Threads_lock - owner thread: 0x00007fcd5813f000
[0x00007fcd580068b0] Heap_lock - owner thread: 0x00007fcd5800a000

Heap:
 PSYoungGen      total 88576K, used 23527K [0x00000000f0000000, 0x00000000f8100000, 0x0000000100000000)
  eden space 65024K, 0% used [0x00000000f0000000,0x00000000f0000000,0x00000000f3f80000)
  from space 23552K, 99% used [0x00000000f6a00000,0x00000000f80f9d18,0x00000000f8100000)
  to   space 14848K, 0% used [0x00000000f3f80000,0x00000000f3f80000,0x00000000f4e00000)
 ParOldGen       total 57344K, used 50523K [0x00000000d0000000, 0x00000000d3800000, 0x00000000f0000000)
  object space 57344K, 88% used [0x00000000d0000000,0x00000000d3156f80,0x00000000d3800000)
 Metaspace       used 48926K, capacity 49172K, committed 49280K, reserved 1089536K
  class space    used 9481K, capacity 9562K, committed 9600K, reserved 1048576K

Card table byte_map: [0x00007fcd5d89b000,0x00007fcd5da1c000] byte_map_base: 0x00007fcd5d21b000

Marking Bits: (ParMarkBitMap*) 0x00007fcd601196c0
 Begin Bits: [0x00007fcd3a800000, 0x00007fcd3b400000)
 End Bits:   [0x00007fcd3b400000, 0x00007fcd3c000000)

Polling page: 0x00007fcd60d60000

CodeCache: size=245760Kb used=20490Kb max_used=20490Kb free=225270Kb
 bounds [0x00007fcd49000000, 0x00007fcd4a420000, 0x00007fcd58000000]
 total_blobs=6666 nmethods=6223 adapters=350
 compilation: enabled

Compilation events (10 events):
Event: 34,374 Thread 0x00007fcd58185000 6894       3       scala.collection.immutable.Set$Set2::foreach (23 bytes)
Event: 34,374 Thread 0x00007fcd58185000 nmethod 6894 0x00007fcd4a413390 code [0x00007fcd4a413520, 0x00007fcd4a413818]
Event: 34,375 Thread 0x00007fcd58185000 6895       3       sbt.BasicAttributeMap::keys (10 bytes)
Event: 34,375 Thread 0x00007fcd58185000 nmethod 6895 0x00007fcd4a413910 code [0x00007fcd4a413a80, 0x00007fcd4a413ca8]
Event: 34,377 Thread 0x00007fcd58185000 6896       3       scala.collection.immutable.Map$Map3::<init> (38 bytes)
Event: 34,379 Thread 0x00007fcd58185000 nmethod 6896 0x00007fcd4a413d90 code [0x00007fcd4a413f80, 0x00007fcd4a414748]
Event: 34,379 Thread 0x00007fcd58185000 6897       3       scala.collection.immutable.Map$Map3::updated (335 bytes)
Event: 34,382 Thread 0x00007fcd58185000 nmethod 6897 0x00007fcd4a414d10 code [0x00007fcd4a414fe0, 0x00007fcd4a4167e8]
Event: 34,387 Thread 0x00007fcd58185000 6900       3       scala.collection.immutable.Map$Map3::get (249 bytes)
Event: 34,393 Thread 0x00007fcd58185000 nmethod 6900 0x00007fcd4a416c90 code [0x00007fcd4a416fa0, 0x00007fcd4a418a48]

GC Heap History (10 events):
Event: 12,857 GC heap after
Heap after GC invocations=9 (full 1):
 PSYoungGen      total 64512K, used 4597K [0x00000000f0000000, 0x00000000f5880000, 0x0000000100000000)
  eden space 59904K, 0% used [0x00000000f0000000,0x00000000f0000000,0x00000000f3a80000)
  from space 4608K, 99% used [0x00000000f4300000,0x00000000f477d478,0x00000000f4780000)
  to   space 8704K, 0% used [0x00000000f3a80000,0x00000000f3a80000,0x00000000f4300000)
 ParOldGen       total 37376K, used 9804K [0x00000000d0000000, 0x00000000d2480000, 0x00000000f0000000)
  object space 37376K, 26% used [0x00000000d0000000,0x00000000d09931c8,0x00000000d2480000)
 Metaspace       used 34975K, capacity 35264K, committed 35456K, reserved 1079296K
  class space    used 6353K, capacity 6438K, committed 6528K, reserved 1048576K
}
Event: 12,857 GC heap before
{Heap before GC invocations=10 (full 2):
 PSYoungGen      total 64512K, used 4597K [0x00000000f0000000, 0x00000000f5880000, 0x0000000100000000)
  eden space 59904K, 0% used [0x00000000f0000000,0x00000000f0000000,0x00000000f3a80000)
  from space 4608K, 99% used [0x00000000f4300000,0x00000000f477d478,0x00000000f4780000)
  to   space 8704K, 0% used [0x00000000f3a80000,0x00000000f3a80000,0x00000000f4300000)
 ParOldGen       total 37376K, used 9804K [0x00000000d0000000, 0x00000000d2480000, 0x00000000f0000000)
  object space 37376K, 26% used [0x00000000d0000000,0x00000000d09931c8,0x00000000d2480000)
 Metaspace       used 34975K, capacity 35264K, committed 35456K, reserved 1079296K
  class space    used 6353K, capacity 6438K, committed 6528K, reserved 1048576K
Event: 13,015 GC heap after
Heap after GC invocations=10 (full 2):
 PSYoungGen      total 64512K, used 0K [0x00000000f0000000, 0x00000000f5880000, 0x0000000100000000)
  eden space 59904K, 0% used [0x00000000f0000000,0x00000000f0000000,0x00000000f3a80000)
  from space 4608K, 0% used [0x00000000f4300000,0x00000000f4300000,0x00000000f4780000)
  to   space 8704K, 0% used [0x00000000f3a80000,0x00000000f3a80000,0x00000000f4300000)
 ParOldGen       total 57344K, used 9265K [0x00000000d0000000, 0x00000000d3800000, 0x00000000f0000000)
  object space 57344K, 16% used [0x00000000d0000000,0x00000000d090c590,0x00000000d3800000)
 Metaspace       used 34975K, capacity 35264K, committed 35456K, reserved 1079296K
  class space    used 6353K, capacity 6438K, committed 6528K, reserved 1048576K
}
Event: 15,928 GC heap before
{Heap before GC invocations=11 (full 2):
 PSYoungGen      total 64512K, used 59904K [0x00000000f0000000, 0x00000000f5880000, 0x0000000100000000)
  eden space 59904K, 100% used [0x00000000f0000000,0x00000000f3a80000,0x00000000f3a80000)
  from space 4608K, 0% used [0x00000000f4300000,0x00000000f4300000,0x00000000f4780000)
  to   space 8704K, 0% used [0x00000000f3a80000,0x00000000f3a80000,0x00000000f4300000)
 ParOldGen       total 57344K, used 9265K [0x00000000d0000000, 0x00000000d3800000, 0x00000000f0000000)
  object space 57344K, 16% used [0x00000000d0000000,0x00000000d090c590,0x00000000d3800000)
 Metaspace       used 38132K, capacity 38336K, committed 38528K, reserved 1081344K
  class space    used 7162K, capacity 7206K, committed 7296K, reserved 1048576K
Event: 15,946 GC heap after
Heap after GC invocations=11 (full 2):
 PSYoungGen      total 68608K, used 4565K [0x00000000f0000000, 0x00000000f5680000, 0x0000000100000000)
  eden space 59904K, 0% used [0x00000000f0000000,0x00000000f0000000,0x00000000f3a80000)
  from space 8704K, 52% used [0x00000000f3a80000,0x00000000f3ef5508,0x00000000f4300000)
  to   space 8704K, 0% used [0x00000000f4e00000,0x00000000f4e00000,0x00000000f5680000)
 ParOldGen       total 57344K, used 9273K [0x00000000d0000000, 0x00000000d3800000, 0x00000000f0000000)
  object space 57344K, 16% used [0x00000000d0000000,0x00000000d090e590,0x00000000d3800000)
 Metaspace       used 38132K, capacity 38336K, committed 38528K, reserved 1081344K
  class space    used 7162K, capacity 7206K, committed 7296K, reserved 1048576K
}
Event: 18,008 GC heap before
{Heap before GC invocations=12 (full 2):
 PSYoungGen      total 68608K, used 64469K [0x00000000f0000000, 0x00000000f5680000, 0x0000000100000000)
  eden space 59904K, 100% used [0x00000000f0000000,0x00000000f3a80000,0x00000000f3a80000)
  from space 8704K, 52% used [0x00000000f3a80000,0x00000000f3ef5508,0x00000000f4300000)
  to   space 8704K, 0% used [0x00000000f4e00000,0x00000000f4e00000,0x00000000f5680000)
 ParOldGen       total 57344K, used 9273K [0x00000000d0000000, 0x00000000d3800000, 0x00000000f0000000)
  object space 57344K, 16% used [0x00000000d0000000,0x00000000d090e590,0x00000000d3800000)
 Metaspace       used 39851K, capacity 40064K, committed 40192K, reserved 1081344K
  class space    used 7589K, capacity 7654K, committed 7680K, reserved 1048576K
Event: 18,109 GC heap after
Heap after GC invocations=12 (full 2):
 PSYoungGen      total 73728K, used 8672K [0x00000000f0000000, 0x00000000f6880000, 0x0000000100000000)
  eden space 65024K, 0% used [0x00000000f0000000,0x00000000f0000000,0x00000000f3f80000)
  from space 8704K, 99% used [0x00000000f4e00000,0x00000000f56780a0,0x00000000f5680000)
  to   space 14848K, 0% used [0x00000000f3f80000,0x00000000f3f80000,0x00000000f4e00000)
 ParOldGen       total 57344K, used 23067K [0x00000000d0000000, 0x00000000d3800000, 0x00000000f0000000)
  object space 57344K, 40% used [0x00000000d0000000,0x00000000d1686ca8,0x00000000d3800000)
 Metaspace       used 39851K, capacity 40064K, committed 40192K, reserved 1081344K
  class space    used 7589K, capacity 7654K, committed 7680K, reserved 1048576K
}
Event: 25,056 GC heap before
{Heap before GC invocations=13 (full 2):
 PSYoungGen      total 73728K, used 73696K [0x00000000f0000000, 0x00000000f6880000, 0x0000000100000000)
  eden space 65024K, 100% used [0x00000000f0000000,0x00000000f3f80000,0x00000000f3f80000)
  from space 8704K, 99% used [0x00000000f4e00000,0x00000000f56780a0,0x00000000f5680000)
  to   space 14848K, 0% used [0x00000000f3f80000,0x00000000f3f80000,0x00000000f4e00000)
 ParOldGen       total 57344K, used 23067K [0x00000000d0000000, 0x00000000d3800000, 0x00000000f0000000)
  object space 57344K, 40% used [0x00000000d0000000,0x00000000d1686ca8,0x00000000d3800000)
 Metaspace       used 44507K, capacity 44844K, committed 45056K, reserved 1085440K
  class space    used 8567K, capacity 8654K, committed 8704K, reserved 1048576K
Event: 25,241 GC heap after
Heap after GC invocations=13 (full 2):
 PSYoungGen      total 79872K, used 14824K [0x00000000f0000000, 0x00000000f8100000, 0x0000000100000000)
  eden space 65024K, 0% used [0x00000000f0000000,0x00000000f0000000,0x00000000f3f80000)
  from space 14848K, 99% used [0x00000000f3f80000,0x00000000f4dfa0e0,0x00000000f4e00000)
  to   space 23552K, 0% used [0x00000000f6a00000,0x00000000f6a00000,0x00000000f8100000)
 ParOldGen       total 57344K, used 41782K [0x00000000d0000000, 0x00000000d3800000, 0x00000000f0000000)
  object space 57344K, 72% used [0x00000000d0000000,0x00000000d28cda98,0x00000000d3800000)
 Metaspace       used 44507K, capacity 44844K, committed 45056K, reserved 1085440K
  class space    used 8567K, capacity 8654K, committed 8704K, reserved 1048576K
}
Event: 34,398 GC heap before
{Heap before GC invocations=14 (full 2):
 PSYoungGen      total 79872K, used 79848K [0x00000000f0000000, 0x00000000f8100000, 0x0000000100000000)
  eden space 65024K, 100% used [0x00000000f0000000,0x00000000f3f80000,0x00000000f3f80000)
  from space 14848K, 99% used [0x00000000f3f80000,0x00000000f4dfa0e0,0x00000000f4e00000)
  to   space 23552K, 0% used [0x00000000f6a00000,0x00000000f6a00000,0x00000000f8100000)
 ParOldGen       total 57344K, used 41782K [0x00000000d0000000, 0x00000000d3800000, 0x00000000f0000000)
  object space 57344K, 72% used [0x00000000d0000000,0x00000000d28cda98,0x00000000d3800000)
 Metaspace       used 48926K, capacity 49172K, committed 49280K, reserved 1089536K
  class space    used 9481K, capacity 9562K, committed 9600K, reserved 1048576K

Deoptimization events (10 events):
Event: 33,466 Thread 0x00007fcd5800a000 Uncommon trap: reason=speculate_class_check action=maybe_recompile pc=0x00007fcd4a3c15ec method=scala.reflect.internal.InfoTransformers$InfoTransformer.nextFrom(I)Lscala/reflect/internal/InfoTransformers$InfoTransformer; @ 2
Event: 33,467 Thread 0x00007fcd5800a000 Uncommon trap: reason=speculate_class_check action=maybe_recompile pc=0x00007fcd4a3ad320 method=scala.reflect.internal.InfoTransformers$InfoTransformer.nextFrom(I)Lscala/reflect/internal/InfoTransformers$InfoTransformer; @ 2
Event: 33,467 Thread 0x00007fcd5800a000 Uncommon trap: reason=speculate_class_check action=maybe_recompile pc=0x00007fcd4a3c15ec method=scala.reflect.internal.InfoTransformers$InfoTransformer.nextFrom(I)Lscala/reflect/internal/InfoTransformers$InfoTransformer; @ 2
Event: 33,467 Thread 0x00007fcd5800a000 Uncommon trap: reason=speculate_class_check action=maybe_recompile pc=0x00007fcd4a3ad320 method=scala.reflect.internal.InfoTransformers$InfoTransformer.nextFrom(I)Lscala/reflect/internal/InfoTransformers$InfoTransformer; @ 2
Event: 33,467 Thread 0x00007fcd5800a000 Uncommon trap: reason=speculate_class_check action=maybe_recompile pc=0x00007fcd4a3c15ec method=scala.reflect.internal.InfoTransformers$InfoTransformer.nextFrom(I)Lscala/reflect/internal/InfoTransformers$InfoTransformer; @ 2
Event: 33,576 Thread 0x00007fcd5800a000 Uncommon trap: reason=class_check action=maybe_recompile pc=0x00007fcd49211360 method=sun.misc.URLClassPath.getLoader(I)Lsun/misc/URLClassPath$Loader; @ 94
Event: 33,579 Thread 0x00007fcd5800a000 Uncommon trap: reason=unstable_if action=reinterpret pc=0x00007fcd4958fa70 method=java.lang.String.regionMatches(ZILjava/lang/String;II)Z @ 41
Event: 33,588 Thread 0x00007fcd5800a000 Uncommon trap: reason=class_check action=maybe_recompile pc=0x00007fcd49211404 method=sun.misc.URLClassPath.getLoader(I)Lsun/misc/URLClassPath$Loader; @ 193
Event: 33,592 Thread 0x00007fcd5800a000 Uncommon trap: reason=class_check action=maybe_recompile pc=0x00007fcd4920f518 method=sun.misc.URLClassPath.getLoader(I)Lsun/misc/URLClassPath$Loader; @ 94
Event: 34,232 Thread 0x00007fcd5945c800 Uncommon trap: reason=unstable_if action=reinterpret pc=0x00007fcd497b70f0 method=java.util.concurrent.ConcurrentHashMap.putVal(Ljava/lang/Object;Ljava/lang/Object;Z)Ljava/lang/Object; @ 98

Internal exceptions (10 events):
Event: 6,244 Thread 0x00007fcd5800a000 Exception <a 'java/lang/ArrayIndexOutOfBoundsException'> (0x00000000f1ca9360) thrown at [/HUDSON/workspace/8-2-build-linux-amd64/jdk8u40/2855/hotspot/src/share/vm/runtime/sharedRuntime.cpp, line 605]
Event: 6,304 Thread 0x00007fcd5800a000 Exception <a 'java/lang/ArrayIndexOutOfBoundsException'> (0x00000000f1cd1638) thrown at [/HUDSON/workspace/8-2-build-linux-amd64/jdk8u40/2855/hotspot/src/share/vm/runtime/sharedRuntime.cpp, line 605]
Event: 9,399 Thread 0x00007fcd5800a000 Exception <a 'java/lang/ClassNotFoundException': java/net> (0x00000000f1d893d0) thrown at [/HUDSON/workspace/8-2-build-linux-amd64/jdk8u40/2855/hotspot/src/share/vm/classfile/systemDictionary.cpp, line 210]
Event: 9,400 Thread 0x00007fcd5800a000 Exception <a 'java/lang/ClassNotFoundException': java/net/package> (0x00000000f1d8a228) thrown at [/HUDSON/workspace/8-2-build-linux-amd64/jdk8u40/2855/hotspot/src/share/vm/classfile/systemDictionary.cpp, line 210]
Event: 16,014 Thread 0x00007fcd597b3800 Exception <a 'java/io/FileNotFoundException'> (0x00000000f0201f98) thrown at [/HUDSON/workspace/8-2-build-linux-amd64/jdk8u40/2855/hotspot/src/share/vm/prims/jni.cpp, line 709]
Event: 16,561 Thread 0x00007fcd5800a000 Exception <a 'java/security/PrivilegedActionException'> (0x00000000f01272b8) thrown at [/HUDSON/workspace/8-2-build-linux-amd64/jdk8u40/2855/hotspot/src/share/vm/prims/jvm.cpp, line 1382]
Event: 16,561 Thread 0x00007fcd5800a000 Exception <a 'java/security/PrivilegedActionException'> (0x00000000f0127790) thrown at [/HUDSON/workspace/8-2-build-linux-amd64/jdk8u40/2855/hotspot/src/share/vm/prims/jvm.cpp, line 1382]
Event: 16,764 Thread 0x00007fcd5800a000 Exception <a 'java/lang/ArrayIndexOutOfBoundsException'> (0x00000000f0eeb3e0) thrown at [/HUDSON/workspace/8-2-build-linux-amd64/jdk8u40/2855/hotspot/src/share/vm/runtime/sharedRuntime.cpp, line 605]
Event: 16,851 Thread 0x00007fcd5800a000 Exception <a 'java/lang/ArrayIndexOutOfBoundsException'> (0x00000000f0fdc4d0) thrown at [/HUDSON/workspace/8-2-build-linux-amd64/jdk8u40/2855/hotspot/src/share/vm/runtime/sharedRuntime.cpp, line 605]
Event: 16,865 Thread 0x00007fcd5800a000 Exception <a 'java/lang/ArrayIndexOutOfBoundsException'> (0x00000000f0ffa770) thrown at [/HUDSON/workspace/8-2-build-linux-amd64/jdk8u40/2855/hotspot/src/share/vm/runtime/sharedRuntime.cpp, line 605]

Events (10 events):
Event: 34,334 loading class sbt/impl/DependencyBuilders$$anonfun$moduleIDConfigurable$1 done
Event: 34,345 loading class sbt/impl/ModuleIDConfigurable
Event: 34,345 loading class sbt/impl/ModuleIDConfigurable done
Event: 34,377 Executing VM operation: RevokeBias
Event: 34,377 Executing VM operation: RevokeBias done
Event: 34,377 Thread 0x00007fcd5945d800 Thread exited: 0x00007fcd5945d800
Event: 34,377 Thread 0x00007fcd5945c800 Thread exited: 0x00007fcd5945c800
Event: 34,378 Thread 0x00007fcd5945e000 Thread exited: 0x00007fcd5945e000
Event: 34,378 Thread 0x00007fcd5945f800 Thread exited: 0x00007fcd5945f800
Event: 34,394 Executing VM operation: ParallelGCFailedAllocation


Dynamic libraries:
00400000-00401000 r-xp 00000000 08:01 1193840                            /usr/lib/jvm/java-8-oracle/bin/java
00600000-00601000 rw-p 00000000 08:01 1193840                            /usr/lib/jvm/java-8-oracle/bin/java
01245000-01266000 rw-p 00000000 00:00 0                                  [heap]
d0000000-d3800000 rw-p 00000000 00:00 0 
d3800000-f0000000 ---p 00000000 00:00 0 
f0000000-f8100000 rw-p 00000000 00:00 0 
f9500000-100000000 ---p 00000000 00:00 0 
100000000-100960000 rw-p 00000000 00:00 0 
100960000-140000000 ---p 00000000 00:00 0 
7fccf0000000-7fccf0021000 rw-p 00000000 00:00 0 
7fccf0021000-7fccf4000000 ---p 00000000 00:00 0 
7fccf8000000-7fccf8021000 rw-p 00000000 00:00 0 
7fccf8021000-7fccfc000000 ---p 00000000 00:00 0 
7fccfc000000-7fccfc05c000 rw-p 00000000 00:00 0 
7fccfc05c000-7fcd00000000 ---p 00000000 00:00 0 
7fcd00000000-7fcd00091000 rw-p 00000000 00:00 0 
7fcd00091000-7fcd04000000 ---p 00000000 00:00 0 
7fcd04000000-7fcd040d3000 rw-p 00000000 00:00 0 
7fcd040d3000-7fcd08000000 ---p 00000000 00:00 0 
7fcd0b068000-7fcd0b128000 rw-p 00000000 00:00 0 
7fcd0b128000-7fcd0b268000 ---p 00000000 00:00 0 
7fcd0b268000-7fcd0b468000 rw-p 00000000 00:00 0 
7fcd0b468000-7fcd0b668000 rw-p 00000000 00:00 0 
7fcd0b668000-7fcd0b868000 rw-p 00000000 00:00 0 
7fcd0b868000-7fcd0b8fd000 r--s 010fa000 08:01 1201052                    /usr/lib/jvm/java-8-oracle/jre/lib/ext/jfxrt.jar
7fcd0b8fd000-7fcd0b900000 ---p 00000000 00:00 0 
7fcd0b900000-7fcd0bbfe000 rw-p 00000000 00:00 0 
7fcd0bbfe000-7fcd0bc01000 ---p 00000000 00:00 0 
7fcd0bc01000-7fcd0beff000 rw-p 00000000 00:00 0 
7fcd0beff000-7fcd0bf02000 ---p 00000000 00:00 0 
7fcd0bf02000-7fcd0c000000 rw-p 00000000 00:00 0 
7fcd0c000000-7fcd0c021000 rw-p 00000000 00:00 0 
7fcd0c021000-7fcd10000000 ---p 00000000 00:00 0 
7fcd10000000-7fcd10038000 rw-p 00000000 00:00 0 
7fcd10038000-7fcd14000000 ---p 00000000 00:00 0 
7fcd14000000-7fcd14db1000 rw-p 00000000 00:00 0 
7fcd14db1000-7fcd18000000 ---p 00000000 00:00 0 
7fcd18000000-7fcd18021000 rw-p 00000000 00:00 0 
7fcd18021000-7fcd1c000000 ---p 00000000 00:00 0 
7fcd1c000000-7fcd1e19c000 rw-p 00000000 00:00 0 
7fcd1e19c000-7fcd20000000 ---p 00000000 00:00 0 
7fcd20000000-7fcd2240e000 rw-p 00000000 00:00 0 
7fcd2240e000-7fcd24000000 ---p 00000000 00:00 0 
7fcd24000000-7fcd24021000 rw-p 00000000 00:00 0 
7fcd24021000-7fcd28000000 ---p 00000000 00:00 0 
7fcd28000000-7fcd28021000 rw-p 00000000 00:00 0 
7fcd28021000-7fcd2c000000 ---p 00000000 00:00 0 
7fcd2c000000-7fcd2c2ec000 rw-p 00000000 00:00 0 
7fcd2c2ec000-7fcd30000000 ---p 00000000 00:00 0 
7fcd30000000-7fcd30021000 rw-p 00000000 00:00 0 
7fcd30021000-7fcd34000000 ---p 00000000 00:00 0 
7fcd34000000-7fcd34021000 rw-p 00000000 00:00 0 
7fcd34021000-7fcd38000000 ---p 00000000 00:00 0 
7fcd38042000-7fcd38045000 ---p 00000000 00:00 0 
7fcd38045000-7fcd38143000 rw-p 00000000 00:00 0 
7fcd38143000-7fcd38146000 ---p 00000000 00:00 0 
7fcd38146000-7fcd38244000 rw-p 00000000 00:00 0 
7fcd38244000-7fcd38247000 ---p 00000000 00:00 0 
7fcd38247000-7fcd38545000 rw-p 00000000 00:00 0 
7fcd38545000-7fcd38745000 rw-p 00000000 00:00 0 
7fcd38745000-7fcd38945000 rw-p 00000000 00:00 0 
7fcd389a6000-7fcd389a7000 rw-p 00000000 00:00 0 
7fcd389a7000-7fcd389a8000 r--s 00010000 08:01 1201054                    /usr/lib/jvm/java-8-oracle/jre/lib/ext/zipfs.jar
7fcd389a8000-7fcd389ab000 r--s 0003a000 08:01 1201053                    /usr/lib/jvm/java-8-oracle/jre/lib/ext/sunpkcs11.jar
7fcd389ab000-7fcd389b0000 r--s 0003f000 08:01 1201050                    /usr/lib/jvm/java-8-oracle/jre/lib/ext/sunjce_provider.jar
7fcd389b0000-7fcd389cb000 r--s 001d0000 08:01 1201049                    /usr/lib/jvm/java-8-oracle/jre/lib/ext/nashorn.jar
7fcd389cb000-7fcd389cc000 r--s 00009000 08:01 1201048                    /usr/lib/jvm/java-8-oracle/jre/lib/ext/sunec.jar
7fcd389cc000-7fcd389ce000 r--s 00001000 08:01 1201047                    /usr/lib/jvm/java-8-oracle/jre/lib/ext/dnsns.jar
7fcd389ce000-7fcd389d3000 r--s 00083000 08:01 1201067                    /usr/lib/jvm/java-8-oracle/jre/lib/jfr.jar
7fcd389d3000-7fcd389d8000 r--s 002f8000 08:01 1195443                    /usr/lib/jvm/java-8-oracle/jre/lib/charsets.jar
7fcd389d8000-7fcd389db000 r--s 0001a000 08:01 1195519                    /usr/lib/jvm/java-8-oracle/jre/lib/jce.jar
7fcd389db000-7fcd389e6000 r--s 00116000 08:01 1201055                    /usr/lib/jvm/java-8-oracle/jre/lib/ext/localedata.jar
7fcd389e6000-7fcd38a02000 r--s 00393000 08:01 1201046                    /usr/lib/jvm/java-8-oracle/jre/lib/ext/cldrdata.jar
7fcd38a02000-7fcd38c02000 rw-p 00000000 00:00 0 
7fcd38c02000-7fcd38c15000 r--s 00344000 08:01 1195493                    /usr/lib/jvm/java-8-oracle/jre/lib/resources.jar
7fcd38c15000-7fcd38e15000 rw-p 00000000 00:00 0 
7fcd38e15000-7fcd39015000 rw-p 00000000 00:00 0 
7fcd39015000-7fcd39215000 rw-p 00000000 00:00 0 
7fcd39215000-7fcd39415000 rw-p 00000000 00:00 0 
7fcd39415000-7fcd3948e000 r--s 010e7000 08:01 1188782                    /usr/lib/jvm/java-8-oracle/lib/tools.jar
7fcd3948e000-7fcd3968e000 rw-p 00000000 00:00 0 
7fcd3968e000-7fcd39693000 r--s 00094000 08:01 1201078                    /usr/lib/jvm/java-8-oracle/jre/lib/jsse.jar
7fcd39693000-7fcd39695000 r--s 0000b000 08:06 3278604                    /home/alina/.sbt/boot/scala-2.10.4/org.scala-sbt/sbt/0.13.8/xsbti/interface-0.13.8.jar
7fcd39695000-7fcd39697000 r--s 00012000 08:06 3278641                    /home/alina/.sbt/boot/scala-2.10.4/org.scala-sbt/sbt/0.13.8/jawn-parser_2.10-0.6.0.jar
7fcd39697000-7fcd3969c000 r--s 00036000 08:06 3278648                    /home/alina/.sbt/boot/scala-2.10.4/org.scala-sbt/sbt/0.13.8/compile-0.13.8.jar
7fcd3969c000-7fcd396a0000 r--s 00022000 08:06 3278632                    /home/alina/.sbt/boot/scala-2.10.4/org.scala-sbt/sbt/0.13.8/sbinary_2.10-0.4.2.jar
7fcd396a0000-7fcd396a4000 r--s 0001b000 08:06 3278601                    /home/alina/.sbt/boot/scala-2.10.4/org.scala-sbt/sbt/0.13.8/process-0.13.8.jar
7fcd396a4000-7fcd396a5000 r--s 00001000 08:06 3278595                    /home/alina/.sbt/boot/scala-2.10.4/org.scala-sbt/sbt/0.13.8/json4s-support_2.10-0.6.0.jar
7fcd396a5000-7fcd396a8000 r--s 00012000 08:06 3278625                    /home/alina/.sbt/boot/scala-2.10.4/org.scala-sbt/sbt/0.13.8/classfile-0.13.8.jar
7fcd396a8000-7fcd396b2000 r--s 0006e000 08:06 3278619                    /home/alina/.sbt/boot/scala-2.10.4/org.scala-sbt/sbt/0.13.8/incremental-compiler-0.13.8.jar
7fcd396b2000-7fcd396b4000 r--s 00013000 08:06 3278618                    /home/alina/.sbt/boot/scala-2.10.4/org.scala-sbt/sbt/0.13.8/json4s-ast_2.10-3.2.10.jar
7fcd396b4000-7fcd396b5000 r--s 00005000 08:06 3278634                    /home/alina/.sbt/boot/scala-2.10.4/org.scala-sbt/sbt/0.13.8/test-agent-0.13.8.jar
7fcd396b5000-7fcd396be000 r--s 0006e000 08:06 3278647                    /home/alina/.sbt/boot/scala-2.10.4/org.scala-sbt/sbt/0.13.8/actions-0.13.8.jar
7fcd396be000-7fcd398be000 rw-p 00000000 00:00 0 
7fcd398be000-7fcd398c6000 r--s 00060000 08:06 3278611                    /home/alina/.sbt/boot/scala-2.10.4/org.scala-sbt/sbt/0.13.8/collections-0.13.8.jar
7fcd398c6000-7fcd399c3000 r--s 00cca000 08:06 2361581                    /home/alina/.sbt/boot/scala-2.10.4/lib/scala-compiler.jar
7fcd399c3000-7fcd399d4000 r-xp 00000000 08:01 1195391                    /usr/lib/jvm/java-8-oracle/jre/lib/amd64/libnio.so
7fcd399d4000-7fcd39bd3000 ---p 00011000 08:01 1195391                    /usr/lib/jvm/java-8-oracle/jre/lib/amd64/libnio.so
7fcd39bd3000-7fcd39bd4000 rw-p 00010000 08:01 1195391                    /usr/lib/jvm/java-8-oracle/jre/lib/amd64/libnio.so
7fcd39bd4000-7fcd39bea000 r-xp 00000000 08:01 1195427                    /usr/lib/jvm/java-8-oracle/jre/lib/amd64/libnet.so
7fcd39bea000-7fcd39dea000 ---p 00016000 08:01 1195427                    /usr/lib/jvm/java-8-oracle/jre/lib/amd64/libnet.so
7fcd39dea000-7fcd39deb000 rw-p 00016000 08:01 1195427                    /usr/lib/jvm/java-8-oracle/jre/lib/amd64/libnet.so
7fcd39deb000-7fcd39dec000 ---p 00000000 00:00 0 
7fcd39dec000-7fcd39eec000 rw-p 00000000 00:00 0                          [stack:1403]
7fcd39eec000-7fcd39eef000 ---p 00000000 00:00 0 
7fcd39eef000-7fcd39fed000 rw-p 00000000 00:00 0                          [stack:1401]
7fcd39fed000-7fcd3a800000 r--p 00000000 08:01 1183313                    /usr/lib/locale/locale-archive
7fcd3a800000-7fcd3c000000 rw-p 00000000 00:00 0 
7fcd3c000000-7fcd3c021000 rw-p 00000000 00:00 0 
7fcd3c021000-7fcd40000000 ---p 00000000 00:00 0 
7fcd40000000-7fcd40021000 rw-p 00000000 00:00 0 
7fcd40021000-7fcd44000000 ---p 00000000 00:00 0 
7fcd44000000-7fcd44021000 rw-p 00000000 00:00 0 
7fcd44021000-7fcd48000000 ---p 00000000 00:00 0 
7fcd48000000-7fcd48002000 r--s 00001000 08:06 3278599                    /home/alina/.sbt/boot/scala-2.10.4/org.scala-sbt/sbt/0.13.8/launcher-interface-0.13.8.jar
7fcd48002000-7fcd48005000 r--s 0001e000 08:06 3278630                    /home/alina/.sbt/boot/scala-2.10.4/org.scala-sbt/sbt/0.13.8/run-0.13.8.jar
7fcd48005000-7fcd48006000 r--s 00001000 08:06 3278608                    /home/alina/.sbt/boot/scala-2.10.4/org.scala-sbt/sbt/0.13.8/cross-0.13.8.jar
7fcd48006000-7fcd4803c000 r--s 002d9000 08:06 3278644                    /home/alina/.sbt/boot/scala-2.10.4/org.scala-sbt/sbt/0.13.8/scala-reflect-2.10.4.jar
7fcd4803c000-7fcd4803e000 r--s 0000b000 08:06 3278612                    /home/alina/.sbt/boot/scala-2.10.4/org.scala-sbt/sbt/0.13.8/tracking-0.13.8.jar
7fcd4803e000-7fcd48041000 r--s 00030000 08:06 3278643                    /home/alina/.sbt/boot/scala-2.10.4/org.scala-sbt/sbt/0.13.8/jline-2.11.jar
7fcd48041000-7fcd4804b000 r--s 00092000 08:06 3278635                    /home/alina/.sbt/boot/scala-2.10.4/org.scala-sbt/sbt/0.13.8/main-settings-0.13.8.jar
7fcd4804b000-7fcd48052000 r--s 00049000 08:06 3278620                    /home/alina/.sbt/boot/scala-2.10.4/org.scala-sbt/sbt/0.13.8/api-0.13.8.jar
7fcd48052000-7fcd48054000 r--s 00002000 08:06 3278638                    /home/alina/.sbt/boot/scala-2.10.4/org.scala-sbt/sbt/0.13.8/test-interface-1.0.jar
7fcd48054000-7fcd48056000 r--s 00006000 08:06 3278606                    /home/alina/.sbt/boot/scala-2.10.4/org.scala-sbt/sbt/0.13.8/relation-0.13.8.jar
7fcd48056000-7fcd48059000 r--s 0001a000 08:06 3278631                    /home/alina/.sbt/boot/scala-2.10.4/org.scala-sbt/sbt/0.13.8/cache-0.13.8.jar
7fcd48059000-7fcd4805b000 r--s 00007000 08:06 3278637                    /home/alina/.sbt/boot/scala-2.10.4/org.scala-sbt/sbt/0.13.8/paranamer-2.6.jar
7fcd4805b000-7fcd4805d000 r--s 00014000 08:06 3278640                    /home/alina/.sbt/boot/scala-2.10.4/org.scala-sbt/sbt/0.13.8/apply-macro-0.13.8.jar
7fcd4805d000-7fcd48069000 r--s 000a4000 08:06 3278633                    /home/alina/.sbt/boot/scala-2.10.4/org.scala-sbt/sbt/0.13.8/quasiquotes_2.10-2.0.1.jar
7fcd48069000-7fcd4807f000 r--s 00100000 08:06 3278609                    /home/alina/.sbt/boot/scala-2.10.4/org.scala-sbt/sbt/0.13.8/ivy-2.3.0-sbt-fccfbd44c9f64523b61398a0155784dcbaeae28f.jar
7fcd4807f000-7fcd48085000 r--s 0003d000 08:06 3278642                    /home/alina/.sbt/boot/scala-2.10.4/org.scala-sbt/sbt/0.13.8/io-0.13.8.jar
7fcd48085000-7fcd48087000 r--s 00002000 08:06 3278645                    /home/alina/.sbt/boot/scala-2.10.4/org.scala-sbt/sbt/0.13.8/control-0.13.8.jar
7fcd48087000-7fcd4808a000 r--s 0001d000 08:06 3278639                    /home/alina/.sbt/boot/scala-2.10.4/org.scala-sbt/sbt/0.13.8/tasks-0.13.8.jar
7fcd4808a000-7fcd4808d000 r--s 0001c000 08:06 3278628                    /home/alina/.sbt/boot/scala-2.10.4/org.scala-sbt/sbt/0.13.8/compiler-integration-0.13.8.jar
7fcd4808d000-7fcd48095000 r--s 00057000 08:06 3278627                    /home/alina/.sbt/boot/scala-2.10.4/org.scala-sbt/sbt/0.13.8/completion-0.13.8.jar
7fcd48095000-7fcd48098000 r--s 00013000 08:06 3278613                    /home/alina/.sbt/boot/scala-2.10.4/org.scala-sbt/sbt/0.13.8/classpath-0.13.8.jar
7fcd48098000-7fcd480b8000 r--s 001a4000 08:06 3278629                    /home/alina/.sbt/boot/scala-2.10.4/org.scala-sbt/sbt/0.13.8/ivy-0.13.8.jar
7fcd480b8000-7fcd480bb000 r--s 0001d000 08:06 3278622                    /home/alina/.sbt/boot/scala-2.10.4/org.scala-sbt/sbt/0.13.8/task-system-0.13.8.jar
7fcd480bb000-7fcd480c5000 r--s 00085000 08:06 3278646                    /home/alina/.sbt/boot/scala-2.10.4/org.scala-sbt/sbt/0.13.8/json4s-core_2.10-3.2.10.jar
7fcd480c5000-7fcd480f1000 r--s 00235000 08:06 3278621                    /home/alina/.sbt/boot/scala-2.10.4/org.scala-sbt/sbt/0.13.8/main-0.13.8.jar
7fcd480f1000-7fcd480f4000 ---p 00000000 00:00 0 
7fcd480f4000-7fcd481f2000 rw-p 00000000 00:00 0                          [stack:1399]
7fcd481f2000-7fcd481f5000 ---p 00000000 00:00 0 
7fcd481f5000-7fcd482f3000 rw-p 00000000 00:00 0                          [stack:1398]
7fcd482f3000-7fcd482f6000 ---p 00000000 00:00 0 
7fcd482f6000-7fcd483f4000 rw-p 00000000 00:00 0                          [stack:1396]
7fcd483f4000-7fcd483f7000 ---p 00000000 00:00 0 
7fcd483f7000-7fcd484f5000 rw-p 00000000 00:00 0                          [stack:1394]
7fcd484f5000-7fcd484f8000 ---p 00000000 00:00 0 
7fcd484f8000-7fcd485f6000 rw-p 00000000 00:00 0                          [stack:1392]
7fcd485f6000-7fcd485f9000 ---p 00000000 00:00 0 
7fcd485f9000-7fcd486f7000 rw-p 00000000 00:00 0                          [stack:1391]
7fcd486f7000-7fcd486f8000 ---p 00000000 00:00 0 
7fcd486f8000-7fcd49000000 rw-p 00000000 00:00 0                          [stack:1390]
7fcd49000000-7fcd4a420000 rwxp 00000000 00:00 0 
7fcd4a420000-7fcd58000000 ---p 00000000 00:00 0 
7fcd58000000-7fcd59a3f000 rw-p 00000000 00:00 0 
7fcd59a3f000-7fcd5c000000 ---p 00000000 00:00 0 
7fcd5c000000-7fcd5c005000 r--s 00024000 08:06 3278617                    /home/alina/.sbt/boot/scala-2.10.4/org.scala-sbt/sbt/0.13.8/persist-0.13.8.jar
7fcd5c005000-7fcd5c008000 r--s 00018000 08:06 3278600                    /home/alina/.sbt/boot/scala-2.10.4/org.scala-sbt/sbt/0.13.8/logging-0.13.8.jar
7fcd5c008000-7fcd5c00c000 r--s 00034000 08:06 3278598                    /home/alina/.sbt/boot/scala-2.10.4/org.scala-sbt/sbt/0.13.8/jsch-0.1.46.jar
7fcd5c00c000-7fcd5c01b000 r--s 000bb000 08:06 3278626                    /home/alina/.sbt/boot/scala-2.10.4/org.scala-sbt/sbt/0.13.8/scala-pickling_2.10-0.10.0.jar
7fcd5c01b000-7fcd5c022000 r--s 0004b000 08:06 3278602                    /home/alina/.sbt/boot/scala-2.10.4/org.scala-sbt/sbt/0.13.8/serialization_2.10-0.1.1.jar
7fcd5c022000-7fcd5c027000 r--s 00036000 08:06 3278607                    /home/alina/.sbt/boot/scala-2.10.4/org.scala-sbt/sbt/0.13.8/command-0.13.8.jar
7fcd5c027000-7fcd5c099000 r--s 0065a000 08:06 2361582                    /home/alina/.sbt/boot/scala-2.10.4/lib/scala-library.jar
7fcd5c099000-7fcd5c0cf000 r--s 002d9000 08:06 2361580                    /home/alina/.sbt/boot/scala-2.10.4/lib/scala-reflect.jar
7fcd5c0cf000-7fcd5c0e9000 r--s 00107000 08:06 2359454                    /home/alina/.IntelliJIdea14/config/plugins/Scala/launcher/sbt-launch.jar
7fcd5c0e9000-7fcd5c83f000 rw-p 00000000 00:00 0 
7fcd5c83f000-7fcd5ca17000 r--s 03d09000 08:01 1201056                    /usr/lib/jvm/java-8-oracle/jre/lib/rt.jar
7fcd5ca17000-7fcd5d397000 rw-p 00000000 00:00 0 
7fcd5d397000-7fcd5d398000 ---p 00000000 00:00 0 
7fcd5d398000-7fcd5d498000 rw-p 00000000 00:00 0                          [stack:1388]
7fcd5d498000-7fcd5d499000 ---p 00000000 00:00 0 
7fcd5d499000-7fcd5d599000 rw-p 00000000 00:00 0                          [stack:1387]
7fcd5d599000-7fcd5d59a000 ---p 00000000 00:00 0 
7fcd5d59a000-7fcd5d69a000 rw-p 00000000 00:00 0                          [stack:1386]
7fcd5d69a000-7fcd5d69b000 ---p 00000000 00:00 0 
7fcd5d69b000-7fcd5d7b7000 rw-p 00000000 00:00 0                          [stack:1385]
7fcd5d7b7000-7fcd5d89b000 ---p 00000000 00:00 0 
7fcd5d89b000-7fcd5d8b7000 rw-p 00000000 00:00 0 
7fcd5d8b7000-7fcd5d99b000 ---p 00000000 00:00 0 
7fcd5d99b000-7fcd5d9dc000 rw-p 00000000 00:00 0 
7fcd5d9dc000-7fcd5da1b000 ---p 00000000 00:00 0 
7fcd5da1b000-7fcd5da6d000 rw-p 00000000 00:00 0 
7fcd5da6d000-7fcd5dddc000 ---p 00000000 00:00 0 
7fcd5dddc000-7fcd5ddf6000 r-xp 00000000 08:01 1195436                    /usr/lib/jvm/java-8-oracle/jre/lib/amd64/libzip.so
7fcd5ddf6000-7fcd5dff6000 ---p 0001a000 08:01 1195436                    /usr/lib/jvm/java-8-oracle/jre/lib/amd64/libzip.so
7fcd5dff6000-7fcd5dff7000 rw-p 0001a000 08:01 1195436                    /usr/lib/jvm/java-8-oracle/jre/lib/amd64/libzip.so
7fcd5dff7000-7fcd5e002000 r-xp 00000000 08:01 1046619                    /lib/x86_64-linux-gnu/libnss_files-2.19.so
7fcd5e002000-7fcd5e201000 ---p 0000b000 08:01 1046619                    /lib/x86_64-linux-gnu/libnss_files-2.19.so
7fcd5e201000-7fcd5e202000 r--p 0000a000 08:01 1046619                    /lib/x86_64-linux-gnu/libnss_files-2.19.so
7fcd5e202000-7fcd5e203000 rw-p 0000b000 08:01 1046619                    /lib/x86_64-linux-gnu/libnss_files-2.19.so
7fcd5e203000-7fcd5e20e000 r-xp 00000000 08:01 1050897                    /lib/x86_64-linux-gnu/libnss_nis-2.19.so
7fcd5e20e000-7fcd5e40d000 ---p 0000b000 08:01 1050897                    /lib/x86_64-linux-gnu/libnss_nis-2.19.so
7fcd5e40d000-7fcd5e40e000 r--p 0000a000 08:01 1050897                    /lib/x86_64-linux-gnu/libnss_nis-2.19.so
7fcd5e40e000-7fcd5e40f000 rw-p 0000b000 08:01 1050897                    /lib/x86_64-linux-gnu/libnss_nis-2.19.so
7fcd5e40f000-7fcd5e426000 r-xp 00000000 08:01 1046628                    /lib/x86_64-linux-gnu/libnsl-2.19.so
7fcd5e426000-7fcd5e625000 ---p 00017000 08:01 1046628                    /lib/x86_64-linux-gnu/libnsl-2.19.so
7fcd5e625000-7fcd5e626000 r--p 00016000 08:01 1046628                    /lib/x86_64-linux-gnu/libnsl-2.19.so
7fcd5e626000-7fcd5e627000 rw-p 00017000 08:01 1046628                    /lib/x86_64-linux-gnu/libnsl-2.19.so
7fcd5e627000-7fcd5e629000 rw-p 00000000 00:00 0 
7fcd5e629000-7fcd5e632000 r-xp 00000000 08:01 1046627                    /lib/x86_64-linux-gnu/libnss_compat-2.19.so
7fcd5e632000-7fcd5e831000 ---p 00009000 08:01 1046627                    /lib/x86_64-linux-gnu/libnss_compat-2.19.so
7fcd5e831000-7fcd5e832000 r--p 00008000 08:01 1046627                    /lib/x86_64-linux-gnu/libnss_compat-2.19.so
7fcd5e832000-7fcd5e833000 rw-p 00009000 08:01 1046627                    /lib/x86_64-linux-gnu/libnss_compat-2.19.so
7fcd5e833000-7fcd5e85d000 r-xp 00000000 08:01 1195432                    /usr/lib/jvm/java-8-oracle/jre/lib/amd64/libjava.so
7fcd5e85d000-7fcd5ea5d000 ---p 0002a000 08:01 1195432                    /usr/lib/jvm/java-8-oracle/jre/lib/amd64/libjava.so
7fcd5ea5d000-7fcd5ea5f000 rw-p 0002a000 08:01 1195432                    /usr/lib/jvm/java-8-oracle/jre/lib/amd64/libjava.so
7fcd5ea5f000-7fcd5ea6c000 r-xp 00000000 08:01 1195380                    /usr/lib/jvm/java-8-oracle/jre/lib/amd64/libverify.so
7fcd5ea6c000-7fcd5ec6c000 ---p 0000d000 08:01 1195380                    /usr/lib/jvm/java-8-oracle/jre/lib/amd64/libverify.so
7fcd5ec6c000-7fcd5ec6e000 rw-p 0000d000 08:01 1195380                    /usr/lib/jvm/java-8-oracle/jre/lib/amd64/libverify.so
7fcd5ec6e000-7fcd5ec75000 r-xp 00000000 08:01 1050782                    /lib/x86_64-linux-gnu/librt-2.19.so
7fcd5ec75000-7fcd5ee74000 ---p 00007000 08:01 1050782                    /lib/x86_64-linux-gnu/librt-2.19.so
7fcd5ee74000-7fcd5ee75000 r--p 00006000 08:01 1050782                    /lib/x86_64-linux-gnu/librt-2.19.so
7fcd5ee75000-7fcd5ee76000 rw-p 00007000 08:01 1050782                    /lib/x86_64-linux-gnu/librt-2.19.so
7fcd5ee76000-7fcd5ef7b000 r-xp 00000000 08:01 1046618                    /lib/x86_64-linux-gnu/libm-2.19.so
7fcd5ef7b000-7fcd5f17a000 ---p 00105000 08:01 1046618                    /lib/x86_64-linux-gnu/libm-2.19.so
7fcd5f17a000-7fcd5f17b000 r--p 00104000 08:01 1046618                    /lib/x86_64-linux-gnu/libm-2.19.so
7fcd5f17b000-7fcd5f17c000 rw-p 00105000 08:01 1046618                    /lib/x86_64-linux-gnu/libm-2.19.so
7fcd5f17c000-7fcd5fe2a000 r-xp 00000000 08:01 1195426                    /usr/lib/jvm/java-8-oracle/jre/lib/amd64/server/libjvm.so
7fcd5fe2a000-7fcd60029000 ---p 00cae000 08:01 1195426                    /usr/lib/jvm/java-8-oracle/jre/lib/amd64/server/libjvm.so
7fcd60029000-7fcd60100000 rw-p 00cad000 08:01 1195426                    /usr/lib/jvm/java-8-oracle/jre/lib/amd64/server/libjvm.so
7fcd60100000-7fcd60144000 rw-p 00000000 00:00 0 
7fcd60144000-7fcd602ff000 r-xp 00000000 08:01 1046633                    /lib/x86_64-linux-gnu/libc-2.19.so
7fcd602ff000-7fcd604fe000 ---p 001bb000 08:01 1046633                    /lib/x86_64-linux-gnu/libc-2.19.so
7fcd604fe000-7fcd60502000 r--p 001ba000 08:01 1046633                    /lib/x86_64-linux-gnu/libc-2.19.so
7fcd60502000-7fcd60504000 rw-p 001be000 08:01 1046633                    /lib/x86_64-linux-gnu/libc-2.19.so
7fcd60504000-7fcd60509000 rw-p 00000000 00:00 0 
7fcd60509000-7fcd6050c000 r-xp 00000000 08:01 1046622                    /lib/x86_64-linux-gnu/libdl-2.19.so
7fcd6050c000-7fcd6070b000 ---p 00003000 08:01 1046622                    /lib/x86_64-linux-gnu/libdl-2.19.so
7fcd6070b000-7fcd6070c000 r--p 00002000 08:01 1046622                    /lib/x86_64-linux-gnu/libdl-2.19.so
7fcd6070c000-7fcd6070d000 rw-p 00003000 08:01 1046622                    /lib/x86_64-linux-gnu/libdl-2.19.so
7fcd6070d000-7fcd60722000 r-xp 00000000 08:01 1178333                    /usr/lib/jvm/java-8-oracle/lib/amd64/jli/libjli.so
7fcd60722000-7fcd60922000 ---p 00015000 08:01 1178333                    /usr/lib/jvm/java-8-oracle/lib/amd64/jli/libjli.so
7fcd60922000-7fcd60923000 rw-p 00015000 08:01 1178333                    /usr/lib/jvm/java-8-oracle/lib/amd64/jli/libjli.so
7fcd60923000-7fcd6093c000 r-xp 00000000 08:01 1050682                    /lib/x86_64-linux-gnu/libpthread-2.19.so
7fcd6093c000-7fcd60b3b000 ---p 00019000 08:01 1050682                    /lib/x86_64-linux-gnu/libpthread-2.19.so
7fcd60b3b000-7fcd60b3c000 r--p 00018000 08:01 1050682                    /lib/x86_64-linux-gnu/libpthread-2.19.so
7fcd60b3c000-7fcd60b3d000 rw-p 00019000 08:01 1050682                    /lib/x86_64-linux-gnu/libpthread-2.19.so
7fcd60b3d000-7fcd60b41000 rw-p 00000000 00:00 0 
7fcd60b41000-7fcd60b64000 r-xp 00000000 08:01 1046630                    /lib/x86_64-linux-gnu/ld-2.19.so
7fcd60b64000-7fcd60b65000 r--s 00005000 08:06 3278636                    /home/alina/.sbt/boot/scala-2.10.4/org.scala-sbt/sbt/0.13.8/sbt-0.13.8.jar
7fcd60b65000-7fcd60b67000 r--s 00001000 08:06 3278614                    /home/alina/.sbt/boot/scala-2.10.4/org.scala-sbt/sbt/0.13.8/compiler-ivy-integration-0.13.8.jar
7fcd60b67000-7fcd60b69000 r--s 00017000 08:06 3278605                    /home/alina/.sbt/boot/scala-2.10.4/org.scala-sbt/sbt/0.13.8/testing-0.13.8.jar
7fcd60b69000-7fcd60b6b000 r--s 0000e000 08:06 3278610                    /home/alina/.sbt/boot/scala-2.10.4/org.scala-sbt/sbt/0.13.8/logic-0.13.8.jar
7fcd60b6b000-7fcd60b6e000 r--s 00018000 08:06 2361579                    /home/alina/.sbt/boot/scala-2.10.4/lib/jansi.jar
7fcd60b6e000-7fcd60c3f000 rw-p 00000000 00:00 0 
7fcd60c3f000-7fcd60c42000 ---p 00000000 00:00 0 
7fcd60c42000-7fcd60d44000 rw-p 00000000 00:00 0                          [stack:1384]
7fcd60d44000-7fcd60d48000 r--s 00025000 08:06 2361578                    /home/alina/.sbt/boot/scala-2.10.4/lib/jline.jar
7fcd60d48000-7fcd60d57000 rw-p 00000000 00:00 0 
7fcd60d57000-7fcd60d5f000 rw-s 00000000 08:01 656648                     /tmp/hsperfdata_alina/1383
7fcd60d5f000-7fcd60d60000 rw-p 00000000 00:00 0 
7fcd60d60000-7fcd60d61000 ---p 00000000 00:00 0 
7fcd60d61000-7fcd60d63000 rw-p 00000000 00:00 0 
7fcd60d63000-7fcd60d64000 r--p 00022000 08:01 1046630                    /lib/x86_64-linux-gnu/ld-2.19.so
7fcd60d64000-7fcd60d65000 rw-p 00023000 08:01 1046630                    /lib/x86_64-linux-gnu/ld-2.19.so
7fcd60d65000-7fcd60d66000 rw-p 00000000 00:00 0 
7fff52206000-7fff52227000 rw-p 00000000 00:00 0                          [stack]
7fff5230e000-7fff52310000 r-xp 00000000 00:00 0                          [vdso]
ffffffffff600000-ffffffffff601000 r-xp 00000000 00:00 0                  [vsyscall]

VM Arguments:
jvm_args: -Djline.terminal=jline.UnsupportedTerminal -Dsbt.log.noformat=true -Dfile.encoding=UTF-8 -Xmx768M -XX:MaxPermSize=384M 
java_command: /home/alina/.IntelliJIdea14/config/plugins/Scala/launcher/sbt-launch.jar
java_class_path (initial): /home/alina/.IntelliJIdea14/config/plugins/Scala/launcher/sbt-launch.jar
Launcher Type: SUN_STANDARD

Environment Variables:
CLASSPATH=/home/alina/programms/idea-IU-139.1117.1/bin/../lib/bootstrap.jar:/home/alina/programms/idea-IU-139.1117.1/bin/../lib/extensions.jar:/home/alina/programms/idea-IU-139.1117.1/bin/../lib/util.jar:/home/alina/programms/idea-IU-139.1117.1/bin/../lib/jdom.jar:/home/alina/programms/idea-IU-139.1117.1/bin/../lib/log4j.jar:/home/alina/programms/idea-IU-139.1117.1/bin/../lib/trove4j.jar:/home/alina/programms/idea-IU-139.1117.1/bin/../lib/jna.jar:/usr/lib/jvm/java-8-oracle/lib/tools.jar
PATH=/home/alina/programms/sbt/bin:/usr/local/sbin:/usr/local/bin:/usr/sbin:/usr/bin:/sbin:/bin:/usr/games:/usr/local/games
LD_LIBRARY_PATH=/home/alina/programms/idea-IU-139.1117.1/bin:
SHELL=/bin/bash
DISPLAY=:0

Signal Handlers:
SIGSEGV: [libjvm.so+0xaad2e0], sa_mask[0]=11111111011111111101111111111110, sa_flags=SA_RESTART|SA_SIGINFO
SIGBUS: [libjvm.so+0xaad2e0], sa_mask[0]=11111111011111111101111111111110, sa_flags=SA_RESTART|SA_SIGINFO
SIGFPE: [libjvm.so+0x90b550], sa_mask[0]=11111111011111111101111111111110, sa_flags=SA_RESTART|SA_SIGINFO
SIGPIPE: [libjvm.so+0x90b550], sa_mask[0]=11111111011111111101111111111110, sa_flags=SA_RESTART|SA_SIGINFO
SIGXFSZ: [libjvm.so+0x90b550], sa_mask[0]=11111111011111111101111111111110, sa_flags=SA_RESTART|SA_SIGINFO
SIGILL: [libjvm.so+0x90b550], sa_mask[0]=11111111011111111101111111111110, sa_flags=SA_RESTART|SA_SIGINFO
SIGUSR1: SIG_DFL, sa_mask[0]=00000000000000000000000000000000, sa_flags=none
SIGUSR2: [libjvm.so+0x90cb90], sa_mask[0]=00100000000000000000000000000000, sa_flags=SA_RESTART|SA_SIGINFO
SIGHUP: [libjvm.so+0x90dee0], sa_mask[0]=11111111011111111101111111111110, sa_flags=SA_RESTART|SA_SIGINFO
SIGINT: [libjvm.so+0x90dee0], sa_mask[0]=11111111011111111101111111111110, sa_flags=SA_RESTART|SA_SIGINFO
SIGTERM: [libjvm.so+0x90dee0], sa_mask[0]=11111111011111111101111111111110, sa_flags=SA_RESTART|SA_SIGINFO
SIGQUIT: [libjvm.so+0x90dee0], sa_mask[0]=11111111011111111101111111111110, sa_flags=SA_RESTART|SA_SIGINFO


---------------  S Y S T E M  ---------------

OS:DISTRIB_ID=Ubuntu
DISTRIB_RELEASE=14.04
DISTRIB_CODENAME=trusty
DISTRIB_DESCRIPTION="Ubuntu 14.04.2 LTS"

uname:Linux 3.13.0-46-generic #79-Ubuntu SMP Tue Mar 10 20:06:50 UTC 2015 x86_64
libc:glibc 2.19 NPTL 2.19 
rlimit: STACK 8192k, CORE 0k, NPROC 31015, NOFILE 4096, AS infinity
load average:43,52 14,13 5,93

/proc/meminfo:
MemTotal:        3991576 kB
MemFree:           87652 kB
Buffers:             180 kB
Cached:           313172 kB
SwapCached:         3712 kB
Active:          2548228 kB
Inactive:        1097348 kB
Active(anon):    2544116 kB
Inactive(anon):  1091924 kB
Active(file):       4112 kB
Inactive(file):     5424 kB
Unevictable:          64 kB
Mlocked:              64 kB
SwapTotal:       3905532 kB
SwapFree:              0 kB
Dirty:                56 kB
Writeback:           168 kB
AnonPages:       3329436 kB
Mapped:            12672 kB
Shmem:            303588 kB
Slab:              95788 kB
SReclaimable:      41960 kB
SUnreclaim:        53828 kB
KernelStack:       10032 kB
PageTables:        81300 kB
NFS_Unstable:          0 kB
Bounce:                0 kB
WritebackTmp:          0 kB
CommitLimit:     5901320 kB
Committed_AS:   16224416 kB
VmallocTotal:   34359738367 kB
VmallocUsed:      551848 kB
VmallocChunk:   34359167244 kB
HardwareCorrupted:     0 kB
AnonHugePages:    219136 kB
HugePages_Total:       0
HugePages_Free:        0
HugePages_Rsvd:        0
HugePages_Surp:        0
Hugepagesize:       2048 kB
DirectMap4k:      118604 kB
DirectMap2M:     4020224 kB


CPU:total 4 (2 cores per cpu, 2 threads per core) family 6 model 42 stepping 7, cmov, cx8, fxsr, mmx, sse, sse2, sse3, ssse3, sse4.1, sse4.2, popcnt, avx, aes, clmul, ht, tsc, tscinvbit

/proc/cpuinfo:
processor	: 0
vendor_id	: GenuineIntel
cpu family	: 6
model		: 42
model name	: Intel(R) Core(TM) i5-2467M CPU @ 1.60GHz
stepping	: 7
microcode	: 0x25
cpu MHz		: 1600.000
cache size	: 3072 KB
physical id	: 0
siblings	: 4
core id		: 0
cpu cores	: 2
apicid		: 0
initial apicid	: 0
fpu		: yes
fpu_exception	: yes
cpuid level	: 13
wp		: yes
flags		: fpu vme de pse tsc msr pae mce cx8 apic sep mtrr pge mca cmov pat pse36 clflush dts acpi mmx fxsr sse sse2 ss ht tm pbe syscall nx rdtscp lm constant_tsc arch_perfmon pebs bts rep_good nopl xtopology nonstop_tsc aperfmperf eagerfpu pni pclmulqdq dtes64 monitor ds_cpl vmx est tm2 ssse3 cx16 xtpr pdcm pcid sse4_1 sse4_2 x2apic popcnt tsc_deadline_timer aes xsave avx lahf_lm ida arat epb xsaveopt pln pts dtherm tpr_shadow vnmi flexpriority ept vpid
bogomips	: 3192.64
clflush size	: 64
cache_alignment	: 64
address sizes	: 36 bits physical, 48 bits virtual
power management:

processor	: 1
vendor_id	: GenuineIntel
cpu family	: 6
model		: 42
model name	: Intel(R) Core(TM) i5-2467M CPU @ 1.60GHz
stepping	: 7
microcode	: 0x25
cpu MHz		: 1600.000
cache size	: 3072 KB
physical id	: 0
siblings	: 4
core id		: 0
cpu cores	: 2
apicid		: 1
initial apicid	: 1
fpu		: yes
fpu_exception	: yes
cpuid level	: 13
wp		: yes
flags		: fpu vme de pse tsc msr pae mce cx8 apic sep mtrr pge mca cmov pat pse36 clflush dts acpi mmx fxsr sse sse2 ss ht tm pbe syscall nx rdtscp lm constant_tsc arch_perfmon pebs bts rep_good nopl xtopology nonstop_tsc aperfmperf eagerfpu pni pclmulqdq dtes64 monitor ds_cpl vmx est tm2 ssse3 cx16 xtpr pdcm pcid sse4_1 sse4_2 x2apic popcnt tsc_deadline_timer aes xsave avx lahf_lm ida arat epb xsaveopt pln pts dtherm tpr_shadow vnmi flexpriority ept vpid
bogomips	: 3192.64
clflush size	: 64
cache_alignment	: 64
address sizes	: 36 bits physical, 48 bits virtual
power management:

processor	: 2
vendor_id	: GenuineIntel
cpu family	: 6
model		: 42
model name	: Intel(R) Core(TM) i5-2467M CPU @ 1.60GHz
stepping	: 7
microcode	: 0x25
cpu MHz		: 1600.000
cache size	: 3072 KB
physical id	: 0
siblings	: 4
core id		: 1
cpu cores	: 2
apicid		: 2
initial apicid	: 2
fpu		: yes
fpu_exception	: yes
cpuid level	: 13
wp		: yes
flags		: fpu vme de pse tsc msr pae mce cx8 apic sep mtrr pge mca cmov pat pse36 clflush dts acpi mmx fxsr sse sse2 ss ht tm pbe syscall nx rdtscp lm constant_tsc arch_perfmon pebs bts rep_good nopl xtopology nonstop_tsc aperfmperf eagerfpu pni pclmulqdq dtes64 monitor ds_cpl vmx est tm2 ssse3 cx16 xtpr pdcm pcid sse4_1 sse4_2 x2apic popcnt tsc_deadline_timer aes xsave avx lahf_lm ida arat epb xsaveopt pln pts dtherm tpr_shadow vnmi flexpriority ept vpid
bogomips	: 3192.64
clflush size	: 64
cache_alignment	: 64
address sizes	: 36 bits physical, 48 bits virtual
power management:

processor	: 3
vendor_id	: GenuineIntel
cpu family	: 6
model		: 42
model name	: Intel(R) Core(TM) i5-2467M CPU @ 1.60GHz
stepping	: 7
microcode	: 0x25
cpu MHz		: 1600.000
cache size	: 3072 KB
physical id	: 0
siblings	: 4
core id		: 1
cpu cores	: 2
apicid		: 3
initial apicid	: 3
fpu		: yes
fpu_exception	: yes
cpuid level	: 13
wp		: yes
flags		: fpu vme de pse tsc msr pae mce cx8 apic sep mtrr pge mca cmov pat pse36 clflush dts acpi mmx fxsr sse sse2 ss ht tm pbe syscall nx rdtscp lm constant_tsc arch_perfmon pebs bts rep_good nopl xtopology nonstop_tsc aperfmperf eagerfpu pni pclmulqdq dtes64 monitor ds_cpl vmx est tm2 ssse3 cx16 xtpr pdcm pcid sse4_1 sse4_2 x2apic popcnt tsc_deadline_timer aes xsave avx lahf_lm ida arat epb xsaveopt pln pts dtherm tpr_shadow vnmi flexpriority ept vpid
bogomips	: 3192.64
clflush size	: 64
cache_alignment	: 64
address sizes	: 36 bits physical, 48 bits virtual
power management:



Memory: 4k page, physical 3991576k(87724k free), swap 3905532k(0k free)

vm_info: Java HotSpot(TM) 64-Bit Server VM (25.40-b25) for linux-amd64 JRE (1.8.0_40-b25), built on Feb 10 2015 21:29:53 by "java_re" with gcc 4.3.0 20080428 (Red Hat 4.3.0-8)

time: Thu Mar 26 14:37:24 2015
elapsed time: 78 seconds (0d 0h 1m 18s)

