#
# There is insufficient memory for the Java Runtime Environment to continue.
# Native memory allocation (mmap) failed to map 716177408 bytes for committing reserved memory.
# Possible reasons:
#   The system is out of physical RAM or swap space
#   In 32 bit mode, the process size limit was hit
# Possible solutions:
#   Reduce memory load on the system
#   Increase physical memory or swap space
#   Check if swap backing store is full
#   Use 64 bit Java on a 64 bit OS
#   Decrease Java heap size (-Xmx/-Xms)
#   Decrease number of Java threads
#   Decrease Java thread stack sizes (-Xss)
#   Set larger code cache with -XX:ReservedCodeCacheSize=
# This output file may be truncated or incomplete.
#
#  Out of Memory Error (os_linux.cpp:2673), pid=1782, tid=140528041920256
#
# JRE version:  (8.0_40-b25) (build )
# Java VM: Java HotSpot(TM) 64-Bit Server VM (25.40-b25 mixed mode linux-amd64 compressed oops)
# Failed to write core dump. Core dumps have been disabled. To enable core dumping, try "ulimit -c unlimited" before starting Java again
#

---------------  T H R E A D  ---------------

Current thread (0x00007fcf3400a000):  JavaThread "Unknown thread" [_thread_in_vm, id=1783, stack(0x00007fcf3bf50000,0x00007fcf3c051000)]

Stack: [0x00007fcf3bf50000,0x00007fcf3c051000],  sp=0x00007fcf3c04f370,  free space=1020k
Native frames: (J=compiled Java code, j=interpreted, Vv=VM code, C=native code)
V  [libjvm.so+0xaaca9a]  VMError::report_and_die()+0x2ba
V  [libjvm.so+0x4f333b]  report_vm_out_of_memory(char const*, int, unsigned long, VMErrorType, char const*)+0x8b
V  [libjvm.so+0x90e8c3]  os::Linux::commit_memory_impl(char*, unsigned long, bool)+0x103
V  [libjvm.so+0x90ee19]  os::pd_commit_memory(char*, unsigned long, unsigned long, bool)+0x29
V  [libjvm.so+0x90877a]  os::commit_memory(char*, unsigned long, unsigned long, bool)+0x2a
V  [libjvm.so+0x97bbc3]  PSVirtualSpace::expand_by(unsigned long)+0x53
V  [libjvm.so+0x96bc77]  PSOldGen::initialize(ReservedSpace, unsigned long, char const*, int)+0xb7
V  [libjvm.so+0x2d4cda]  AdjoiningGenerations::AdjoiningGenerations(ReservedSpace, GenerationSizer*, unsigned long)+0x39a
V  [libjvm.so+0x931816]  ParallelScavengeHeap::initialize()+0x1d6
V  [libjvm.so+0xa75bab]  Universe::initialize_heap()+0xfb
V  [libjvm.so+0xa75f1e]  universe_init()+0x3e
V  [libjvm.so+0x62f665]  init_globals()+0x65
V  [libjvm.so+0xa5a12e]  Threads::create_vm(JavaVMInitArgs*, bool*)+0x23e
V  [libjvm.so+0x6c3274]  JNI_CreateJavaVM+0x74
C  [libjli.so+0x745e]  JavaMain+0x9e
C  [libpthread.so.0+0x8182]  start_thread+0xc2


---------------  P R O C E S S  ---------------

Java Threads: ( => current thread )

Other Threads:

=>0x00007fcf3400a000 (exited) JavaThread "Unknown thread" [_thread_in_vm, id=1783, stack(0x00007fcf3bf50000,0x00007fcf3c051000)]

VM state:not at safepoint (not fully initialized)

VM Mutex/Monitor currently owned by a thread: None

GC Heap History (0 events):
No events

Deoptimization events (0 events):
No events

Internal exceptions (0 events):
No events

Events (0 events):
No events


Dynamic libraries:
00400000-00401000 r-xp 00000000 08:01 1309733                            /usr/lib/jvm/java-8-oracle/jre/bin/java
00600000-00601000 rw-p 00000000 08:01 1309733                            /usr/lib/jvm/java-8-oracle/jre/bin/java
01a4f000-01a70000 rw-p 00000000 00:00 0                                  [heap]
eab00000-100000000 rw-p 00000000 00:00 0 
7fcf2c000000-7fcf2c270000 rwxp 00000000 00:00 0 
7fcf2c270000-7fcf34000000 ---p 00000000 00:00 0 
7fcf34000000-7fcf34032000 rw-p 00000000 00:00 0 
7fcf34032000-7fcf38000000 ---p 00000000 00:00 0 
7fcf38a68000-7fcf38cec000 rw-p 00000000 00:00 0 
7fcf38cec000-7fcf38e41000 ---p 00000000 00:00 0 
7fcf38e41000-7fcf38ef7000 rw-p 00000000 00:00 0 
7fcf38ef7000-7fcf390ed000 ---p 00000000 00:00 0 
7fcf390ed000-7fcf39107000 r-xp 00000000 08:01 1195436                    /usr/lib/jvm/java-8-oracle/jre/lib/amd64/libzip.so
7fcf39107000-7fcf39307000 ---p 0001a000 08:01 1195436                    /usr/lib/jvm/java-8-oracle/jre/lib/amd64/libzip.so
7fcf39307000-7fcf39308000 rw-p 0001a000 08:01 1195436                    /usr/lib/jvm/java-8-oracle/jre/lib/amd64/libzip.so
7fcf39308000-7fcf39313000 r-xp 00000000 08:01 1046619                    /lib/x86_64-linux-gnu/libnss_files-2.19.so
7fcf39313000-7fcf39512000 ---p 0000b000 08:01 1046619                    /lib/x86_64-linux-gnu/libnss_files-2.19.so
7fcf39512000-7fcf39513000 r--p 0000a000 08:01 1046619                    /lib/x86_64-linux-gnu/libnss_files-2.19.so
7fcf39513000-7fcf39514000 rw-p 0000b000 08:01 1046619                    /lib/x86_64-linux-gnu/libnss_files-2.19.so
7fcf39514000-7fcf3951f000 r-xp 00000000 08:01 1050897                    /lib/x86_64-linux-gnu/libnss_nis-2.19.so
7fcf3951f000-7fcf3971e000 ---p 0000b000 08:01 1050897                    /lib/x86_64-linux-gnu/libnss_nis-2.19.so
7fcf3971e000-7fcf3971f000 r--p 0000a000 08:01 1050897                    /lib/x86_64-linux-gnu/libnss_nis-2.19.so
7fcf3971f000-7fcf39720000 rw-p 0000b000 08:01 1050897                    /lib/x86_64-linux-gnu/libnss_nis-2.19.so
7fcf39720000-7fcf39737000 r-xp 00000000 08:01 1046628                    /lib/x86_64-linux-gnu/libnsl-2.19.so
7fcf39737000-7fcf39936000 ---p 00017000 08:01 1046628                    /lib/x86_64-linux-gnu/libnsl-2.19.so
7fcf39936000-7fcf39937000 r--p 00016000 08:01 1046628                    /lib/x86_64-linux-gnu/libnsl-2.19.so
7fcf39937000-7fcf39938000 rw-p 00017000 08:01 1046628                    /lib/x86_64-linux-gnu/libnsl-2.19.so
7fcf39938000-7fcf3993a000 rw-p 00000000 00:00 0 
7fcf3993a000-7fcf39943000 r-xp 00000000 08:01 1046627                    /lib/x86_64-linux-gnu/libnss_compat-2.19.so
7fcf39943000-7fcf39b42000 ---p 00009000 08:01 1046627                    /lib/x86_64-linux-gnu/libnss_compat-2.19.so
7fcf39b42000-7fcf39b43000 r--p 00008000 08:01 1046627                    /lib/x86_64-linux-gnu/libnss_compat-2.19.so
7fcf39b43000-7fcf39b44000 rw-p 00009000 08:01 1046627                    /lib/x86_64-linux-gnu/libnss_compat-2.19.so
7fcf39b44000-7fcf39b6e000 r-xp 00000000 08:01 1195432                    /usr/lib/jvm/java-8-oracle/jre/lib/amd64/libjava.so
7fcf39b6e000-7fcf39d6e000 ---p 0002a000 08:01 1195432                    /usr/lib/jvm/java-8-oracle/jre/lib/amd64/libjava.so
7fcf39d6e000-7fcf39d70000 rw-p 0002a000 08:01 1195432                    /usr/lib/jvm/java-8-oracle/jre/lib/amd64/libjava.so
7fcf39d70000-7fcf39d7d000 r-xp 00000000 08:01 1195380                    /usr/lib/jvm/java-8-oracle/jre/lib/amd64/libverify.so
7fcf39d7d000-7fcf39f7d000 ---p 0000d000 08:01 1195380                    /usr/lib/jvm/java-8-oracle/jre/lib/amd64/libverify.so
7fcf39f7d000-7fcf39f7f000 rw-p 0000d000 08:01 1195380                    /usr/lib/jvm/java-8-oracle/jre/lib/amd64/libverify.so
7fcf39f7f000-7fcf39f86000 r-xp 00000000 08:01 1050782                    /lib/x86_64-linux-gnu/librt-2.19.so
7fcf39f86000-7fcf3a185000 ---p 00007000 08:01 1050782                    /lib/x86_64-linux-gnu/librt-2.19.so
7fcf3a185000-7fcf3a186000 r--p 00006000 08:01 1050782                    /lib/x86_64-linux-gnu/librt-2.19.so
7fcf3a186000-7fcf3a187000 rw-p 00007000 08:01 1050782                    /lib/x86_64-linux-gnu/librt-2.19.so
7fcf3a187000-7fcf3a28c000 r-xp 00000000 08:01 1046618                    /lib/x86_64-linux-gnu/libm-2.19.so
7fcf3a28c000-7fcf3a48b000 ---p 00105000 08:01 1046618                    /lib/x86_64-linux-gnu/libm-2.19.so
7fcf3a48b000-7fcf3a48c000 r--p 00104000 08:01 1046618                    /lib/x86_64-linux-gnu/libm-2.19.so
7fcf3a48c000-7fcf3a48d000 rw-p 00105000 08:01 1046618                    /lib/x86_64-linux-gnu/libm-2.19.so
7fcf3a48d000-7fcf3b13b000 r-xp 00000000 08:01 1195426                    /usr/lib/jvm/java-8-oracle/jre/lib/amd64/server/libjvm.so
7fcf3b13b000-7fcf3b33a000 ---p 00cae000 08:01 1195426                    /usr/lib/jvm/java-8-oracle/jre/lib/amd64/server/libjvm.so
7fcf3b33a000-7fcf3b411000 rw-p 00cad000 08:01 1195426                    /usr/lib/jvm/java-8-oracle/jre/lib/amd64/server/libjvm.so
7fcf3b411000-7fcf3b455000 rw-p 00000000 00:00 0 
7fcf3b455000-7fcf3b610000 r-xp 00000000 08:01 1046633                    /lib/x86_64-linux-gnu/libc-2.19.so
7fcf3b610000-7fcf3b80f000 ---p 001bb000 08:01 1046633                    /lib/x86_64-linux-gnu/libc-2.19.so
7fcf3b80f000-7fcf3b813000 r--p 001ba000 08:01 1046633                    /lib/x86_64-linux-gnu/libc-2.19.so
7fcf3b813000-7fcf3b815000 rw-p 001be000 08:01 1046633                    /lib/x86_64-linux-gnu/libc-2.19.so
7fcf3b815000-7fcf3b81a000 rw-p 00000000 00:00 0 
7fcf3b81a000-7fcf3b81d000 r-xp 00000000 08:01 1046622                    /lib/x86_64-linux-gnu/libdl-2.19.so
7fcf3b81d000-7fcf3ba1c000 ---p 00003000 08:01 1046622                    /lib/x86_64-linux-gnu/libdl-2.19.so
7fcf3ba1c000-7fcf3ba1d000 r--p 00002000 08:01 1046622                    /lib/x86_64-linux-gnu/libdl-2.19.so
7fcf3ba1d000-7fcf3ba1e000 rw-p 00003000 08:01 1046622                    /lib/x86_64-linux-gnu/libdl-2.19.so
7fcf3ba1e000-7fcf3ba33000 r-xp 00000000 08:01 1195405                    /usr/lib/jvm/java-8-oracle/jre/lib/amd64/jli/libjli.so
7fcf3ba33000-7fcf3bc33000 ---p 00015000 08:01 1195405                    /usr/lib/jvm/java-8-oracle/jre/lib/amd64/jli/libjli.so
7fcf3bc33000-7fcf3bc34000 rw-p 00015000 08:01 1195405                    /usr/lib/jvm/java-8-oracle/jre/lib/amd64/jli/libjli.so
7fcf3bc34000-7fcf3bc4d000 r-xp 00000000 08:01 1050682                    /lib/x86_64-linux-gnu/libpthread-2.19.so
7fcf3bc4d000-7fcf3be4c000 ---p 00019000 08:01 1050682                    /lib/x86_64-linux-gnu/libpthread-2.19.so
7fcf3be4c000-7fcf3be4d000 r--p 00018000 08:01 1050682                    /lib/x86_64-linux-gnu/libpthread-2.19.so
7fcf3be4d000-7fcf3be4e000 rw-p 00019000 08:01 1050682                    /lib/x86_64-linux-gnu/libpthread-2.19.so
7fcf3be4e000-7fcf3be52000 rw-p 00000000 00:00 0 
7fcf3be52000-7fcf3be75000 r-xp 00000000 08:01 1046630                    /lib/x86_64-linux-gnu/ld-2.19.so
7fcf3bf50000-7fcf3bf53000 ---p 00000000 00:00 0 
7fcf3bf53000-7fcf3c055000 rw-p 00000000 00:00 0                          [stack:1783]
7fcf3c065000-7fcf3c068000 rw-p 00000000 00:00 0 
7fcf3c068000-7fcf3c070000 rw-s 00000000 08:01 654100                     /tmp/hsperfdata_alina/1782
7fcf3c070000-7fcf3c071000 rw-p 00000000 00:00 0 
7fcf3c071000-7fcf3c072000 r--p 00000000 00:00 0 
7fcf3c072000-7fcf3c074000 rw-p 00000000 00:00 0 
7fcf3c074000-7fcf3c075000 r--p 00022000 08:01 1046630                    /lib/x86_64-linux-gnu/ld-2.19.so
7fcf3c075000-7fcf3c076000 rw-p 00023000 08:01 1046630                    /lib/x86_64-linux-gnu/ld-2.19.so
7fcf3c076000-7fcf3c077000 rw-p 00000000 00:00 0 
7fff9fb3b000-7fff9fb5d000 rw-p 00000000 00:00 0                          [stack]
7fff9fb9c000-7fff9fb9e000 r-xp 00000000 00:00 0                          [vdso]
ffffffffff600000-ffffffffff601000 r-xp 00000000 00:00 0                  [vsyscall]

VM Arguments:
jvm_args: -Xms1024m -Xmx1024m -XX:MaxPermSize=256m -XX:ReservedCodeCacheSize=128m 
java_command: /home/alina/programms/sbt/bin/sbt-launch.jar
java_class_path (initial): /home/alina/programms/sbt/bin/sbt-launch.jar
Launcher Type: SUN_STANDARD

Environment Variables:
CLASSPATH=/home/alina/programms/idea-IU-139.1117.1/bin/../lib/bootstrap.jar:/home/alina/programms/idea-IU-139.1117.1/bin/../lib/extensions.jar:/home/alina/programms/idea-IU-139.1117.1/bin/../lib/util.jar:/home/alina/programms/idea-IU-139.1117.1/bin/../lib/jdom.jar:/home/alina/programms/idea-IU-139.1117.1/bin/../lib/log4j.jar:/home/alina/programms/idea-IU-139.1117.1/bin/../lib/trove4j.jar:/home/alina/programms/idea-IU-139.1117.1/bin/../lib/jna.jar:/usr/lib/jvm/java-8-oracle/lib/tools.jar
PATH=/home/alina/programms/sbt/bin:/home/alina/programms/sbt/bin:/usr/local/sbin:/usr/local/bin:/usr/sbin:/usr/bin:/sbin:/bin:/usr/games:/usr/local/games
LD_LIBRARY_PATH=/home/alina/programms/idea-IU-139.1117.1/bin:
SHELL=/bin/bash
DISPLAY=:0

Signal Handlers:
SIGSEGV: [libjvm.so+0xaad2e0], sa_mask[0]=11111111011111111101111111111110, sa_flags=SA_RESTART|SA_SIGINFO
SIGBUS: [libjvm.so+0xaad2e0], sa_mask[0]=11111111011111111101111111111110, sa_flags=SA_RESTART|SA_SIGINFO
SIGFPE: [libjvm.so+0x90b550], sa_mask[0]=11111111011111111101111111111110, sa_flags=SA_RESTART|SA_SIGINFO
SIGPIPE: [libjvm.so+0x90b550], sa_mask[0]=11111111011111111101111111111110, sa_flags=SA_RESTART|SA_SIGINFO
SIGXFSZ: [libjvm.so+0x90b550], sa_mask[0]=11111111011111111101111111111110, sa_flags=SA_RESTART|SA_SIGINFO
SIGILL: [libjvm.so+0x90b550], sa_mask[0]=11111111011111111101111111111110, sa_flags=SA_RESTART|SA_SIGINFO
SIGUSR1: SIG_DFL, sa_mask[0]=00000000000000000000000000000000, sa_flags=none
SIGUSR2: [libjvm.so+0x90cb90], sa_mask[0]=00100000000000000000000000000000, sa_flags=SA_RESTART|SA_SIGINFO
SIGHUP: SIG_DFL, sa_mask[0]=00000000000000000000000000000000, sa_flags=none
SIGINT: SIG_DFL, sa_mask[0]=00000000000000000000000000000000, sa_flags=none
SIGTERM: SIG_DFL, sa_mask[0]=00000000000000000000000000000000, sa_flags=none
SIGQUIT: SIG_DFL, sa_mask[0]=00000000000000000000000000000000, sa_flags=none


---------------  S Y S T E M  ---------------

OS:DISTRIB_ID=Ubuntu
DISTRIB_RELEASE=14.04
DISTRIB_CODENAME=trusty
DISTRIB_DESCRIPTION="Ubuntu 14.04.2 LTS"

uname:Linux 3.13.0-46-generic #79-Ubuntu SMP Tue Mar 10 20:06:50 UTC 2015 x86_64
libc:glibc 2.19 NPTL 2.19 
rlimit: STACK 8192k, CORE 0k, NPROC 31015, NOFILE 4096, AS infinity
load average:0.59 2.15 3.32

/proc/meminfo:
MemTotal:        3991576 kB
MemFree:          115772 kB
Buffers:           18188 kB
Cached:           470272 kB
SwapCached:       265028 kB
Active:          2297748 kB
Inactive:        1318300 kB
Active(anon):    2204592 kB
Inactive(anon):  1238016 kB
Active(file):      93156 kB
Inactive(file):    80284 kB
Unevictable:          64 kB
Mlocked:              64 kB
SwapTotal:       3905532 kB
SwapFree:          69576 kB
Dirty:               572 kB
Writeback:             0 kB
AnonPages:       2863932 kB
Mapped:           116008 kB
Shmem:            315380 kB
Slab:              96952 kB
SReclaimable:      43292 kB
SUnreclaim:        53660 kB
KernelStack:        9336 kB
PageTables:        79112 kB
NFS_Unstable:          0 kB
Bounce:                0 kB
WritebackTmp:          0 kB
CommitLimit:     5901320 kB
Committed_AS:   15970824 kB
VmallocTotal:   34359738367 kB
VmallocUsed:      551848 kB
VmallocChunk:   34359167244 kB
HardwareCorrupted:     0 kB
AnonHugePages:    219136 kB
HugePages_Total:       0
HugePages_Free:        0
HugePages_Rsvd:        0
HugePages_Surp:        0
Hugepagesize:       2048 kB
DirectMap4k:      118604 kB
DirectMap2M:     4020224 kB


CPU:total 4 (2 cores per cpu, 2 threads per core) family 6 model 42 stepping 7, cmov, cx8, fxsr, mmx, sse, sse2, sse3, ssse3, sse4.1, sse4.2, popcnt, avx, aes, clmul, ht, tsc, tscinvbit

/proc/cpuinfo:
processor	: 0
vendor_id	: GenuineIntel
cpu family	: 6
model		: 42
model name	: Intel(R) Core(TM) i5-2467M CPU @ 1.60GHz
stepping	: 7
microcode	: 0x25
cpu MHz		: 1200.000
cache size	: 3072 KB
physical id	: 0
siblings	: 4
core id		: 0
cpu cores	: 2
apicid		: 0
initial apicid	: 0
fpu		: yes
fpu_exception	: yes
cpuid level	: 13
wp		: yes
flags		: fpu vme de pse tsc msr pae mce cx8 apic sep mtrr pge mca cmov pat pse36 clflush dts acpi mmx fxsr sse sse2 ss ht tm pbe syscall nx rdtscp lm constant_tsc arch_perfmon pebs bts rep_good nopl xtopology nonstop_tsc aperfmperf eagerfpu pni pclmulqdq dtes64 monitor ds_cpl vmx est tm2 ssse3 cx16 xtpr pdcm pcid sse4_1 sse4_2 x2apic popcnt tsc_deadline_timer aes xsave avx lahf_lm ida arat epb xsaveopt pln pts dtherm tpr_shadow vnmi flexpriority ept vpid
bogomips	: 3192.64
clflush size	: 64
cache_alignment	: 64
address sizes	: 36 bits physical, 48 bits virtual
power management:

processor	: 1
vendor_id	: GenuineIntel
cpu family	: 6
model		: 42
model name	: Intel(R) Core(TM) i5-2467M CPU @ 1.60GHz
stepping	: 7
microcode	: 0x25
cpu MHz		: 800.000
cache size	: 3072 KB
physical id	: 0
siblings	: 4
core id		: 0
cpu cores	: 2
apicid		: 1
initial apicid	: 1
fpu		: yes
fpu_exception	: yes
cpuid level	: 13
wp		: yes
flags		: fpu vme de pse tsc msr pae mce cx8 apic sep mtrr pge mca cmov pat pse36 clflush dts acpi mmx fxsr sse sse2 ss ht tm pbe syscall nx rdtscp lm constant_tsc arch_perfmon pebs bts rep_good nopl xtopology nonstop_tsc aperfmperf eagerfpu pni pclmulqdq dtes64 monitor ds_cpl vmx est tm2 ssse3 cx16 xtpr pdcm pcid sse4_1 sse4_2 x2apic popcnt tsc_deadline_timer aes xsave avx lahf_lm ida arat epb xsaveopt pln pts dtherm tpr_shadow vnmi flexpriority ept vpid
bogomips	: 3192.64
clflush size	: 64
cache_alignment	: 64
address sizes	: 36 bits physical, 48 bits virtual
power management:

processor	: 2
vendor_id	: GenuineIntel
cpu family	: 6
model		: 42
model name	: Intel(R) Core(TM) i5-2467M CPU @ 1.60GHz
stepping	: 7
microcode	: 0x25
cpu MHz		: 800.000
cache size	: 3072 KB
physical id	: 0
siblings	: 4
core id		: 1
cpu cores	: 2
apicid		: 2
initial apicid	: 2
fpu		: yes
fpu_exception	: yes
cpuid level	: 13
wp		: yes
flags		: fpu vme de pse tsc msr pae mce cx8 apic sep mtrr pge mca cmov pat pse36 clflush dts acpi mmx fxsr sse sse2 ss ht tm pbe syscall nx rdtscp lm constant_tsc arch_perfmon pebs bts rep_good nopl xtopology nonstop_tsc aperfmperf eagerfpu pni pclmulqdq dtes64 monitor ds_cpl vmx est tm2 ssse3 cx16 xtpr pdcm pcid sse4_1 sse4_2 x2apic popcnt tsc_deadline_timer aes xsave avx lahf_lm ida arat epb xsaveopt pln pts dtherm tpr_shadow vnmi flexpriority ept vpid
bogomips	: 3192.64
clflush size	: 64
cache_alignment	: 64
address sizes	: 36 bits physical, 48 bits virtual
power management:

processor	: 3
vendor_id	: GenuineIntel
cpu family	: 6
model		: 42
model name	: Intel(R) Core(TM) i5-2467M CPU @ 1.60GHz
stepping	: 7
microcode	: 0x25
cpu MHz		: 1000.000
cache size	: 3072 KB
physical id	: 0
siblings	: 4
core id		: 1
cpu cores	: 2
apicid		: 3
initial apicid	: 3
fpu		: yes
fpu_exception	: yes
cpuid level	: 13
wp		: yes
flags		: fpu vme de pse tsc msr pae mce cx8 apic sep mtrr pge mca cmov pat pse36 clflush dts acpi mmx fxsr sse sse2 ss ht tm pbe syscall nx rdtscp lm constant_tsc arch_perfmon pebs bts rep_good nopl xtopology nonstop_tsc aperfmperf eagerfpu pni pclmulqdq dtes64 monitor ds_cpl vmx est tm2 ssse3 cx16 xtpr pdcm pcid sse4_1 sse4_2 x2apic popcnt tsc_deadline_timer aes xsave avx lahf_lm ida arat epb xsaveopt pln pts dtherm tpr_shadow vnmi flexpriority ept vpid
bogomips	: 3192.64
clflush size	: 64
cache_alignment	: 64
address sizes	: 36 bits physical, 48 bits virtual
power management:



Memory: 4k page, physical 3991576k(115772k free), swap 3905532k(69576k free)

vm_info: Java HotSpot(TM) 64-Bit Server VM (25.40-b25) for linux-amd64 JRE (1.8.0_40-b25), built on Feb 10 2015 21:29:53 by "java_re" with gcc 4.3.0 20080428 (Red Hat 4.3.0-8)

time: Thu Mar 26 14:48:37 2015
elapsed time: 0 seconds (0d 0h 0m 0s)

