#
# There is insufficient memory for the Java Runtime Environment to continue.
# Native memory allocation (mmap) failed to map 84410368 bytes for committing reserved memory.
# Possible reasons:
#   The system is out of physical RAM or swap space
#   In 32 bit mode, the process size limit was hit
# Possible solutions:
#   Reduce memory load on the system
#   Increase physical memory or swap space
#   Check if swap backing store is full
#   Use 64 bit Java on a 64 bit OS
#   Decrease Java heap size (-Xmx/-Xms)
#   Decrease number of Java threads
#   Decrease Java thread stack sizes (-Xss)
#   Set larger code cache with -XX:ReservedCodeCacheSize=
# This output file may be truncated or incomplete.
#
#  Out of Memory Error (os_linux.cpp:2673), pid=1852, tid=140601308677888
#
# JRE version: Java(TM) SE Runtime Environment (8.0_40-b25) (build 1.8.0_40-b25)
# Java VM: Java HotSpot(TM) 64-Bit Server VM (25.40-b25 mixed mode linux-amd64 compressed oops)
# Failed to write core dump. Core dumps have been disabled. To enable core dumping, try "ulimit -c unlimited" before starting Java again
#

---------------  T H R E A D  ---------------

Current thread (0x00007fe06013f000):  VMThread [stack: 0x00007fe04aff0000,0x00007fe04b0f1000] [id=1865]

Stack: [0x00007fe04aff0000,0x00007fe04b0f1000],  sp=0x00007fe04b0ef360,  free space=1020k
Native frames: (J=compiled Java code, j=interpreted, Vv=VM code, C=native code)
V  [libjvm.so+0xaaca9a]  VMError::report_and_die()+0x2ba
V  [libjvm.so+0x4f333b]  report_vm_out_of_memory(char const*, int, unsigned long, VMErrorType, char const*)+0x8b
V  [libjvm.so+0x90e8c3]  os::Linux::commit_memory_impl(char*, unsigned long, bool)+0x103
V  [libjvm.so+0x90ee19]  os::pd_commit_memory(char*, unsigned long, unsigned long, bool)+0x29
V  [libjvm.so+0x90877a]  os::commit_memory(char*, unsigned long, unsigned long, bool)+0x2a
V  [libjvm.so+0x97bbc3]  PSVirtualSpace::expand_by(unsigned long)+0x53
V  [libjvm.so+0x96c420]  PSOldGen::expand(unsigned long)+0x170
V  [libjvm.so+0x96c62b]  PSOldGen::resize(unsigned long)+0x1cb
V  [libjvm.so+0x974341]  PSParallelCompact::invoke_no_policy(bool)+0x9d1
V  [libjvm.so+0x979ced]  PSScavenge::invoke()+0x1ad
V  [libjvm.so+0x932150]  ParallelScavengeHeap::failed_mem_allocate(unsigned long)+0x70
V  [libjvm.so+0xaae2d7]  VM_ParallelGCFailedAllocation::doit()+0x97
V  [libjvm.so+0xab5ac5]  VM_Operation::evaluate()+0x55
V  [libjvm.so+0xab3e9a]  VMThread::evaluate_operation(VM_Operation*)+0xba
V  [libjvm.so+0xab421e]  VMThread::loop()+0x1ce
V  [libjvm.so+0xab4690]  VMThread::run()+0x70
V  [libjvm.so+0x910ee8]  java_start(Thread*)+0x108

VM_Operation (0x00007fe0484f6510): ParallelGCFailedAllocation, mode: safepoint, requested by thread 0x00007fe0601f7800


---------------  P R O C E S S  ---------------

Java Threads: ( => current thread )
  0x00007fe01810c000 JavaThread "pool-5-thread-5" [_thread_blocked, id=1928, stack(0x00007fe0480fe000,0x00007fe0481ff000)]
  0x00007fe0610b6000 JavaThread "pool-5-thread-4" [_thread_blocked, id=1926, stack(0x00007fe0481ff000,0x00007fe048300000)]
  0x00007fe0601f9000 JavaThread "pool-5-thread-3" [_thread_blocked, id=1924, stack(0x00007fe048300000,0x00007fe048401000)]
  0x00007fe0601f8000 JavaThread "pool-5-thread-2" [_thread_blocked, id=1923, stack(0x00007fe00bcff000,0x00007fe00be00000)]
  0x00007fe0601f7800 JavaThread "pool-5-thread-1" [_thread_blocked, id=1922, stack(0x00007fe048401000,0x00007fe048502000)]
  0x00007fe060188000 JavaThread "Service Thread" daemon [_thread_blocked, id=1875, stack(0x00007fe04a0d6000,0x00007fe04a1d7000)]
  0x00007fe060183000 JavaThread "C1 CompilerThread2" daemon [_thread_blocked, id=1872, stack(0x00007fe04a1d7000,0x00007fe04a2d8000)]
  0x00007fe060181000 JavaThread "C2 CompilerThread1" daemon [_thread_blocked, id=1870, stack(0x00007fe04a2d8000,0x00007fe04a3d9000)]
  0x00007fe06017e000 JavaThread "C2 CompilerThread0" daemon [_thread_blocked, id=1869, stack(0x00007fe04a3d9000,0x00007fe04a4da000)]
  0x00007fe06017d000 JavaThread "Signal Dispatcher" daemon [_thread_blocked, id=1868, stack(0x00007fe04a4da000,0x00007fe04a5db000)]
  0x00007fe060146000 JavaThread "Finalizer" daemon [_thread_blocked, id=1867, stack(0x00007fe04adee000,0x00007fe04aeef000)]
  0x00007fe060144000 JavaThread "Reference Handler" daemon [_thread_blocked, id=1866, stack(0x00007fe04aeef000,0x00007fe04aff0000)]
  0x00007fe06000a000 JavaThread "main" [_thread_blocked, id=1856, stack(0x00007fe06841e000,0x00007fe06851f000)]

Other Threads:
=>0x00007fe06013f000 VMThread [stack: 0x00007fe04aff0000,0x00007fe04b0f1000] [id=1865]
  0x00007fe06018a800 WatcherThread [stack: 0x00007fe049fd5000,0x00007fe04a0d6000] [id=1876]

VM state:at safepoint (normal execution)

VM Mutex/Monitor currently owned by a thread:  ([mutex/lock_event])
[0x00007fe060005bf0] ExpandHeap_lock - owner thread: 0x00007fe06013f000
[0x00007fe060006270] Threads_lock - owner thread: 0x00007fe06013f000
[0x00007fe060006770] Heap_lock - owner thread: 0x00007fe0601f7800

Heap:
 PSYoungGen      total 112128K, used 0K [0x00000000f5580000, 0x0000000100000000, 0x0000000100000000)
  eden space 72192K, 0% used [0x00000000f5580000,0x00000000f5580000,0x00000000f9c00000)
  from space 39936K, 0% used [0x00000000fd900000,0x00000000fd900000,0x0000000100000000)
  to   space 51200K, 0% used [0x00000000f9c00000,0x00000000f9c00000,0x00000000fce00000)
 ParOldGen       total 112128K, used 110006K [0x00000000e0000000, 0x00000000e6d80000, 0x00000000f5580000)
  object space 112128K, 98% used [0x00000000e0000000,0x00000000e6b6d818,0x00000000e6d80000)
 Metaspace       used 85599K, capacity 86017K, committed 86488K, reserved 1120256K
  class space    used 14644K, capacity 14771K, committed 14848K, reserved 1048576K

Card table byte_map: [0x00007fe0650fa000,0x00007fe0651fb000] byte_map_base: 0x00007fe0649fa000

Marking Bits: (ParMarkBitMap*) 0x00007fe0678f86c0
 Begin Bits: [0x00007fe050000000, 0x00007fe050800000)
 End Bits:   [0x00007fe050800000, 0x00007fe051000000)

Polling page: 0x00007fe06853f000

CodeCache: size=245760Kb used=39289Kb max_used=39289Kb free=206470Kb
 bounds [0x00007fe051000000, 0x00007fe053690000, 0x00007fe060000000]
 total_blobs=13517 nmethods=13003 adapters=420
 compilation: enabled

Compilation events (10 events):
Event: 94,502 Thread 0x00007fe060183000 15477       2       scala.tools.nsc.transform.SpecializeTypes::specializeOn$1 (30 bytes)
Event: 94,503 Thread 0x00007fe060183000 nmethod 15477 0x00007fe053614490 code [0x00007fe053614620, 0x00007fe053614918]
Event: 94,503 Thread 0x00007fe060183000 15478       2       scala.tools.nsc.transform.SpecializeTypes$$anonfun$specializeOn$1$1::<init> (32 bytes)
Event: 94,504 Thread 0x00007fe060183000 nmethod 15478 0x00007fe0536140d0 code [0x00007fe053614240, 0x00007fe0536143f0]
Event: 94,504 Thread 0x00007fe060183000 15431       3       scala.tools.nsc.transform.SpecializeTypes::transformInfo (434 bytes)
Event: 94,522 Thread 0x00007fe060183000 nmethod 15431 0x00007fe05367dad0 code [0x00007fe05367e220, 0x00007fe0536844c8]
Event: 94,522 Thread 0x00007fe060183000 15479       3       scala.tools.nsc.transform.SpecializeTypes$$anon$3::apply (9 bytes)
Event: 94,523 Thread 0x00007fe060183000 nmethod 15479 0x00007fe053641810 code [0x00007fe053641980, 0x00007fe053641c68]
Event: 94,523 Thread 0x00007fe060183000 15467       1       scala.reflect.internal.StdNames$CommonNames::SINGLETON_SUFFIX (5 bytes)
Event: 94,523 Thread 0x00007fe060183000 nmethod 15467 0x00007fe053641550 code [0x00007fe0536416a0, 0x00007fe0536417b0]

GC Heap History (10 events):
Event: 52,093 GC heap after
Heap after GC invocations=17 (full 2):
 PSYoungGen      total 134656K, used 21082K [0x00000000f5580000, 0x0000000100000000, 0x0000000100000000)
  eden space 113152K, 0% used [0x00000000f5580000,0x00000000f5580000,0x00000000fc400000)
  from space 21504K, 98% used [0x00000000fc400000,0x00000000fd8969d8,0x00000000fd900000)
  to   space 31744K, 0% used [0x00000000fe100000,0x00000000fe100000,0x0000000100000000)
 ParOldGen       total 52736K, used 43429K [0x00000000e0000000, 0x00000000e3380000, 0x00000000f5580000)
  object space 52736K, 82% used [0x00000000e0000000,0x00000000e2a69790,0x00000000e3380000)
 Metaspace       used 58409K, capacity 58824K, committed 59028K, reserved 1097728K
  class space    used 10617K, capacity 10743K, committed 10752K, reserved 1048576K
}
Event: 52,097 GC heap before
{Heap before GC invocations=18 (full 3):
 PSYoungGen      total 134656K, used 21082K [0x00000000f5580000, 0x0000000100000000, 0x0000000100000000)
  eden space 113152K, 0% used [0x00000000f5580000,0x00000000f5580000,0x00000000fc400000)
  from space 21504K, 98% used [0x00000000fc400000,0x00000000fd8969d8,0x00000000fd900000)
  to   space 31744K, 0% used [0x00000000fe100000,0x00000000fe100000,0x0000000100000000)
 ParOldGen       total 52736K, used 43429K [0x00000000e0000000, 0x00000000e3380000, 0x00000000f5580000)
  object space 52736K, 82% used [0x00000000e0000000,0x00000000e2a69790,0x00000000e3380000)
 Metaspace       used 58409K, capacity 58824K, committed 59028K, reserved 1097728K
  class space    used 10617K, capacity 10743K, committed 10752K, reserved 1048576K
Event: 52,801 GC heap after
Heap after GC invocations=18 (full 3):
 PSYoungGen      total 134656K, used 2449K [0x00000000f5580000, 0x0000000100000000, 0x0000000100000000)
  eden space 113152K, 0% used [0x00000000f5580000,0x00000000f5580000,0x00000000fc400000)
  from space 21504K, 11% used [0x00000000fc400000,0x00000000fc664570,0x00000000fd900000)
  to   space 31744K, 0% used [0x00000000fe100000,0x00000000fe100000,0x0000000100000000)
 ParOldGen       total 112128K, used 52655K [0x00000000e0000000, 0x00000000e6d80000, 0x00000000f5580000)
  object space 112128K, 46% used [0x00000000e0000000,0x00000000e336bd80,0x00000000e6d80000)
 Metaspace       used 58403K, capacity 58812K, committed 59028K, reserved 1097728K
  class space    used 10615K, capacity 10739K, committed 10752K, reserved 1048576K
}
Event: 61,559 GC heap before
{Heap before GC invocations=19 (full 3):
 PSYoungGen      total 134656K, used 115601K [0x00000000f5580000, 0x0000000100000000, 0x0000000100000000)
  eden space 113152K, 100% used [0x00000000f5580000,0x00000000fc400000,0x00000000fc400000)
  from space 21504K, 11% used [0x00000000fc400000,0x00000000fc664570,0x00000000fd900000)
  to   space 31744K, 0% used [0x00000000fe100000,0x00000000fe100000,0x0000000100000000)
 ParOldGen       total 112128K, used 52655K [0x00000000e0000000, 0x00000000e6d80000, 0x00000000f5580000)
  object space 112128K, 46% used [0x00000000e0000000,0x00000000e336bd80,0x00000000e6d80000)
 Metaspace       used 75462K, capacity 75905K, committed 76376K, reserved 1112064K
  class space    used 13215K, capacity 13363K, committed 13440K, reserved 1048576K
Event: 61,944 GC heap after
Heap after GC invocations=19 (full 3):
 PSYoungGen      total 126464K, used 31736K [0x00000000f5580000, 0x0000000100000000, 0x0000000100000000)
  eden space 94720K, 0% used [0x00000000f5580000,0x00000000f5580000,0x00000000fb200000)
  from space 31744K, 99% used [0x00000000fe100000,0x00000000ffffe210,0x0000000100000000)
  to   space 39936K, 0% used [0x00000000fb200000,0x00000000fb200000,0x00000000fd900000)
 ParOldGen       total 112128K, used 60842K [0x00000000e0000000, 0x00000000e6d80000, 0x00000000f5580000)
  object space 112128K, 54% used [0x00000000e0000000,0x00000000e3b6a928,0x00000000e6d80000)
 Metaspace       used 75462K, capacity 75905K, committed 76376K, reserved 1112064K
  class space    used 13215K, capacity 13363K, committed 13440K, reserved 1048576K
}
Event: 77,243 GC heap before
{Heap before GC invocations=20 (full 3):
 PSYoungGen      total 126464K, used 126456K [0x00000000f5580000, 0x0000000100000000, 0x0000000100000000)
  eden space 94720K, 100% used [0x00000000f5580000,0x00000000fb200000,0x00000000fb200000)
  from space 31744K, 99% used [0x00000000fe100000,0x00000000ffffe210,0x0000000100000000)
  to   space 39936K, 0% used [0x00000000fb200000,0x00000000fb200000,0x00000000fd900000)
 ParOldGen       total 112128K, used 60842K [0x00000000e0000000, 0x00000000e6d80000, 0x00000000f5580000)
  object space 112128K, 54% used [0x00000000e0000000,0x00000000e3b6a928,0x00000000e6d80000)
 Metaspace       used 79900K, capacity 80321K, committed 80856K, reserved 1116160K
  class space    used 13870K, capacity 14003K, committed 14080K, reserved 1048576K
Event: 77,449 GC heap after
Heap after GC invocations=20 (full 3):
 PSYoungGen      total 134656K, used 39928K [0x00000000f5580000, 0x0000000100000000, 0x0000000100000000)
  eden space 94720K, 0% used [0x00000000f5580000,0x00000000f5580000,0x00000000fb200000)
  from space 39936K, 99% used [0x00000000fb200000,0x00000000fd8fe240,0x00000000fd900000)
  to   space 39936K, 0% used [0x00000000fd900000,0x00000000fd900000,0x0000000100000000)
 ParOldGen       total 112128K, used 72846K [0x00000000e0000000, 0x00000000e6d80000, 0x00000000f5580000)
  object space 112128K, 64% used [0x00000000e0000000,0x00000000e4723a80,0x00000000e6d80000)
 Metaspace       used 79900K, capacity 80321K, committed 80856K, reserved 1116160K
  class space    used 13870K, capacity 14003K, committed 14080K, reserved 1048576K
}
Event: 94,544 GC heap before
{Heap before GC invocations=21 (full 3):
 PSYoungGen      total 134656K, used 134648K [0x00000000f5580000, 0x0000000100000000, 0x0000000100000000)
  eden space 94720K, 100% used [0x00000000f5580000,0x00000000fb200000,0x00000000fb200000)
  from space 39936K, 99% used [0x00000000fb200000,0x00000000fd8fe240,0x00000000fd900000)
  to   space 39936K, 0% used [0x00000000fd900000,0x00000000fd900000,0x0000000100000000)
 ParOldGen       total 112128K, used 72846K [0x00000000e0000000, 0x00000000e6d80000, 0x00000000f5580000)
  object space 112128K, 64% used [0x00000000e0000000,0x00000000e4723a80,0x00000000e6d80000)
 Metaspace       used 85599K, capacity 86017K, committed 86488K, reserved 1120256K
  class space    used 14644K, capacity 14771K, committed 14848K, reserved 1048576K
Event: 94,772 GC heap after
Heap after GC invocations=21 (full 3):
 PSYoungGen      total 112128K, used 28557K [0x00000000f5580000, 0x0000000100000000, 0x0000000100000000)
  eden space 72192K, 0% used [0x00000000f5580000,0x00000000f5580000,0x00000000f9c00000)
  from space 39936K, 71% used [0x00000000fd900000,0x00000000ff4e36e8,0x0000000100000000)
  to   space 51200K, 0% used [0x00000000f9c00000,0x00000000f9c00000,0x00000000fce00000)
 ParOldGen       total 112128K, used 97173K [0x00000000e0000000, 0x00000000e6d80000, 0x00000000f5580000)
  object space 112128K, 86% used [0x00000000e0000000,0x00000000e5ee5648,0x00000000e6d80000)
 Metaspace       used 85599K, capacity 86017K, committed 86488K, reserved 1120256K
  class space    used 14644K, capacity 14771K, committed 14848K, reserved 1048576K
}
Event: 94,772 GC heap before
{Heap before GC invocations=22 (full 4):
 PSYoungGen      total 112128K, used 28557K [0x00000000f5580000, 0x0000000100000000, 0x0000000100000000)
  eden space 72192K, 0% used [0x00000000f5580000,0x00000000f5580000,0x00000000f9c00000)
  from space 39936K, 71% used [0x00000000fd900000,0x00000000ff4e36e8,0x0000000100000000)
  to   space 51200K, 0% used [0x00000000f9c00000,0x00000000f9c00000,0x00000000fce00000)
 ParOldGen       total 112128K, used 97173K [0x00000000e0000000, 0x00000000e6d80000, 0x00000000f5580000)
  object space 112128K, 86% used [0x00000000e0000000,0x00000000e5ee5648,0x00000000e6d80000)
 Metaspace       used 85599K, capacity 86017K, committed 86488K, reserved 1120256K
  class space    used 14644K, capacity 14771K, committed 14848K, reserved 1048576K

Deoptimization events (10 events):
Event: 93,613 Thread 0x00007fe0601f7800 Uncommon trap: reason=class_check action=maybe_recompile pc=0x00007fe052ded118 method=scala.reflect.internal.tpe.TypeMaps$SubstMap.apply(Ljava/lang/Object;)Ljava/lang/Object; @ 5
Event: 93,945 Thread 0x00007fe0601f7800 Uncommon trap: reason=unstable_if action=reinterpret pc=0x00007fe052d9fcb0 method=scala.reflect.internal.SymbolTable.isValid(I)Z @ 81
Event: 94,170 Thread 0x00007fe0601f7800 Uncommon trap: reason=bimorphic action=maybe_recompile pc=0x00007fe053539e1c method=scala.reflect.internal.Trees$class.itransform(Lscala/reflect/internal/SymbolTable;Lscala/reflect/api/Trees$Transformer;Lscala/reflect/internal/Trees$Tree;)Lscala/reflect/i
Event: 94,170 Thread 0x00007fe0601f7800 Uncommon trap: reason=bimorphic action=maybe_recompile pc=0x00007fe053539e1c method=scala.reflect.internal.Trees$class.itransform(Lscala/reflect/internal/SymbolTable;Lscala/reflect/api/Trees$Transformer;Lscala/reflect/internal/Trees$Tree;)Lscala/reflect/i
Event: 94,170 Thread 0x00007fe0601f7800 Uncommon trap: reason=bimorphic action=maybe_recompile pc=0x00007fe053539e1c method=scala.reflect.internal.Trees$class.itransform(Lscala/reflect/internal/SymbolTable;Lscala/reflect/api/Trees$Transformer;Lscala/reflect/internal/Trees$Tree;)Lscala/reflect/i
Event: 94,170 Thread 0x00007fe0601f7800 Uncommon trap: reason=bimorphic action=maybe_recompile pc=0x00007fe053539e1c method=scala.reflect.internal.Trees$class.itransform(Lscala/reflect/internal/SymbolTable;Lscala/reflect/api/Trees$Transformer;Lscala/reflect/internal/Trees$Tree;)Lscala/reflect/i
Event: 94,388 Thread 0x00007fe0601f7800 Uncommon trap: reason=bimorphic action=maybe_recompile pc=0x00007fe052bc7f84 method=scala.reflect.internal.BaseTypeSeqs$BaseTypeSeq.typeSymbol(I)Lscala/reflect/internal/Symbols$Symbol; @ 55
Event: 94,388 Thread 0x00007fe0601f7800 Uncommon trap: reason=bimorphic action=maybe_recompile pc=0x00007fe052bc7f84 method=scala.reflect.internal.BaseTypeSeqs$BaseTypeSeq.typeSymbol(I)Lscala/reflect/internal/Symbols$Symbol; @ 55
Event: 94,388 Thread 0x00007fe0601f7800 Uncommon trap: reason=bimorphic action=maybe_recompile pc=0x00007fe052bc7f84 method=scala.reflect.internal.BaseTypeSeqs$BaseTypeSeq.typeSymbol(I)Lscala/reflect/internal/Symbols$Symbol; @ 55
Event: 94,388 Thread 0x00007fe0601f7800 Uncommon trap: reason=bimorphic action=maybe_recompile pc=0x00007fe052bc7f84 method=scala.reflect.internal.BaseTypeSeqs$BaseTypeSeq.typeSymbol(I)Lscala/reflect/internal/Symbols$Symbol; @ 55

Internal exceptions (10 events):
Event: 33,984 Thread 0x00007fe0601f8000 Implicit null exception at 0x00007fe0515511b5 to 0x00007fe0515513c1
Event: 34,237 Thread 0x00007fe0601f8000 Implicit null exception at 0x00007fe05124e435 to 0x00007fe05124e789
Event: 34,243 Thread 0x00007fe0601f8000 Implicit null exception at 0x00007fe051345175 to 0x00007fe051345529
Event: 35,104 Thread 0x00007fe0601f8000 Implicit null exception at 0x00007fe05190d1f5 to 0x00007fe05190e9d5
Event: 39,441 Thread 0x00007fe0601f8000 Exception <a 'java/lang/NoSuchFieldError': method resolution failed> (0x00000000f6c91028) thrown at [/HUDSON/workspace/8-2-build-linux-amd64/jdk8u40/2855/hotspot/src/share/vm/prims/methodHandles.cpp, line 1125]
Event: 39,452 Thread 0x00007fe0601f8000 Exception <a 'java/lang/NoSuchFieldError': method resolution failed> (0x00000000f6ca0370) thrown at [/HUDSON/workspace/8-2-build-linux-amd64/jdk8u40/2855/hotspot/src/share/vm/prims/methodHandles.cpp, line 1125]
Event: 39,952 Thread 0x00007fe0601f8000 Exception <a 'java/lang/NullPointerException'> (0x00000000f6d83bf8) thrown at [/HUDSON/workspace/8-2-build-linux-amd64/jdk8u40/2855/hotspot/src/share/vm/interpreter/linkResolver.cpp, line 1178]
Event: 50,890 Thread 0x00007fe0601f7800 Exception <a 'java/io/FileNotFoundException'> (0x00000000fa7edcd8) thrown at [/HUDSON/workspace/8-2-build-linux-amd64/jdk8u40/2855/hotspot/src/share/vm/prims/jni.cpp, line 709]
Event: 51,224 Thread 0x00007fe0601f7800 Implicit null exception at 0x00007fe051738900 to 0x00007fe0517389b9
Event: 72,666 Thread 0x00007fe0601f7800 Implicit null exception at 0x00007fe052de598c to 0x00007fe052de5a95

Events (10 events):
Event: 94,388 Thread 0x00007fe0601f7800 Uncommon trap: trap_request=0xffffffc6 fr.pc=0x00007fe052bc7f84
Event: 94,388 Thread 0x00007fe0601f7800 DEOPT PACKING pc=0x00007fe052bc7f84 sp=0x00007fe0484f5110
Event: 94,388 Thread 0x00007fe0601f7800 DEOPT UNPACKING pc=0x00007fe051005229 sp=0x00007fe0484f5038 mode 2
Event: 94,388 Thread 0x00007fe0601f7800 Uncommon trap: trap_request=0xffffffc6 fr.pc=0x00007fe052bc7f84
Event: 94,388 Thread 0x00007fe0601f7800 DEOPT PACKING pc=0x00007fe052bc7f84 sp=0x00007fe0484f57e0
Event: 94,388 Thread 0x00007fe0601f7800 DEOPT UNPACKING pc=0x00007fe051005229 sp=0x00007fe0484f5708 mode 2
Event: 94,388 Thread 0x00007fe0601f7800 Uncommon trap: trap_request=0xffffffc6 fr.pc=0x00007fe052bc7f84
Event: 94,388 Thread 0x00007fe0601f7800 DEOPT PACKING pc=0x00007fe052bc7f84 sp=0x00007fe0484f57e0
Event: 94,388 Thread 0x00007fe0601f7800 DEOPT UNPACKING pc=0x00007fe051005229 sp=0x00007fe0484f5708 mode 2
Event: 94,539 Executing VM operation: ParallelGCFailedAllocation


Dynamic libraries:
00400000-00401000 r-xp 00000000 08:01 1309733                            /usr/lib/jvm/java-8-oracle/jre/bin/java
00600000-00601000 rw-p 00000000 08:01 1309733                            /usr/lib/jvm/java-8-oracle/jre/bin/java
01e5c000-01e7d000 rw-p 00000000 00:00 0                                  [heap]
e0000000-e6d80000 rw-p 00000000 00:00 0 
ebe00000-f5580000 ---p 00000000 00:00 0 
f5580000-100000000 rw-p 00000000 00:00 0 
100000000-100e80000 rw-p 00000000 00:00 0 
100e80000-140000000 ---p 00000000 00:00 0 
7fdff8000000-7fdff8021000 rw-p 00000000 00:00 0 
7fdff8021000-7fdffc000000 ---p 00000000 00:00 0 
7fe000000000-7fe00007f000 rw-p 00000000 00:00 0 
7fe00007f000-7fe004000000 ---p 00000000 00:00 0 
7fe004000000-7fe004474000 rw-p 00000000 00:00 0 
7fe004474000-7fe008000000 ---p 00000000 00:00 0 
7fe0087de000-7fe0089de000 rw-p 00000000 00:00 0 
7fe0089de000-7fe008bde000 rw-p 00000000 00:00 0 
7fe008bde000-7fe008dde000 rw-p 00000000 00:00 0 
7fe008dde000-7fe008fde000 rw-p 00000000 00:00 0 
7fe008fde000-7fe0091de000 rw-p 00000000 00:00 0 
7fe0091de000-7fe0093de000 rw-p 00000000 00:00 0 
7fe0093de000-7fe0095de000 rw-p 00000000 00:00 0 
7fe0095de000-7fe0097de000 rw-p 00000000 00:00 0 
7fe0097de000-7fe0099de000 rw-p 00000000 00:00 0 
7fe0099de000-7fe009bde000 rw-p 00000000 00:00 0 
7fe009bde000-7fe009dde000 rw-p 00000000 00:00 0 
7fe009dde000-7fe009fde000 rw-p 00000000 00:00 0 
7fe009fde000-7fe00a02a000 r--s 003f4000 08:06 2362221                    /home/alina/.ivy2/cache/org.scala-lang/scala-reflect/jars/scala-reflect-2.11.5.jar
7fe00a02a000-7fe00a124000 r--s 00c95000 08:06 2362220                    /home/alina/.ivy2/cache/org.scala-lang/scala-compiler/jars/scala-compiler-2.11.5.jar
7fe00a124000-7fe00a17d000 r--s 004f9000 08:06 2362124                    /home/alina/.ivy2/cache/org.scala-lang/scala-library/jars/scala-library-2.11.5.jar
7fe00a17d000-7fe00a180000 ---p 00000000 00:00 0 
7fe00a180000-7fe00a47e000 rw-p 00000000 00:00 0 
7fe00a47e000-7fe00a495000 r-xp 00000000 08:01 1046559                    /lib/x86_64-linux-gnu/libresolv-2.19.so
7fe00a495000-7fe00a695000 ---p 00017000 08:01 1046559                    /lib/x86_64-linux-gnu/libresolv-2.19.so
7fe00a695000-7fe00a696000 r--p 00017000 08:01 1046559                    /lib/x86_64-linux-gnu/libresolv-2.19.so
7fe00a696000-7fe00a697000 rw-p 00018000 08:01 1046559                    /lib/x86_64-linux-gnu/libresolv-2.19.so
7fe00a697000-7fe00a699000 rw-p 00000000 00:00 0 
7fe00a699000-7fe00a69e000 r-xp 00000000 08:01 1046621                    /lib/x86_64-linux-gnu/libnss_dns-2.19.so
7fe00a69e000-7fe00a89d000 ---p 00005000 08:01 1046621                    /lib/x86_64-linux-gnu/libnss_dns-2.19.so
7fe00a89d000-7fe00a89e000 r--p 00004000 08:01 1046621                    /lib/x86_64-linux-gnu/libnss_dns-2.19.so
7fe00a89e000-7fe00a89f000 rw-p 00005000 08:01 1046621                    /lib/x86_64-linux-gnu/libnss_dns-2.19.so
7fe00a89f000-7fe00a8a1000 r-xp 00000000 08:01 1050963                    /lib/x86_64-linux-gnu/libnss_mdns4_minimal.so.2
7fe00a8a1000-7fe00aaa0000 ---p 00002000 08:01 1050963                    /lib/x86_64-linux-gnu/libnss_mdns4_minimal.so.2
7fe00aaa0000-7fe00aaa1000 r--p 00001000 08:01 1050963                    /lib/x86_64-linux-gnu/libnss_mdns4_minimal.so.2
7fe00aaa1000-7fe00aaa2000 rw-p 00002000 08:01 1050963                    /lib/x86_64-linux-gnu/libnss_mdns4_minimal.so.2
7fe00aaa2000-7fe00aca2000 rw-p 00000000 00:00 0 
7fe00aca2000-7fe00acb8000 r-xp 00000000 08:01 1050859                    /lib/x86_64-linux-gnu/libgcc_s.so.1
7fe00acb8000-7fe00aeb7000 ---p 00016000 08:01 1050859                    /lib/x86_64-linux-gnu/libgcc_s.so.1
7fe00aeb7000-7fe00aeb8000 rw-p 00015000 08:01 1050859                    /lib/x86_64-linux-gnu/libgcc_s.so.1
7fe00aeb8000-7fe00aeea000 r-xp 00000000 08:01 1195392                    /usr/lib/jvm/java-8-oracle/jre/lib/amd64/libsunec.so
7fe00aeea000-7fe00b0e9000 ---p 00032000 08:01 1195392                    /usr/lib/jvm/java-8-oracle/jre/lib/amd64/libsunec.so
7fe00b0e9000-7fe00b0ef000 rw-p 00031000 08:01 1195392                    /usr/lib/jvm/java-8-oracle/jre/lib/amd64/libsunec.so
7fe00b0ef000-7fe00b2ff000 rw-p 00000000 00:00 0 
7fe00b2ff000-7fe00b4ff000 rw-p 00000000 00:00 0 
7fe00b4ff000-7fe00b6ff000 rw-p 00000000 00:00 0 
7fe00b6ff000-7fe00b8ff000 rw-p 00000000 00:00 0 
7fe00b8ff000-7fe00baff000 rw-p 00000000 00:00 0 
7fe00baff000-7fe00bcff000 rw-p 00000000 00:00 0 
7fe00bcff000-7fe00bd02000 ---p 00000000 00:00 0 
7fe00bd02000-7fe00bff6000 rw-p 00000000 00:00 0                          [stack:1923]
7fe00bff6000-7fe00c000000 ---p 00000000 00:00 0 
7fe00c000000-7fe00c07d000 rw-p 00000000 00:00 0 
7fe00c07d000-7fe010000000 ---p 00000000 00:00 0 
7fe010000000-7fe010024000 rw-p 00000000 00:00 0 
7fe010024000-7fe014000000 ---p 00000000 00:00 0 
7fe014000000-7fe014021000 rw-p 00000000 00:00 0 
7fe014021000-7fe018000000 ---p 00000000 00:00 0 
7fe018000000-7fe0187ad000 rw-p 00000000 00:00 0 
7fe0187ad000-7fe01c000000 ---p 00000000 00:00 0 
7fe01c000000-7fe01d23c000 rw-p 00000000 00:00 0 
7fe01d23c000-7fe020000000 ---p 00000000 00:00 0 
7fe020000000-7fe020021000 rw-p 00000000 00:00 0 
7fe020021000-7fe024000000 ---p 00000000 00:00 0 
7fe024000000-7fe0265a0000 rw-p 00000000 00:00 0 
7fe0265a0000-7fe028000000 ---p 00000000 00:00 0 
7fe028000000-7fe029e5d000 rw-p 00000000 00:00 0 
7fe029e5d000-7fe02c000000 ---p 00000000 00:00 0 
7fe02c000000-7fe02c021000 rw-p 00000000 00:00 0 
7fe02c021000-7fe030000000 ---p 00000000 00:00 0 
7fe030000000-7fe030021000 rw-p 00000000 00:00 0 
7fe030021000-7fe034000000 ---p 00000000 00:00 0 
7fe034000000-7fe03432c000 rw-p 00000000 00:00 0 
7fe03432c000-7fe038000000 ---p 00000000 00:00 0 
7fe038000000-7fe038021000 rw-p 00000000 00:00 0 
7fe038021000-7fe03c000000 ---p 00000000 00:00 0 
7fe03c000000-7fe03c021000 rw-p 00000000 00:00 0 
7fe03c021000-7fe040000000 ---p 00000000 00:00 0 
7fe040000000-7fe040021000 rw-p 00000000 00:00 0 
7fe040021000-7fe044000000 ---p 00000000 00:00 0 
7fe044000000-7fe044021000 rw-p 00000000 00:00 0 
7fe044021000-7fe048000000 ---p 00000000 00:00 0 
7fe048029000-7fe04802a000 rw-p 00000000 00:00 0 
7fe04802a000-7fe04802b000 r--s 00007000 08:06 3278616                    /home/alina/.sbt/boot/scala-2.10.4/org.scala-sbt/sbt/0.13.8/compiler-interface-src/compiler-interface-src-0.13.8.jar
7fe04802b000-7fe04802f000 r--s 00031000 08:06 2362222                    /home/alina/.ivy2/cache/jline/jline/jars/jline-2.12.jar
7fe04802f000-7fe04803a000 r--s 0005b000 08:06 2622011                    /home/alina/.ivy2/cache/org.scala-lang.modules/scala-parser-combinators_2.11/bundles/scala-parser-combinators_2.11-1.0.3.jar
7fe04803a000-7fe048045000 r--s 00094000 08:06 2622010                    /home/alina/.ivy2/cache/org.scala-lang.modules/scala-xml_2.11/bundles/scala-xml_2.11-1.0.3.jar
7fe048045000-7fe048048000 r--s 0001a000 08:01 1195519                    /usr/lib/jvm/java-8-oracle/jre/lib/jce.jar
7fe048048000-7fe048049000 r--s 00010000 08:01 1201054                    /usr/lib/jvm/java-8-oracle/jre/lib/ext/zipfs.jar
7fe048049000-7fe0480de000 r--s 010fa000 08:01 1201052                    /usr/lib/jvm/java-8-oracle/jre/lib/ext/jfxrt.jar
7fe0480de000-7fe0480e3000 r--s 0003f000 08:01 1201050                    /usr/lib/jvm/java-8-oracle/jre/lib/ext/sunjce_provider.jar
7fe0480e3000-7fe0480fe000 r--s 001d0000 08:01 1201049                    /usr/lib/jvm/java-8-oracle/jre/lib/ext/nashorn.jar
7fe0480fe000-7fe048101000 ---p 00000000 00:00 0 
7fe048101000-7fe0481ff000 rw-p 00000000 00:00 0                          [stack:1928]
7fe0481ff000-7fe048202000 ---p 00000000 00:00 0 
7fe048202000-7fe048300000 rw-p 00000000 00:00 0                          [stack:1926]
7fe048300000-7fe048303000 ---p 00000000 00:00 0 
7fe048303000-7fe048401000 rw-p 00000000 00:00 0                          [stack:1924]
7fe048401000-7fe048404000 ---p 00000000 00:00 0 
7fe048404000-7fe048702000 rw-p 00000000 00:00 0                          [stack:1922]
7fe048702000-7fe048902000 rw-p 00000000 00:00 0 
7fe048902000-7fe048b02000 rw-p 00000000 00:00 0 
7fe048b02000-7fe048d02000 rw-p 00000000 00:00 0 
7fe048d02000-7fe048d05000 r--s 0003a000 08:01 1201053                    /usr/lib/jvm/java-8-oracle/jre/lib/ext/sunpkcs11.jar
7fe048d05000-7fe048d06000 r--s 00009000 08:01 1201048                    /usr/lib/jvm/java-8-oracle/jre/lib/ext/sunec.jar
7fe048d06000-7fe048d08000 r--s 00001000 08:01 1201047                    /usr/lib/jvm/java-8-oracle/jre/lib/ext/dnsns.jar
7fe048d08000-7fe048d0d000 r--s 00083000 08:01 1201067                    /usr/lib/jvm/java-8-oracle/jre/lib/jfr.jar
7fe048d0d000-7fe048d12000 r--s 002f8000 08:01 1195443                    /usr/lib/jvm/java-8-oracle/jre/lib/charsets.jar
7fe048d12000-7fe048d15000 r--s 0001a000 08:01 1195519                    /usr/lib/jvm/java-8-oracle/jre/lib/jce.jar
7fe048d15000-7fe048d20000 r--s 00116000 08:01 1201055                    /usr/lib/jvm/java-8-oracle/jre/lib/ext/localedata.jar
7fe048d20000-7fe048d3c000 r--s 00393000 08:01 1201046                    /usr/lib/jvm/java-8-oracle/jre/lib/ext/cldrdata.jar
7fe048d3c000-7fe048f3c000 rw-p 00000000 00:00 0 
7fe048f3c000-7fe048f4f000 r--s 00344000 08:01 1195493                    /usr/lib/jvm/java-8-oracle/jre/lib/resources.jar
7fe048f4f000-7fe04914f000 rw-p 00000000 00:00 0 
7fe04914f000-7fe04934f000 rw-p 00000000 00:00 0 
7fe04934f000-7fe04954f000 rw-p 00000000 00:00 0 
7fe04954f000-7fe0495c8000 r--s 010e7000 08:01 1188782                    /usr/lib/jvm/java-8-oracle/lib/tools.jar
7fe0495c8000-7fe0497c8000 rw-p 00000000 00:00 0 
7fe0497c8000-7fe0497cd000 r--s 00094000 08:01 1201078                    /usr/lib/jvm/java-8-oracle/jre/lib/jsse.jar
7fe0497cd000-7fe0497cf000 r--s 0000b000 08:06 3278604                    /home/alina/.sbt/boot/scala-2.10.4/org.scala-sbt/sbt/0.13.8/xsbti/interface-0.13.8.jar
7fe0497cf000-7fe0497d1000 r--s 00012000 08:06 3278641                    /home/alina/.sbt/boot/scala-2.10.4/org.scala-sbt/sbt/0.13.8/jawn-parser_2.10-0.6.0.jar
7fe0497d1000-7fe0497d6000 r--s 00036000 08:06 3278648                    /home/alina/.sbt/boot/scala-2.10.4/org.scala-sbt/sbt/0.13.8/compile-0.13.8.jar
7fe0497d6000-7fe0497da000 r--s 00022000 08:06 3278632                    /home/alina/.sbt/boot/scala-2.10.4/org.scala-sbt/sbt/0.13.8/sbinary_2.10-0.4.2.jar
7fe0497da000-7fe0497de000 r--s 0001b000 08:06 3278601                    /home/alina/.sbt/boot/scala-2.10.4/org.scala-sbt/sbt/0.13.8/process-0.13.8.jar
7fe0497de000-7fe0497df000 r--s 00001000 08:06 3278595                    /home/alina/.sbt/boot/scala-2.10.4/org.scala-sbt/sbt/0.13.8/json4s-support_2.10-0.6.0.jar
7fe0497df000-7fe0497e2000 r--s 00012000 08:06 3278625                    /home/alina/.sbt/boot/scala-2.10.4/org.scala-sbt/sbt/0.13.8/classfile-0.13.8.jar
7fe0497e2000-7fe0497ec000 r--s 0006e000 08:06 3278619                    /home/alina/.sbt/boot/scala-2.10.4/org.scala-sbt/sbt/0.13.8/incremental-compiler-0.13.8.jar
7fe0497ec000-7fe0497ee000 r--s 00013000 08:06 3278618                    /home/alina/.sbt/boot/scala-2.10.4/org.scala-sbt/sbt/0.13.8/json4s-ast_2.10-3.2.10.jar
7fe0497ee000-7fe0497ef000 r--s 00005000 08:06 3278634                    /home/alina/.sbt/boot/scala-2.10.4/org.scala-sbt/sbt/0.13.8/test-agent-0.13.8.jar
7fe0497ef000-7fe0497f1000 r--s 00001000 08:06 3278599                    /home/alina/.sbt/boot/scala-2.10.4/org.scala-sbt/sbt/0.13.8/launcher-interface-0.13.8.jar
7fe0497f1000-7fe0497f4000 r--s 0001e000 08:06 3278630                    /home/alina/.sbt/boot/scala-2.10.4/org.scala-sbt/sbt/0.13.8/run-0.13.8.jar
7fe0497f4000-7fe0497f5000 r--s 00001000 08:06 3278608                    /home/alina/.sbt/boot/scala-2.10.4/org.scala-sbt/sbt/0.13.8/cross-0.13.8.jar
7fe0497f5000-7fe0497fe000 r--s 0006e000 08:06 3278647                    /home/alina/.sbt/boot/scala-2.10.4/org.scala-sbt/sbt/0.13.8/actions-0.13.8.jar
7fe0497fe000-7fe0499fe000 rw-p 00000000 00:00 0 
7fe0499fe000-7fe049a06000 r--s 00060000 08:06 3278611                    /home/alina/.sbt/boot/scala-2.10.4/org.scala-sbt/sbt/0.13.8/collections-0.13.8.jar
7fe049a06000-7fe049a3c000 r--s 002d9000 08:06 3278644                    /home/alina/.sbt/boot/scala-2.10.4/org.scala-sbt/sbt/0.13.8/scala-reflect-2.10.4.jar
7fe049a3c000-7fe049a3e000 r--s 0000b000 08:06 3278612                    /home/alina/.sbt/boot/scala-2.10.4/org.scala-sbt/sbt/0.13.8/tracking-0.13.8.jar
7fe049a3e000-7fe049a41000 r--s 00030000 08:06 3278643                    /home/alina/.sbt/boot/scala-2.10.4/org.scala-sbt/sbt/0.13.8/jline-2.11.jar
7fe049a41000-7fe049a4b000 r--s 00092000 08:06 3278635                    /home/alina/.sbt/boot/scala-2.10.4/org.scala-sbt/sbt/0.13.8/main-settings-0.13.8.jar
7fe049a4b000-7fe049a52000 r--s 00049000 08:06 3278620                    /home/alina/.sbt/boot/scala-2.10.4/org.scala-sbt/sbt/0.13.8/api-0.13.8.jar
7fe049a52000-7fe049a54000 r--s 00002000 08:06 3278638                    /home/alina/.sbt/boot/scala-2.10.4/org.scala-sbt/sbt/0.13.8/test-interface-1.0.jar
7fe049a54000-7fe049a56000 r--s 00006000 08:06 3278606                    /home/alina/.sbt/boot/scala-2.10.4/org.scala-sbt/sbt/0.13.8/relation-0.13.8.jar
7fe049a56000-7fe049a59000 r--s 0001a000 08:06 3278631                    /home/alina/.sbt/boot/scala-2.10.4/org.scala-sbt/sbt/0.13.8/cache-0.13.8.jar
7fe049a59000-7fe049a5b000 r--s 00007000 08:06 3278637                    /home/alina/.sbt/boot/scala-2.10.4/org.scala-sbt/sbt/0.13.8/paranamer-2.6.jar
7fe049a5b000-7fe049a5d000 r--s 00014000 08:06 3278640                    /home/alina/.sbt/boot/scala-2.10.4/org.scala-sbt/sbt/0.13.8/apply-macro-0.13.8.jar
7fe049a5d000-7fe049a69000 r--s 000a4000 08:06 3278633                    /home/alina/.sbt/boot/scala-2.10.4/org.scala-sbt/sbt/0.13.8/quasiquotes_2.10-2.0.1.jar
7fe049a69000-7fe049a7f000 r--s 00100000 08:06 3278609                    /home/alina/.sbt/boot/scala-2.10.4/org.scala-sbt/sbt/0.13.8/ivy-2.3.0-sbt-fccfbd44c9f64523b61398a0155784dcbaeae28f.jar
7fe049a7f000-7fe049a85000 r--s 0003d000 08:06 3278642                    /home/alina/.sbt/boot/scala-2.10.4/org.scala-sbt/sbt/0.13.8/io-0.13.8.jar
7fe049a85000-7fe049a86000 r--s 00005000 08:06 3278636                    /home/alina/.sbt/boot/scala-2.10.4/org.scala-sbt/sbt/0.13.8/sbt-0.13.8.jar
7fe049a86000-7fe049a88000 r--s 00002000 08:06 3278645                    /home/alina/.sbt/boot/scala-2.10.4/org.scala-sbt/sbt/0.13.8/control-0.13.8.jar
7fe049a88000-7fe049a90000 r--s 00057000 08:06 3278627                    /home/alina/.sbt/boot/scala-2.10.4/org.scala-sbt/sbt/0.13.8/completion-0.13.8.jar
7fe049a90000-7fe049ab0000 r--s 001a4000 08:06 3278629                    /home/alina/.sbt/boot/scala-2.10.4/org.scala-sbt/sbt/0.13.8/ivy-0.13.8.jar
7fe049ab0000-7fe049bad000 r--s 00cca000 08:06 2361581                    /home/alina/.sbt/boot/scala-2.10.4/lib/scala-compiler.jar
7fe049bad000-7fe049bbe000 r-xp 00000000 08:01 1195391                    /usr/lib/jvm/java-8-oracle/jre/lib/amd64/libnio.so
7fe049bbe000-7fe049dbd000 ---p 00011000 08:01 1195391                    /usr/lib/jvm/java-8-oracle/jre/lib/amd64/libnio.so
7fe049dbd000-7fe049dbe000 rw-p 00010000 08:01 1195391                    /usr/lib/jvm/java-8-oracle/jre/lib/amd64/libnio.so
7fe049dbe000-7fe049dd4000 r-xp 00000000 08:01 1195427                    /usr/lib/jvm/java-8-oracle/jre/lib/amd64/libnet.so
7fe049dd4000-7fe049fd4000 ---p 00016000 08:01 1195427                    /usr/lib/jvm/java-8-oracle/jre/lib/amd64/libnet.so
7fe049fd4000-7fe049fd5000 rw-p 00016000 08:01 1195427                    /usr/lib/jvm/java-8-oracle/jre/lib/amd64/libnet.so
7fe049fd5000-7fe049fd6000 ---p 00000000 00:00 0 
7fe049fd6000-7fe04a0d6000 rw-p 00000000 00:00 0                          [stack:1876]
7fe04a0d6000-7fe04a0d9000 ---p 00000000 00:00 0 
7fe04a0d9000-7fe04a1d7000 rw-p 00000000 00:00 0                          [stack:1875]
7fe04a1d7000-7fe04a1da000 ---p 00000000 00:00 0 
7fe04a1da000-7fe04a2d8000 rw-p 00000000 00:00 0                          [stack:1872]
7fe04a2d8000-7fe04a2db000 ---p 00000000 00:00 0 
7fe04a2db000-7fe04a3d9000 rw-p 00000000 00:00 0                          [stack:1870]
7fe04a3d9000-7fe04a3dc000 ---p 00000000 00:00 0 
7fe04a3dc000-7fe04a4da000 rw-p 00000000 00:00 0                          [stack:1869]
7fe04a4da000-7fe04a4dd000 ---p 00000000 00:00 0 
7fe04a4dd000-7fe04a5db000 rw-p 00000000 00:00 0                          [stack:1868]
7fe04a5db000-7fe04adee000 r--p 00000000 08:01 1183313                    /usr/lib/locale/locale-archive
7fe04adee000-7fe04adf1000 ---p 00000000 00:00 0 
7fe04adf1000-7fe04aeef000 rw-p 00000000 00:00 0                          [stack:1867]
7fe04aeef000-7fe04aef2000 ---p 00000000 00:00 0 
7fe04aef2000-7fe04aff0000 rw-p 00000000 00:00 0                          [stack:1866]
7fe04aff0000-7fe04aff1000 ---p 00000000 00:00 0 
7fe04aff1000-7fe04c000000 rw-p 00000000 00:00 0                          [stack:1865]
7fe04c000000-7fe04c021000 rw-p 00000000 00:00 0 
7fe04c021000-7fe050000000 ---p 00000000 00:00 0 
7fe050000000-7fe051000000 rw-p 00000000 00:00 0 
7fe051000000-7fe053690000 rwxp 00000000 00:00 0 
7fe053690000-7fe060000000 ---p 00000000 00:00 0 
7fe060000000-7fe06198a000 rw-p 00000000 00:00 0 
7fe06198a000-7fe064000000 ---p 00000000 00:00 0 
7fe064000000-7fe064003000 r--s 0001d000 08:06 3278639                    /home/alina/.sbt/boot/scala-2.10.4/org.scala-sbt/sbt/0.13.8/tasks-0.13.8.jar
7fe064003000-7fe064006000 r--s 0001c000 08:06 3278628                    /home/alina/.sbt/boot/scala-2.10.4/org.scala-sbt/sbt/0.13.8/compiler-integration-0.13.8.jar
7fe064006000-7fe064009000 r--s 00013000 08:06 3278613                    /home/alina/.sbt/boot/scala-2.10.4/org.scala-sbt/sbt/0.13.8/classpath-0.13.8.jar
7fe064009000-7fe06400c000 r--s 0001d000 08:06 3278622                    /home/alina/.sbt/boot/scala-2.10.4/org.scala-sbt/sbt/0.13.8/task-system-0.13.8.jar
7fe06400c000-7fe064016000 r--s 00085000 08:06 3278646                    /home/alina/.sbt/boot/scala-2.10.4/org.scala-sbt/sbt/0.13.8/json4s-core_2.10-3.2.10.jar
7fe064016000-7fe06401b000 r--s 00024000 08:06 3278617                    /home/alina/.sbt/boot/scala-2.10.4/org.scala-sbt/sbt/0.13.8/persist-0.13.8.jar
7fe06401b000-7fe06402a000 r--s 000bb000 08:06 3278626                    /home/alina/.sbt/boot/scala-2.10.4/org.scala-sbt/sbt/0.13.8/scala-pickling_2.10-0.10.0.jar
7fe06402a000-7fe064056000 r--s 00235000 08:06 3278621                    /home/alina/.sbt/boot/scala-2.10.4/org.scala-sbt/sbt/0.13.8/main-0.13.8.jar
7fe064056000-7fe0640c8000 r--s 0065a000 08:06 2361582                    /home/alina/.sbt/boot/scala-2.10.4/lib/scala-library.jar
7fe0640c8000-7fe0640fe000 r--s 002d9000 08:06 2361580                    /home/alina/.sbt/boot/scala-2.10.4/lib/scala-reflect.jar
7fe0640fe000-7fe06414d000 rw-p 00000000 00:00 0 
7fe06414d000-7fe064325000 r--s 03d09000 08:01 1201056                    /usr/lib/jvm/java-8-oracle/jre/lib/rt.jar
7fe064325000-7fe064cf6000 rw-p 00000000 00:00 0 
7fe064cf6000-7fe064cf7000 ---p 00000000 00:00 0 
7fe064cf7000-7fe064df7000 rw-p 00000000 00:00 0                          [stack:1863]
7fe064df7000-7fe064df8000 ---p 00000000 00:00 0 
7fe064df8000-7fe064ef8000 rw-p 00000000 00:00 0                          [stack:1861]
7fe064ef8000-7fe064ef9000 ---p 00000000 00:00 0 
7fe064ef9000-7fe064ff9000 rw-p 00000000 00:00 0                          [stack:1860]
7fe064ff9000-7fe064ffa000 ---p 00000000 00:00 0 
7fe064ffa000-7fe065131000 rw-p 00000000 00:00 0                          [stack:1859]
7fe065131000-7fe0651a4000 ---p 00000000 00:00 0 
7fe0651a4000-7fe0651fa000 rw-p 00000000 00:00 0 
7fe0651fa000-7fe065296000 rw-p 00000000 00:00 0 
7fe065296000-7fe0655bb000 ---p 00000000 00:00 0 
7fe0655bb000-7fe0655d5000 r-xp 00000000 08:01 1195436                    /usr/lib/jvm/java-8-oracle/jre/lib/amd64/libzip.so
7fe0655d5000-7fe0657d5000 ---p 0001a000 08:01 1195436                    /usr/lib/jvm/java-8-oracle/jre/lib/amd64/libzip.so
7fe0657d5000-7fe0657d6000 rw-p 0001a000 08:01 1195436                    /usr/lib/jvm/java-8-oracle/jre/lib/amd64/libzip.so
7fe0657d6000-7fe0657e1000 r-xp 00000000 08:01 1046619                    /lib/x86_64-linux-gnu/libnss_files-2.19.so
7fe0657e1000-7fe0659e0000 ---p 0000b000 08:01 1046619                    /lib/x86_64-linux-gnu/libnss_files-2.19.so
7fe0659e0000-7fe0659e1000 r--p 0000a000 08:01 1046619                    /lib/x86_64-linux-gnu/libnss_files-2.19.so
7fe0659e1000-7fe0659e2000 rw-p 0000b000 08:01 1046619                    /lib/x86_64-linux-gnu/libnss_files-2.19.so
7fe0659e2000-7fe0659ed000 r-xp 00000000 08:01 1050897                    /lib/x86_64-linux-gnu/libnss_nis-2.19.so
7fe0659ed000-7fe065bec000 ---p 0000b000 08:01 1050897                    /lib/x86_64-linux-gnu/libnss_nis-2.19.so
7fe065bec000-7fe065bed000 r--p 0000a000 08:01 1050897                    /lib/x86_64-linux-gnu/libnss_nis-2.19.so
7fe065bed000-7fe065bee000 rw-p 0000b000 08:01 1050897                    /lib/x86_64-linux-gnu/libnss_nis-2.19.so
7fe065bee000-7fe065c05000 r-xp 00000000 08:01 1046628                    /lib/x86_64-linux-gnu/libnsl-2.19.so
7fe065c05000-7fe065e04000 ---p 00017000 08:01 1046628                    /lib/x86_64-linux-gnu/libnsl-2.19.so
7fe065e04000-7fe065e05000 r--p 00016000 08:01 1046628                    /lib/x86_64-linux-gnu/libnsl-2.19.so
7fe065e05000-7fe065e06000 rw-p 00017000 08:01 1046628                    /lib/x86_64-linux-gnu/libnsl-2.19.so
7fe065e06000-7fe065e08000 rw-p 00000000 00:00 0 
7fe065e08000-7fe065e11000 r-xp 00000000 08:01 1046627                    /lib/x86_64-linux-gnu/libnss_compat-2.19.so
7fe065e11000-7fe066010000 ---p 00009000 08:01 1046627                    /lib/x86_64-linux-gnu/libnss_compat-2.19.so
7fe066010000-7fe066011000 r--p 00008000 08:01 1046627                    /lib/x86_64-linux-gnu/libnss_compat-2.19.so
7fe066011000-7fe066012000 rw-p 00009000 08:01 1046627                    /lib/x86_64-linux-gnu/libnss_compat-2.19.so
7fe066012000-7fe06603c000 r-xp 00000000 08:01 1195432                    /usr/lib/jvm/java-8-oracle/jre/lib/amd64/libjava.so
7fe06603c000-7fe06623c000 ---p 0002a000 08:01 1195432                    /usr/lib/jvm/java-8-oracle/jre/lib/amd64/libjava.so
7fe06623c000-7fe06623e000 rw-p 0002a000 08:01 1195432                    /usr/lib/jvm/java-8-oracle/jre/lib/amd64/libjava.so
7fe06623e000-7fe06624b000 r-xp 00000000 08:01 1195380                    /usr/lib/jvm/java-8-oracle/jre/lib/amd64/libverify.so
7fe06624b000-7fe06644b000 ---p 0000d000 08:01 1195380                    /usr/lib/jvm/java-8-oracle/jre/lib/amd64/libverify.so
7fe06644b000-7fe06644d000 rw-p 0000d000 08:01 1195380                    /usr/lib/jvm/java-8-oracle/jre/lib/amd64/libverify.so
7fe06644d000-7fe066454000 r-xp 00000000 08:01 1050782                    /lib/x86_64-linux-gnu/librt-2.19.so
7fe066454000-7fe066653000 ---p 00007000 08:01 1050782                    /lib/x86_64-linux-gnu/librt-2.19.so
7fe066653000-7fe066654000 r--p 00006000 08:01 1050782                    /lib/x86_64-linux-gnu/librt-2.19.so
7fe066654000-7fe066655000 rw-p 00007000 08:01 1050782                    /lib/x86_64-linux-gnu/librt-2.19.so
7fe066655000-7fe06675a000 r-xp 00000000 08:01 1046618                    /lib/x86_64-linux-gnu/libm-2.19.so
7fe06675a000-7fe066959000 ---p 00105000 08:01 1046618                    /lib/x86_64-linux-gnu/libm-2.19.so
7fe066959000-7fe06695a000 r--p 00104000 08:01 1046618                    /lib/x86_64-linux-gnu/libm-2.19.so
7fe06695a000-7fe06695b000 rw-p 00105000 08:01 1046618                    /lib/x86_64-linux-gnu/libm-2.19.so
7fe06695b000-7fe067609000 r-xp 00000000 08:01 1195426                    /usr/lib/jvm/java-8-oracle/jre/lib/amd64/server/libjvm.so
7fe067609000-7fe067808000 ---p 00cae000 08:01 1195426                    /usr/lib/jvm/java-8-oracle/jre/lib/amd64/server/libjvm.so
7fe067808000-7fe0678df000 rw-p 00cad000 08:01 1195426                    /usr/lib/jvm/java-8-oracle/jre/lib/amd64/server/libjvm.so
7fe0678df000-7fe067923000 rw-p 00000000 00:00 0 
7fe067923000-7fe067ade000 r-xp 00000000 08:01 1046633                    /lib/x86_64-linux-gnu/libc-2.19.so
7fe067ade000-7fe067cdd000 ---p 001bb000 08:01 1046633                    /lib/x86_64-linux-gnu/libc-2.19.so
7fe067cdd000-7fe067ce1000 r--p 001ba000 08:01 1046633                    /lib/x86_64-linux-gnu/libc-2.19.so
7fe067ce1000-7fe067ce3000 rw-p 001be000 08:01 1046633                    /lib/x86_64-linux-gnu/libc-2.19.so
7fe067ce3000-7fe067ce8000 rw-p 00000000 00:00 0 
7fe067ce8000-7fe067ceb000 r-xp 00000000 08:01 1046622                    /lib/x86_64-linux-gnu/libdl-2.19.so
7fe067ceb000-7fe067eea000 ---p 00003000 08:01 1046622                    /lib/x86_64-linux-gnu/libdl-2.19.so
7fe067eea000-7fe067eeb000 r--p 00002000 08:01 1046622                    /lib/x86_64-linux-gnu/libdl-2.19.so
7fe067eeb000-7fe067eec000 rw-p 00003000 08:01 1046622                    /lib/x86_64-linux-gnu/libdl-2.19.so
7fe067eec000-7fe067f01000 r-xp 00000000 08:01 1195405                    /usr/lib/jvm/java-8-oracle/jre/lib/amd64/jli/libjli.so
7fe067f01000-7fe068101000 ---p 00015000 08:01 1195405                    /usr/lib/jvm/java-8-oracle/jre/lib/amd64/jli/libjli.so
7fe068101000-7fe068102000 rw-p 00015000 08:01 1195405                    /usr/lib/jvm/java-8-oracle/jre/lib/amd64/jli/libjli.so
7fe068102000-7fe06811b000 r-xp 00000000 08:01 1050682                    /lib/x86_64-linux-gnu/libpthread-2.19.so
7fe06811b000-7fe06831a000 ---p 00019000 08:01 1050682                    /lib/x86_64-linux-gnu/libpthread-2.19.so
7fe06831a000-7fe06831b000 r--p 00018000 08:01 1050682                    /lib/x86_64-linux-gnu/libpthread-2.19.so
7fe06831b000-7fe06831c000 rw-p 00019000 08:01 1050682                    /lib/x86_64-linux-gnu/libpthread-2.19.so
7fe06831c000-7fe068320000 rw-p 00000000 00:00 0 
7fe068320000-7fe068343000 r-xp 00000000 08:01 1046630                    /lib/x86_64-linux-gnu/ld-2.19.so
7fe068343000-7fe068346000 r--s 00018000 08:06 3278600                    /home/alina/.sbt/boot/scala-2.10.4/org.scala-sbt/sbt/0.13.8/logging-0.13.8.jar
7fe068346000-7fe06834a000 r--s 00034000 08:06 3278598                    /home/alina/.sbt/boot/scala-2.10.4/org.scala-sbt/sbt/0.13.8/jsch-0.1.46.jar
7fe06834a000-7fe06834c000 r--s 00001000 08:06 3278614                    /home/alina/.sbt/boot/scala-2.10.4/org.scala-sbt/sbt/0.13.8/compiler-ivy-integration-0.13.8.jar
7fe06834c000-7fe068353000 r--s 0004b000 08:06 3278602                    /home/alina/.sbt/boot/scala-2.10.4/org.scala-sbt/sbt/0.13.8/serialization_2.10-0.1.1.jar
7fe068353000-7fe068358000 r--s 00036000 08:06 3278607                    /home/alina/.sbt/boot/scala-2.10.4/org.scala-sbt/sbt/0.13.8/command-0.13.8.jar
7fe068358000-7fe06835a000 r--s 00017000 08:06 3278605                    /home/alina/.sbt/boot/scala-2.10.4/org.scala-sbt/sbt/0.13.8/testing-0.13.8.jar
7fe06835a000-7fe068373000 r--s 000fc000 08:06 2492679                    /home/alina/.IntelliJIdea14/system/sbt/sbt-launch.jar
7fe068373000-7fe0683aa000 rw-p 00000000 00:00 0 
7fe0683aa000-7fe06841e000 ---p 00000000 00:00 0 
7fe06841e000-7fe068421000 ---p 00000000 00:00 0 
7fe068421000-7fe068523000 rw-p 00000000 00:00 0                          [stack:1856]
7fe068523000-7fe068525000 r--s 0000e000 08:06 3278610                    /home/alina/.sbt/boot/scala-2.10.4/org.scala-sbt/sbt/0.13.8/logic-0.13.8.jar
7fe068525000-7fe068528000 r--s 00018000 08:06 2361579                    /home/alina/.sbt/boot/scala-2.10.4/lib/jansi.jar
7fe068528000-7fe06852c000 r--s 00025000 08:06 2361578                    /home/alina/.sbt/boot/scala-2.10.4/lib/jline.jar
7fe06852c000-7fe068536000 rw-p 00000000 00:00 0 
7fe068536000-7fe06853e000 rw-s 00000000 08:01 654100                     /tmp/hsperfdata_alina/1852
7fe06853e000-7fe06853f000 rw-p 00000000 00:00 0 
7fe06853f000-7fe068540000 ---p 00000000 00:00 0 
7fe068540000-7fe068542000 rw-p 00000000 00:00 0 
7fe068542000-7fe068543000 r--p 00022000 08:01 1046630                    /lib/x86_64-linux-gnu/ld-2.19.so
7fe068543000-7fe068544000 rw-p 00023000 08:01 1046630                    /lib/x86_64-linux-gnu/ld-2.19.so
7fe068544000-7fe068545000 rw-p 00000000 00:00 0 
7fffb5448000-7fffb5469000 rw-p 00000000 00:00 0                          [stack]
7fffb55bb000-7fffb55bd000 r-xp 00000000 00:00 0                          [vdso]
ffffffffff600000-ffffffffff601000 r-xp 00000000 00:00 0                  [vsyscall]

VM Arguments:
jvm_args: -Dsbt.log.noformat=true -Djline.terminal=jline.UnsupportedTerminal -Xmx512M -XX:MaxPermSize=256M 
java_command: /home/alina/.IntelliJIdea14/system/sbt/sbt-launch.jar
java_class_path (initial): /home/alina/.IntelliJIdea14/system/sbt/sbt-launch.jar
Launcher Type: SUN_STANDARD

Environment Variables:
CLASSPATH=/home/alina/programms/idea-IU-139.1117.1/bin/../lib/bootstrap.jar:/home/alina/programms/idea-IU-139.1117.1/bin/../lib/extensions.jar:/home/alina/programms/idea-IU-139.1117.1/bin/../lib/util.jar:/home/alina/programms/idea-IU-139.1117.1/bin/../lib/jdom.jar:/home/alina/programms/idea-IU-139.1117.1/bin/../lib/log4j.jar:/home/alina/programms/idea-IU-139.1117.1/bin/../lib/trove4j.jar:/home/alina/programms/idea-IU-139.1117.1/bin/../lib/jna.jar:/usr/lib/jvm/java-8-oracle/lib/tools.jar
PATH=/home/alina/programms/sbt/bin:/usr/local/sbin:/usr/local/bin:/usr/sbin:/usr/bin:/sbin:/bin:/usr/games:/usr/local/games
LD_LIBRARY_PATH=/home/alina/programms/idea-IU-139.1117.1/bin:
SHELL=/bin/bash
DISPLAY=:0

Signal Handlers:
SIGSEGV: [libjvm.so+0xaad2e0], sa_mask[0]=11111111011111111101111111111110, sa_flags=SA_RESTART|SA_SIGINFO
SIGBUS: [libjvm.so+0xaad2e0], sa_mask[0]=11111111011111111101111111111110, sa_flags=SA_RESTART|SA_SIGINFO
SIGFPE: [libjvm.so+0x90b550], sa_mask[0]=11111111011111111101111111111110, sa_flags=SA_RESTART|SA_SIGINFO
SIGPIPE: [libjvm.so+0x90b550], sa_mask[0]=11111111011111111101111111111110, sa_flags=SA_RESTART|SA_SIGINFO
SIGXFSZ: [libjvm.so+0x90b550], sa_mask[0]=11111111011111111101111111111110, sa_flags=SA_RESTART|SA_SIGINFO
SIGILL: [libjvm.so+0x90b550], sa_mask[0]=11111111011111111101111111111110, sa_flags=SA_RESTART|SA_SIGINFO
SIGUSR1: SIG_DFL, sa_mask[0]=00000000000000000000000000000000, sa_flags=none
SIGUSR2: [libjvm.so+0x90cb90], sa_mask[0]=00100000000000000000000000000000, sa_flags=SA_RESTART|SA_SIGINFO
SIGHUP: [libjvm.so+0x90dee0], sa_mask[0]=11111111011111111101111111111110, sa_flags=SA_RESTART|SA_SIGINFO
SIGINT: [libjvm.so+0x90dee0], sa_mask[0]=11111111011111111101111111111110, sa_flags=SA_RESTART|SA_SIGINFO
SIGTERM: [libjvm.so+0x90dee0], sa_mask[0]=11111111011111111101111111111110, sa_flags=SA_RESTART|SA_SIGINFO
SIGQUIT: [libjvm.so+0x90dee0], sa_mask[0]=11111111011111111101111111111110, sa_flags=SA_RESTART|SA_SIGINFO


---------------  S Y S T E M  ---------------

OS:DISTRIB_ID=Ubuntu
DISTRIB_RELEASE=14.04
DISTRIB_CODENAME=trusty
DISTRIB_DESCRIPTION="Ubuntu 14.04.2 LTS"

uname:Linux 3.13.0-46-generic #79-Ubuntu SMP Tue Mar 10 20:06:50 UTC 2015 x86_64
libc:glibc 2.19 NPTL 2.19 
rlimit: STACK 8192k, CORE 0k, NPROC 31015, NOFILE 4096, AS infinity
load average:6,87 3,50 3,41

/proc/meminfo:
MemTotal:        3991576 kB
MemFree:           87964 kB
Buffers:             276 kB
Cached:           329920 kB
SwapCached:         4528 kB
Active:          2553180 kB
Inactive:        1096164 kB
Active(anon):    2547508 kB
Inactive(anon):  1087776 kB
Active(file):       5672 kB
Inactive(file):     8388 kB
Unevictable:          64 kB
Mlocked:              64 kB
SwapTotal:       3905532 kB
SwapFree:              0 kB
Dirty:                44 kB
Writeback:             0 kB
AnonPages:       3315920 kB
Mapped:            14768 kB
Shmem:            315276 kB
Slab:              95488 kB
SReclaimable:      41944 kB
SUnreclaim:        53544 kB
KernelStack:        9488 kB
PageTables:        78372 kB
NFS_Unstable:          0 kB
Bounce:                0 kB
WritebackTmp:          0 kB
CommitLimit:     5901320 kB
Committed_AS:   15774196 kB
VmallocTotal:   34359738367 kB
VmallocUsed:      551848 kB
VmallocChunk:   34359167244 kB
HardwareCorrupted:     0 kB
AnonHugePages:    215040 kB
HugePages_Total:       0
HugePages_Free:        0
HugePages_Rsvd:        0
HugePages_Surp:        0
Hugepagesize:       2048 kB
DirectMap4k:      118604 kB
DirectMap2M:     4020224 kB


CPU:total 4 (2 cores per cpu, 2 threads per core) family 6 model 42 stepping 7, cmov, cx8, fxsr, mmx, sse, sse2, sse3, ssse3, sse4.1, sse4.2, popcnt, avx, aes, clmul, ht, tsc, tscinvbit

/proc/cpuinfo:
processor	: 0
vendor_id	: GenuineIntel
cpu family	: 6
model		: 42
model name	: Intel(R) Core(TM) i5-2467M CPU @ 1.60GHz
stepping	: 7
microcode	: 0x25
cpu MHz		: 1600.000
cache size	: 3072 KB
physical id	: 0
siblings	: 4
core id		: 0
cpu cores	: 2
apicid		: 0
initial apicid	: 0
fpu		: yes
fpu_exception	: yes
cpuid level	: 13
wp		: yes
flags		: fpu vme de pse tsc msr pae mce cx8 apic sep mtrr pge mca cmov pat pse36 clflush dts acpi mmx fxsr sse sse2 ss ht tm pbe syscall nx rdtscp lm constant_tsc arch_perfmon pebs bts rep_good nopl xtopology nonstop_tsc aperfmperf eagerfpu pni pclmulqdq dtes64 monitor ds_cpl vmx est tm2 ssse3 cx16 xtpr pdcm pcid sse4_1 sse4_2 x2apic popcnt tsc_deadline_timer aes xsave avx lahf_lm ida arat epb xsaveopt pln pts dtherm tpr_shadow vnmi flexpriority ept vpid
bogomips	: 3192.64
clflush size	: 64
cache_alignment	: 64
address sizes	: 36 bits physical, 48 bits virtual
power management:

processor	: 1
vendor_id	: GenuineIntel
cpu family	: 6
model		: 42
model name	: Intel(R) Core(TM) i5-2467M CPU @ 1.60GHz
stepping	: 7
microcode	: 0x25
cpu MHz		: 1100.000
cache size	: 3072 KB
physical id	: 0
siblings	: 4
core id		: 0
cpu cores	: 2
apicid		: 1
initial apicid	: 1
fpu		: yes
fpu_exception	: yes
cpuid level	: 13
wp		: yes
flags		: fpu vme de pse tsc msr pae mce cx8 apic sep mtrr pge mca cmov pat pse36 clflush dts acpi mmx fxsr sse sse2 ss ht tm pbe syscall nx rdtscp lm constant_tsc arch_perfmon pebs bts rep_good nopl xtopology nonstop_tsc aperfmperf eagerfpu pni pclmulqdq dtes64 monitor ds_cpl vmx est tm2 ssse3 cx16 xtpr pdcm pcid sse4_1 sse4_2 x2apic popcnt tsc_deadline_timer aes xsave avx lahf_lm ida arat epb xsaveopt pln pts dtherm tpr_shadow vnmi flexpriority ept vpid
bogomips	: 3192.64
clflush size	: 64
cache_alignment	: 64
address sizes	: 36 bits physical, 48 bits virtual
power management:

processor	: 2
vendor_id	: GenuineIntel
cpu family	: 6
model		: 42
model name	: Intel(R) Core(TM) i5-2467M CPU @ 1.60GHz
stepping	: 7
microcode	: 0x25
cpu MHz		: 1600.000
cache size	: 3072 KB
physical id	: 0
siblings	: 4
core id		: 1
cpu cores	: 2
apicid		: 2
initial apicid	: 2
fpu		: yes
fpu_exception	: yes
cpuid level	: 13
wp		: yes
flags		: fpu vme de pse tsc msr pae mce cx8 apic sep mtrr pge mca cmov pat pse36 clflush dts acpi mmx fxsr sse sse2 ss ht tm pbe syscall nx rdtscp lm constant_tsc arch_perfmon pebs bts rep_good nopl xtopology nonstop_tsc aperfmperf eagerfpu pni pclmulqdq dtes64 monitor ds_cpl vmx est tm2 ssse3 cx16 xtpr pdcm pcid sse4_1 sse4_2 x2apic popcnt tsc_deadline_timer aes xsave avx lahf_lm ida arat epb xsaveopt pln pts dtherm tpr_shadow vnmi flexpriority ept vpid
bogomips	: 3192.64
clflush size	: 64
cache_alignment	: 64
address sizes	: 36 bits physical, 48 bits virtual
power management:

processor	: 3
vendor_id	: GenuineIntel
cpu family	: 6
model		: 42
model name	: Intel(R) Core(TM) i5-2467M CPU @ 1.60GHz
stepping	: 7
microcode	: 0x25
cpu MHz		: 1600.000
cache size	: 3072 KB
physical id	: 0
siblings	: 4
core id		: 1
cpu cores	: 2
apicid		: 3
initial apicid	: 3
fpu		: yes
fpu_exception	: yes
cpuid level	: 13
wp		: yes
flags		: fpu vme de pse tsc msr pae mce cx8 apic sep mtrr pge mca cmov pat pse36 clflush dts acpi mmx fxsr sse sse2 ss ht tm pbe syscall nx rdtscp lm constant_tsc arch_perfmon pebs bts rep_good nopl xtopology nonstop_tsc aperfmperf eagerfpu pni pclmulqdq dtes64 monitor ds_cpl vmx est tm2 ssse3 cx16 xtpr pdcm pcid sse4_1 sse4_2 x2apic popcnt tsc_deadline_timer aes xsave avx lahf_lm ida arat epb xsaveopt pln pts dtherm tpr_shadow vnmi flexpriority ept vpid
bogomips	: 3192.64
clflush size	: 64
cache_alignment	: 64
address sizes	: 36 bits physical, 48 bits virtual
power management:



Memory: 4k page, physical 3991576k(87776k free), swap 3905532k(0k free)

vm_info: Java HotSpot(TM) 64-Bit Server VM (25.40-b25) for linux-amd64 JRE (1.8.0_40-b25), built on Feb 10 2015 21:29:53 by "java_re" with gcc 4.3.0 20080428 (Red Hat 4.3.0-8)

time: Thu Mar 26 14:54:00 2015
elapsed time: 101 seconds (0d 0h 1m 41s)

